#
# There is insufficient memory for the Java Runtime Environment to continue.
# Native memory allocation (mmap) failed to map 47185920 bytes for Failed to commit area from 0x000000008de00000 to 0x0000000090b00000 of length 47185920.
# Possible reasons:
#   The system is out of physical RAM or swap space
#   The process is running with CompressedOops enabled, and the Java Heap may be blocking the growth of the native heap
# Possible solutions:
#   Reduce memory load on the system
#   Increase physical memory or swap space
#   Check if swap backing store is full
#   Decrease Java heap size (-Xmx/-Xms)
#   Decrease number of Java threads
#   Decrease Java thread stack sizes (-Xss)
#   Set larger code cache with -XX:ReservedCodeCacheSize=
#   JVM is running with Unscaled Compressed Oops mode in which the Java heap is
#     placed in the first 4GB address space. The Java Heap base address is the
#     maximum limit for the native heap growth. Please use -XX:HeapBaseMinAddress
#     to set the Java Heap base and to place the Java Heap above 4GB virtual address.
# This output file may be truncated or incomplete.
#
#  Out of Memory Error (./src/hotspot/os/windows/os_windows.cpp:3619), pid=14332, tid=21556
#
# JRE version: OpenJDK Runtime Environment (11.0.13) (build 11.0.13+0-b1751.21-8125866)
# Java VM: OpenJDK 64-Bit Server VM (11.0.13+0-b1751.21-8125866, mixed mode, tiered, compressed oops, g1 gc, windows-amd64)
# No core dump will be written. Minidumps are not enabled by default on client versions of Windows
#

---------------  S U M M A R Y ------------

Command Line: --add-opens=java.base/java.util=ALL-UNNAMED --add-opens=java.base/java.lang=ALL-UNNAMED --add-opens=java.base/java.lang.invoke=ALL-UNNAMED --add-opens=java.base/java.util=ALL-UNNAMED --add-opens=java.prefs/java.util.prefs=ALL-UNNAMED --add-opens=java.prefs/java.util.prefs=ALL-UNNAMED --add-opens=java.base/java.nio.charset=ALL-UNNAMED --add-opens=java.base/java.net=ALL-UNNAMED --add-opens=java.base/java.util.concurrent.atomic=ALL-UNNAMED -Xmx2048m -Dfile.encoding=UTF-8 -Duser.country=US -Duser.language=en -Duser.variant org.gradle.launcher.daemon.bootstrap.GradleDaemon 7.4

Host: Intel(R) Core(TM) i5-10300H CPU @ 2.50GHz, 8 cores, 7G,  Windows 10 , 64 bit Build 19041 (10.0.19041.2788)
Time: Wed Apr 19 17:28:26 2023 India Standard Time elapsed time: 10.434022 seconds (0d 0h 0m 10s)

---------------  T H R E A D  ---------------

Current thread (0x00000272e345d800):  VMThread "VM Thread" [stack: 0x0000008a07800000,0x0000008a07900000] [id=21556]

Stack: [0x0000008a07800000,0x0000008a07900000]
[error occurred during error reporting (printing stack bounds), id 0xc0000005, EXCEPTION_ACCESS_VIOLATION (0xc0000005) at pc=0x00000272cc31112d]

Native frames: (J=compiled Java code, j=interpreted, Vv=VM code, C=native code)
V  [jvm.dll+0x6100fa]
V  [jvm.dll+0x747090]
V  [jvm.dll+0x7486ad]
V  [jvm.dll+0x748ce5]
V  [jvm.dll+0x748c9b]
V  [jvm.dll+0x60f224]
V  [jvm.dll+0x60f9b8]
C  [ntdll.dll+0xa23df]
C  [ntdll.dll+0x514a4]
C  [ntdll.dll+0xa0f0e]
C  0x00000272cc31112d

VM_Operation (0x0000008a08bf73f0): G1CollectForAllocation, mode: safepoint, requested by thread 0x00000272e6009800


---------------  P R O C E S S  ---------------

Threads class SMR info:
_java_thread_list=0x00000272eadc11a0, length=127, elements={
0x00000272c6fda800, 0x00000272e345f800, 0x00000272e346a800, 0x00000272e3de4800,
0x00000272e3de5800, 0x00000272e3dea000, 0x00000272e3ded000, 0x00000272e3dee000,
0x00000272e3def800, 0x00000272e3f30000, 0x00000272e6004000, 0x00000272e6008000,
0x00000272e6005800, 0x00000272e6007000, 0x00000272e6008800, 0x00000272e6003000,
0x00000272e6009800, 0x00000272e6006800, 0x00000272e6004800, 0x00000272e5713800,
0x00000272e5714800, 0x00000272e5712800, 0x00000272e5717800, 0x00000272e6534800,
0x00000272e5715000, 0x00000272e5717000, 0x00000272e6531800, 0x00000272e5716000,
0x00000272e5712000, 0x00000272e5718800, 0x00000272e571b000, 0x00000272e571b800,
0x00000272e571c800, 0x00000272e571f000, 0x00000272e571d800, 0x00000272e571e000,
0x00000272e5719800, 0x00000272e5720000, 0x00000272e571a000, 0x00000272e5720800,
0x00000272ea861000, 0x00000272ea85d800, 0x00000272ea85e800, 0x00000272ea85c000,
0x00000272ea860000, 0x00000272ea862800, 0x00000272ea863800, 0x00000272ea865000,
0x00000272ea864000, 0x00000272ea85f000, 0x00000272ea866000, 0x00000272ea868000,
0x00000272ea869000, 0x00000272ea867800, 0x00000272ea86a000, 0x00000272ea866800,
0x00000272e906e000, 0x00000272e9071000, 0x00000272e906f800, 0x00000272e9070800,
0x00000272e9072000, 0x00000272e9074800, 0x00000272e9072800, 0x00000272e9073800,
0x00000272e906e800, 0x00000272e9076000, 0x00000272e9077000, 0x00000272e9078800,
0x00000272e907a000, 0x00000272e9077800, 0x00000272e9079800, 0x00000272e907b000,
0x00000272e9075000, 0x00000272e907b800, 0x00000272e907c800, 0x00000272e7017000,
0x00000272e7018000, 0x00000272e7019800, 0x00000272e7019000, 0x00000272e701a800,
0x00000272e701b800, 0x00000272e7015800, 0x00000272e7016800, 0x00000272e7021000,
0x00000272e701d800, 0x00000272e701d000, 0x00000272e701f800, 0x00000272e701e800,
0x00000272e7020000, 0x00000272e7022000, 0x00000272e701c000, 0x00000272e7022800,
0x00000272e7023800, 0x00000272e7024800, 0x00000272e8e69000, 0x00000272e8e6e000,
0x00000272e8e6d000, 0x00000272e8e6b800, 0x00000272e8e68000, 0x00000272e8e6e800,
0x00000272e8e6f800, 0x00000272e8e6c000, 0x00000272e8e69800, 0x00000272e8e70000,
0x00000272e8e6a800, 0x00000272e8e75000, 0x00000272e8e71000, 0x00000272e8e76000,
0x00000272e8e76800, 0x00000272e8e74800, 0x00000272e8e72000, 0x00000272e8e72800,
0x00000272e8e73800, 0x00000272eaa36800, 0x00000272eaa3a800, 0x00000272eaa37800,
0x00000272eaa3a000, 0x00000272eaa3b800, 0x00000272eaa38000, 0x00000272eaa39000,
0x00000272eaa36000, 0x00000272eaa3d000, 0x00000272eaa3f000, 0x00000272eaa3f800,
0x00000272eaa42000, 0x00000272eaa41000, 0x00000272ebd69000
}

Java Threads: ( => current thread )
  0x00000272c6fda800 JavaThread "main" [_thread_blocked, id=1020, stack(0x0000008a07200000,0x0000008a07300000)]
  0x00000272e345f800 JavaThread "Reference Handler" daemon [_thread_blocked, id=7564, stack(0x0000008a07900000,0x0000008a07a00000)]
  0x00000272e346a800 JavaThread "Finalizer" daemon [_thread_blocked, id=9104, stack(0x0000008a07a00000,0x0000008a07b00000)]
  0x00000272e3de4800 JavaThread "Signal Dispatcher" daemon [_thread_blocked, id=19156, stack(0x0000008a07b00000,0x0000008a07c00000)]
  0x00000272e3de5800 JavaThread "Attach Listener" daemon [_thread_blocked, id=764, stack(0x0000008a07c00000,0x0000008a07d00000)]
  0x00000272e3dea000 JavaThread "Service Thread" daemon [_thread_blocked, id=10848, stack(0x0000008a07d00000,0x0000008a07e00000)]
  0x00000272e3ded000 JavaThread "C2 CompilerThread0" daemon [_thread_in_native, id=12164, stack(0x0000008a07e00000,0x0000008a07f00000)]
  0x00000272e3dee000 JavaThread "C1 CompilerThread0" daemon [_thread_blocked, id=5940, stack(0x0000008a07f00000,0x0000008a08000000)]
  0x00000272e3def800 JavaThread "Sweeper thread" daemon [_thread_blocked, id=3516, stack(0x0000008a08000000,0x0000008a08100000)]
  0x00000272e3f30000 JavaThread "Common-Cleaner" daemon [_thread_blocked, id=11736, stack(0x0000008a08100000,0x0000008a08200000)]
  0x00000272e6004000 JavaThread "Daemon health stats" [_thread_blocked, id=9712, stack(0x0000008a08700000,0x0000008a08800000)]
  0x00000272e6008000 JavaThread "Incoming local TCP Connector on port 55476" [_thread_in_native, id=21776, stack(0x0000008a08300000,0x0000008a08400000)]
  0x00000272e6005800 JavaThread "Daemon periodic checks" [_thread_blocked, id=16888, stack(0x0000008a08400000,0x0000008a08500000)]
  0x00000272e6007000 JavaThread "Daemon" [_thread_blocked, id=5516, stack(0x0000008a08800000,0x0000008a08900000)]
  0x00000272e6008800 JavaThread "Handler for socket connection from /127.0.0.1:55476 to /127.0.0.1:55477" [_thread_in_native, id=15648, stack(0x0000008a08900000,0x0000008a08a00000)]
  0x00000272e6003000 JavaThread "Cancel handler" [_thread_blocked, id=17984, stack(0x0000008a08a00000,0x0000008a08b00000)]
  0x00000272e6009800 JavaThread "Daemon worker" [_thread_blocked, id=20428, stack(0x0000008a08b00000,0x0000008a08c00000)]
  0x00000272e6006800 JavaThread "Asynchronous log dispatcher for DefaultDaemonConnection: socket connection from /127.0.0.1:55476 to /127.0.0.1:55477" [_thread_blocked, id=7128, stack(0x0000008a08c00000,0x0000008a08d00000)]
  0x00000272e6004800 JavaThread "Stdin handler" [_thread_blocked, id=1732, stack(0x0000008a08d00000,0x0000008a08e00000)]
  0x00000272e5713800 JavaThread "Daemon client event forwarder" [_thread_blocked, id=22212, stack(0x0000008a08e00000,0x0000008a08f00000)]
  0x00000272e5714800 JavaThread "Cache worker for journal cache (C:\Users\PARTH\.gradle\caches\journal-1)" [_thread_blocked, id=18424, stack(0x0000008a09400000,0x0000008a09500000)]
  0x00000272e5712800 JavaThread "File lock request listener" [_thread_in_native, id=14884, stack(0x0000008a09500000,0x0000008a09600000)]
  0x00000272e5717800 JavaThread "Cache worker for file hash cache (C:\Users\PARTH\.gradle\caches\7.4\fileHashes)" [_thread_blocked, id=18068, stack(0x0000008a09700000,0x0000008a09800000)]
  0x00000272e6534800 JavaThread "C2 CompilerThread1" daemon [_thread_in_native, id=21412, stack(0x0000008a09800000,0x0000008a09900000)]
  0x00000272e5715000 JavaThread "File watcher server" daemon [_thread_in_native, id=6964, stack(0x0000008a09900000,0x0000008a09a00000)]
  0x00000272e5717000 JavaThread "File watcher consumer" daemon [_thread_blocked, id=1904, stack(0x0000008a09a00000,0x0000008a09b00000)]
  0x00000272e6531800 JavaThread "C2 CompilerThread2" daemon [_thread_blocked, id=4948, stack(0x0000008a09b00000,0x0000008a09c00000)]
  0x00000272e5716000 JavaThread "jar transforms" [_thread_blocked, id=20244, stack(0x0000008a09c00000,0x0000008a09d00000)]
  0x00000272e5712000 JavaThread "jar transforms Thread 2" [_thread_blocked, id=3160, stack(0x0000008a09d00000,0x0000008a09e00000)]
  0x00000272e5718800 JavaThread "jar transforms Thread 3" [_thread_blocked, id=7780, stack(0x0000008a09e00000,0x0000008a09f00000)]
  0x00000272e571b000 JavaThread "jar transforms Thread 4" [_thread_blocked, id=624, stack(0x0000008a09f00000,0x0000008a0a000000)]
  0x00000272e571b800 JavaThread "jar transforms Thread 5" [_thread_blocked, id=12188, stack(0x0000008a0a000000,0x0000008a0a100000)]
  0x00000272e571c800 JavaThread "jar transforms Thread 6" [_thread_blocked, id=8516, stack(0x0000008a0a100000,0x0000008a0a200000)]
  0x00000272e571f000 JavaThread "jar transforms Thread 7" [_thread_blocked, id=9548, stack(0x0000008a0a200000,0x0000008a0a300000)]
  0x00000272e571d800 JavaThread "jar transforms Thread 8" [_thread_blocked, id=17776, stack(0x0000008a0a300000,0x0000008a0a400000)]
  0x00000272e571e000 JavaThread "Cache worker for checksums cache (C:\Users\PARTH\AndroidStudioProjects\completeaddress\.gradle\7.4\checksums)" [_thread_blocked, id=13992, stack(0x0000008a0a400000,0x0000008a0a500000)]
  0x00000272e5719800 JavaThread "Cache worker for cache directory md-rule (C:\Users\PARTH\.gradle\caches\7.4\md-rule)" [_thread_blocked, id=7308, stack(0x0000008a0a500000,0x0000008a0a600000)]
  0x00000272e5720000 JavaThread "Cache worker for file hash cache (C:\Users\PARTH\AndroidStudioProjects\completeaddress\.gradle\7.4\fileHashes)" [_thread_blocked, id=12992, stack(0x0000008a0a600000,0x0000008a0a700000)]
  0x00000272e571a000 JavaThread "Cache worker for cache directory md-supplier (C:\Users\PARTH\.gradle\caches\7.4\md-supplier)" [_thread_blocked, id=84, stack(0x0000008a0a700000,0x0000008a0a800000)]
  0x00000272e5720800 JavaThread "Cache worker for execution history cache (C:\Users\PARTH\.gradle\caches\7.4\executionHistory)" [_thread_blocked, id=2800, stack(0x0000008a0a800000,0x0000008a0a900000)]
  0x00000272ea861000 JavaThread "Cache worker for file content cache (C:\Users\PARTH\.gradle\caches\7.4\fileContent)" [_thread_blocked, id=408, stack(0x0000008a0a900000,0x0000008a0aa00000)]
  0x00000272ea85d800 JavaThread "Cache worker for dependencies-accessors (C:\Users\PARTH\AndroidStudioProjects\completeaddress\.gradle\7.4\dependencies-accessors)" [_thread_blocked, id=16372, stack(0x0000008a0aa00000,0x0000008a0ab00000)]
  0x00000272ea85e800 JavaThread "Cache worker for Build Output Cleanup Cache (C:\Users\PARTH\AndroidStudioProjects\completeaddress\.gradle\buildOutputCleanup)" [_thread_blocked, id=17992, stack(0x0000008a0ab00000,0x0000008a0ac00000)]
  0x00000272ea85c000 JavaThread "Unconstrained build operations" [_thread_blocked, id=2124, stack(0x0000008a0ac00000,0x0000008a0ad00000)]
  0x00000272ea860000 JavaThread "Unconstrained build operations Thread 2" [_thread_blocked, id=16044, stack(0x0000008a0ad00000,0x0000008a0ae00000)]
  0x00000272ea862800 JavaThread "Unconstrained build operations Thread 3" [_thread_blocked, id=21704, stack(0x0000008a0ae00000,0x0000008a0af00000)]
  0x00000272ea863800 JavaThread "Unconstrained build operations Thread 4" [_thread_blocked, id=18804, stack(0x0000008a0af00000,0x0000008a0b000000)]
  0x00000272ea865000 JavaThread "Unconstrained build operations Thread 5" [_thread_blocked, id=14108, stack(0x0000008a0b000000,0x0000008a0b100000)]
  0x00000272ea864000 JavaThread "Unconstrained build operations Thread 6" [_thread_blocked, id=18316, stack(0x0000008a0b100000,0x0000008a0b200000)]
  0x00000272ea85f000 JavaThread "Unconstrained build operations Thread 7" [_thread_blocked, id=2920, stack(0x0000008a0b200000,0x0000008a0b300000)]
  0x00000272ea866000 JavaThread "Unconstrained build operations Thread 8" [_thread_blocked, id=17356, stack(0x0000008a0b300000,0x0000008a0b400000)]
  0x00000272ea868000 JavaThread "Unconstrained build operations Thread 9" [_thread_blocked, id=12368, stack(0x0000008a0b400000,0x0000008a0b500000)]
  0x00000272ea869000 JavaThread "Unconstrained build operations Thread 10" [_thread_blocked, id=20788, stack(0x0000008a0b500000,0x0000008a0b600000)]
  0x00000272ea867800 JavaThread "Unconstrained build operations Thread 11" [_thread_blocked, id=11576, stack(0x0000008a0b600000,0x0000008a0b700000)]
  0x00000272ea86a000 JavaThread "Unconstrained build operations Thread 12" [_thread_blocked, id=4332, stack(0x0000008a0b700000,0x0000008a0b800000)]
  0x00000272ea866800 JavaThread "Unconstrained build operations Thread 13" [_thread_blocked, id=20660, stack(0x0000008a0b800000,0x0000008a0b900000)]
  0x00000272e906e000 JavaThread "Unconstrained build operations Thread 14" [_thread_blocked, id=18464, stack(0x0000008a0b900000,0x0000008a0ba00000)]
  0x00000272e9071000 JavaThread "Unconstrained build operations Thread 15" [_thread_blocked, id=13192, stack(0x0000008a0ba00000,0x0000008a0bb00000)]
  0x00000272e906f800 JavaThread "Unconstrained build operations Thread 16" [_thread_blocked, id=22680, stack(0x0000008a0bb00000,0x0000008a0bc00000)]
  0x00000272e9070800 JavaThread "Unconstrained build operations Thread 17" [_thread_blocked, id=2532, stack(0x0000008a0bc00000,0x0000008a0bd00000)]
  0x00000272e9072000 JavaThread "Unconstrained build operations Thread 18" [_thread_blocked, id=17816, stack(0x0000008a0bd00000,0x0000008a0be00000)]
  0x00000272e9074800 JavaThread "Unconstrained build operations Thread 19" [_thread_blocked, id=4836, stack(0x0000008a0be00000,0x0000008a0bf00000)]
  0x00000272e9072800 JavaThread "Unconstrained build operations Thread 20" [_thread_blocked, id=11944, stack(0x0000008a0bf00000,0x0000008a0c000000)]
  0x00000272e9073800 JavaThread "Unconstrained build operations Thread 21" [_thread_blocked, id=19484, stack(0x0000008a0c000000,0x0000008a0c100000)]
  0x00000272e906e800 JavaThread "Unconstrained build operations Thread 22" [_thread_blocked, id=19072, stack(0x0000008a0c100000,0x0000008a0c200000)]
  0x00000272e9076000 JavaThread "Unconstrained build operations Thread 23" [_thread_blocked, id=17332, stack(0x0000008a0c200000,0x0000008a0c300000)]
  0x00000272e9077000 JavaThread "Unconstrained build operations Thread 24" [_thread_blocked, id=3868, stack(0x0000008a0c300000,0x0000008a0c400000)]
  0x00000272e9078800 JavaThread "Unconstrained build operations Thread 25" [_thread_blocked, id=8760, stack(0x0000008a0c400000,0x0000008a0c500000)]
  0x00000272e907a000 JavaThread "Unconstrained build operations Thread 26" [_thread_blocked, id=12156, stack(0x0000008a0c500000,0x0000008a0c600000)]
  0x00000272e9077800 JavaThread "Unconstrained build operations Thread 27" [_thread_blocked, id=20888, stack(0x0000008a0c600000,0x0000008a0c700000)]
  0x00000272e9079800 JavaThread "Unconstrained build operations Thread 28" [_thread_blocked, id=17052, stack(0x0000008a0c700000,0x0000008a0c800000)]
  0x00000272e907b000 JavaThread "Unconstrained build operations Thread 29" [_thread_blocked, id=12020, stack(0x0000008a0c800000,0x0000008a0c900000)]
  0x00000272e9075000 JavaThread "Unconstrained build operations Thread 30" [_thread_blocked, id=5884, stack(0x0000008a0c900000,0x0000008a0ca00000)]
  0x00000272e907b800 JavaThread "Unconstrained build operations Thread 31" [_thread_blocked, id=18820, stack(0x0000008a0ca00000,0x0000008a0cb00000)]
  0x00000272e907c800 JavaThread "Unconstrained build operations Thread 32" [_thread_blocked, id=11928, stack(0x0000008a0cb00000,0x0000008a0cc00000)]
  0x00000272e7017000 JavaThread "Unconstrained build operations Thread 33" [_thread_blocked, id=9188, stack(0x0000008a0cc00000,0x0000008a0cd00000)]
  0x00000272e7018000 JavaThread "Unconstrained build operations Thread 34" [_thread_blocked, id=12228, stack(0x0000008a0cd00000,0x0000008a0ce00000)]
  0x00000272e7019800 JavaThread "Unconstrained build operations Thread 35" [_thread_blocked, id=18584, stack(0x0000008a0ce00000,0x0000008a0cf00000)]
  0x00000272e7019000 JavaThread "Unconstrained build operations Thread 36" [_thread_blocked, id=5080, stack(0x0000008a0cf00000,0x0000008a0d000000)]
  0x00000272e701a800 JavaThread "Unconstrained build operations Thread 37" [_thread_blocked, id=23216, stack(0x0000008a0d000000,0x0000008a0d100000)]
  0x00000272e701b800 JavaThread "Unconstrained build operations Thread 38" [_thread_blocked, id=9240, stack(0x0000008a0d100000,0x0000008a0d200000)]
  0x00000272e7015800 JavaThread "Unconstrained build operations Thread 39" [_thread_blocked, id=18204, stack(0x0000008a0d200000,0x0000008a0d300000)]
  0x00000272e7016800 JavaThread "Unconstrained build operations Thread 40" [_thread_blocked, id=8668, stack(0x0000008a0d300000,0x0000008a0d400000)]
  0x00000272e7021000 JavaThread "Unconstrained build operations Thread 41" [_thread_blocked, id=6544, stack(0x0000008a0d400000,0x0000008a0d500000)]
  0x00000272e701d800 JavaThread "Unconstrained build operations Thread 42" [_thread_blocked, id=21844, stack(0x0000008a0d500000,0x0000008a0d600000)]
  0x00000272e701d000 JavaThread "Unconstrained build operations Thread 43" [_thread_blocked, id=13856, stack(0x0000008a0d600000,0x0000008a0d700000)]
  0x00000272e701f800 JavaThread "Unconstrained build operations Thread 44" [_thread_blocked, id=22304, stack(0x0000008a0d700000,0x0000008a0d800000)]
  0x00000272e701e800 JavaThread "Unconstrained build operations Thread 45" [_thread_blocked, id=21824, stack(0x0000008a0d800000,0x0000008a0d900000)]
  0x00000272e7020000 JavaThread "Unconstrained build operations Thread 46" [_thread_blocked, id=11796, stack(0x0000008a0d900000,0x0000008a0da00000)]
  0x00000272e7022000 JavaThread "Unconstrained build operations Thread 47" [_thread_blocked, id=4808, stack(0x0000008a0da00000,0x0000008a0db00000)]
  0x00000272e701c000 JavaThread "Unconstrained build operations Thread 48" [_thread_blocked, id=16724, stack(0x0000008a0db00000,0x0000008a0dc00000)]
  0x00000272e7022800 JavaThread "Unconstrained build operations Thread 49" [_thread_blocked, id=7704, stack(0x0000008a0dc00000,0x0000008a0dd00000)]
  0x00000272e7023800 JavaThread "Unconstrained build operations Thread 50" [_thread_blocked, id=5016, stack(0x0000008a0dd00000,0x0000008a0de00000)]
  0x00000272e7024800 JavaThread "Unconstrained build operations Thread 51" [_thread_blocked, id=11980, stack(0x0000008a0de00000,0x0000008a0df00000)]
  0x00000272e8e69000 JavaThread "Unconstrained build operations Thread 52" [_thread_blocked, id=11740, stack(0x0000008a0df00000,0x0000008a0e000000)]
  0x00000272e8e6e000 JavaThread "Unconstrained build operations Thread 53" [_thread_blocked, id=9072, stack(0x0000008a0e000000,0x0000008a0e100000)]
  0x00000272e8e6d000 JavaThread "Unconstrained build operations Thread 54" [_thread_blocked, id=21068, stack(0x0000008a0e100000,0x0000008a0e200000)]
  0x00000272e8e6b800 JavaThread "Unconstrained build operations Thread 55" [_thread_blocked, id=22692, stack(0x0000008a0e200000,0x0000008a0e300000)]
  0x00000272e8e68000 JavaThread "Unconstrained build operations Thread 56" [_thread_blocked, id=5736, stack(0x0000008a0e300000,0x0000008a0e400000)]
  0x00000272e8e6e800 JavaThread "Unconstrained build operations Thread 57" [_thread_blocked, id=13472, stack(0x0000008a0e400000,0x0000008a0e500000)]
  0x00000272e8e6f800 JavaThread "Unconstrained build operations Thread 58" [_thread_blocked, id=13848, stack(0x0000008a0e500000,0x0000008a0e600000)]
  0x00000272e8e6c000 JavaThread "Unconstrained build operations Thread 59" [_thread_blocked, id=12008, stack(0x0000008a0e600000,0x0000008a0e700000)]
  0x00000272e8e69800 JavaThread "Unconstrained build operations Thread 60" [_thread_blocked, id=14140, stack(0x0000008a0e700000,0x0000008a0e800000)]
  0x00000272e8e70000 JavaThread "Unconstrained build operations Thread 61" [_thread_blocked, id=21264, stack(0x0000008a0e800000,0x0000008a0e900000)]
  0x00000272e8e6a800 JavaThread "Unconstrained build operations Thread 62" [_thread_blocked, id=7276, stack(0x0000008a0e900000,0x0000008a0ea00000)]
  0x00000272e8e75000 JavaThread "Unconstrained build operations Thread 63" [_thread_blocked, id=13772, stack(0x0000008a0ea00000,0x0000008a0eb00000)]
  0x00000272e8e71000 JavaThread "Unconstrained build operations Thread 64" [_thread_blocked, id=16504, stack(0x0000008a0eb00000,0x0000008a0ec00000)]
  0x00000272e8e76000 JavaThread "Unconstrained build operations Thread 65" [_thread_blocked, id=19420, stack(0x0000008a0ec00000,0x0000008a0ed00000)]
  0x00000272e8e76800 JavaThread "Unconstrained build operations Thread 66" [_thread_blocked, id=22644, stack(0x0000008a0ed00000,0x0000008a0ee00000)]
  0x00000272e8e74800 JavaThread "Unconstrained build operations Thread 67" [_thread_blocked, id=9036, stack(0x0000008a0ee00000,0x0000008a0ef00000)]
  0x00000272e8e72000 JavaThread "Unconstrained build operations Thread 68" [_thread_blocked, id=12568, stack(0x0000008a0ef00000,0x0000008a0f000000)]
  0x00000272e8e72800 JavaThread "Unconstrained build operations Thread 69" [_thread_blocked, id=8868, stack(0x0000008a0f000000,0x0000008a0f100000)]
  0x00000272e8e73800 JavaThread "Unconstrained build operations Thread 70" [_thread_blocked, id=7680, stack(0x0000008a0f100000,0x0000008a0f200000)]
  0x00000272eaa36800 JavaThread "Unconstrained build operations Thread 71" [_thread_blocked, id=4232, stack(0x0000008a0f200000,0x0000008a0f300000)]
  0x00000272eaa3a800 JavaThread "Unconstrained build operations Thread 72" [_thread_blocked, id=18952, stack(0x0000008a0f300000,0x0000008a0f400000)]
  0x00000272eaa37800 JavaThread "Unconstrained build operations Thread 73" [_thread_blocked, id=20232, stack(0x0000008a0f400000,0x0000008a0f500000)]
  0x00000272eaa3a000 JavaThread "Unconstrained build operations Thread 74" [_thread_blocked, id=10284, stack(0x0000008a0f500000,0x0000008a0f600000)]
  0x00000272eaa3b800 JavaThread "Unconstrained build operations Thread 75" [_thread_blocked, id=14840, stack(0x0000008a0f600000,0x0000008a0f700000)]
  0x00000272eaa38000 JavaThread "Unconstrained build operations Thread 76" [_thread_blocked, id=15096, stack(0x0000008a0f700000,0x0000008a0f800000)]
  0x00000272eaa39000 JavaThread "Unconstrained build operations Thread 77" [_thread_blocked, id=7152, stack(0x0000008a0f800000,0x0000008a0f900000)]
  0x00000272eaa36000 JavaThread "Unconstrained build operations Thread 78" [_thread_blocked, id=16264, stack(0x0000008a0f900000,0x0000008a0fa00000)]
  0x00000272eaa3d000 JavaThread "Unconstrained build operations Thread 79" [_thread_blocked, id=14752, stack(0x0000008a0fa00000,0x0000008a0fb00000)]
  0x00000272eaa3f000 JavaThread "Unconstrained build operations Thread 80" [_thread_blocked, id=5308, stack(0x0000008a0fb00000,0x0000008a0fc00000)]
  0x00000272eaa3f800 JavaThread "Memory manager" [_thread_blocked, id=15856, stack(0x0000008a0fc00000,0x0000008a0fd00000)]
  0x00000272eaa42000 JavaThread "pool-3-thread-1" [_thread_blocked, id=1384, stack(0x0000008a0fd00000,0x0000008a0fe00000)]
  0x00000272eaa41000 JavaThread "included builds" [_thread_blocked, id=2908, stack(0x0000008a0fe00000,0x0000008a0ff00000)]
  0x00000272ebd69000 JavaThread "Cache worker for execution history cache (C:\Users\PARTH\AndroidStudioProjects\completeaddress\.gradle\7.4\executionHistory)" [_thread_blocked, id=12696, stack(0x0000008a10600000,0x0000008a10700000)]

Other Threads:
=>0x00000272e345d800 VMThread "VM Thread" [stack: 0x0000008a07800000,0x0000008a07900000] [id=21556]
  0x00000272e3f66800 WatcherThread [stack: 0x0000008a08200000,0x0000008a08300000] [id=14844]
  0x00000272c6ff5000 GCTaskThread "GC Thread#0" [stack: 0x0000008a07300000,0x0000008a07400000] [id=5792]
  0x00000272e4bfd000 GCTaskThread "GC Thread#1" [stack: 0x0000008a08500000,0x0000008a08600000] [id=9816]
  0x00000272e4b7a000 GCTaskThread "GC Thread#2" [stack: 0x0000008a08600000,0x0000008a08700000] [id=3212]
  0x00000272e70c4800 GCTaskThread "GC Thread#3" [stack: 0x0000008a08f00000,0x0000008a09000000] [id=17980]
  0x00000272e5cc0800 GCTaskThread "GC Thread#4" [stack: 0x0000008a09000000,0x0000008a09100000] [id=6324]
  0x00000272e69c7000 GCTaskThread "GC Thread#5" [stack: 0x0000008a09100000,0x0000008a09200000] [id=13044]
  0x00000272e6382800 GCTaskThread "GC Thread#6" [stack: 0x0000008a09200000,0x0000008a09300000] [id=18020]
  0x00000272e5c9a000 GCTaskThread "GC Thread#7" [stack: 0x0000008a09300000,0x0000008a09400000] [id=16284]
  0x00000272c7026000 ConcurrentGCThread "G1 Main Marker" [stack: 0x0000008a07400000,0x0000008a07500000] [id=424]
  0x00000272c7027000 ConcurrentGCThread "G1 Conc#0" [stack: 0x0000008a07500000,0x0000008a07600000] [id=17668]
  0x00000272e5db0800 ConcurrentGCThread "G1 Conc#1" [stack: 0x0000008a09600000,0x0000008a09700000] [id=12808]
  0x00000272e32b0800 ConcurrentGCThread "G1 Refine#0" [stack: 0x0000008a07600000,0x0000008a07700000] [id=2380]
  0x00000272e32b1800 ConcurrentGCThread "G1 Young RemSet Sampling" [stack: 0x0000008a07700000,0x0000008a07800000] [id=2964]

Threads with active compile tasks:
C2 CompilerThread0  10449 8807       4       java.net.URLClassLoader$1::run (5 bytes)
C2 CompilerThread1  10449 8763       4       org.gradle.internal.instantiation.generator.AbstractClassGenerator::inspectType (560 bytes)
C2 CompilerThread2  10449 8961       4       java.util.regex.Pattern$NotBehind::match (137 bytes)

VM state:at safepoint (normal execution)

VM Mutex/Monitor currently owned by a thread:  ([mutex/lock_event])
[0x00000272c6fd6820] Threads_lock - owner thread: 0x00000272e345d800
[0x00000272c6fd7d80] Heap_lock - owner thread: 0x00000272e6009800

Heap address: 0x0000000080000000, size: 2048 MB, Compressed Oops mode: 32-bit
Narrow klass base: 0x0000000000000000, Narrow klass shift: 3
Compressed class space size: 1073741824 Address: 0x0000000100000000

Heap:
 garbage-first heap   total 273408K, used 146972K [0x0000000080000000, 0x0000000100000000)
  region size 1024K, 3 young (3072K), 3 survivors (3072K)
 Metaspace       used 96455K, capacity 98669K, committed 98688K, reserved 1134592K
  class space    used 12352K, capacity 13175K, committed 13184K, reserved 1048576K
Heap Regions: E=young(eden), S=young(survivor), O=old, HS=humongous(starts), HC=humongous(continues), CS=collection set, F=free, A=archive, TAMS=top-at-mark-start (previous, next)
|   0|0x0000000080000000, 0x0000000080100000, 0x0000000080100000|100%| O|  |TAMS 0x0000000080100000, 0x0000000080000000| Untracked 
|   1|0x0000000080100000, 0x0000000080200000, 0x0000000080200000|100%| O|  |TAMS 0x0000000080200000, 0x0000000080100000| Untracked 
|   2|0x0000000080200000, 0x0000000080300000, 0x0000000080300000|100%| O|  |TAMS 0x0000000080300000, 0x0000000080200000| Untracked 
|   3|0x0000000080300000, 0x0000000080400000, 0x0000000080400000|100%|HS|  |TAMS 0x0000000080400000, 0x0000000080300000| Complete 
|   4|0x0000000080400000, 0x0000000080500000, 0x0000000080500000|100%|HC|  |TAMS 0x0000000080500000, 0x0000000080400000| Complete 
|   5|0x0000000080500000, 0x0000000080600000, 0x0000000080600000|100%|HC|  |TAMS 0x0000000080600000, 0x0000000080500000| Complete 
|   6|0x0000000080600000, 0x0000000080700000, 0x0000000080700000|100%| O|  |TAMS 0x0000000080700000, 0x0000000080600000| Untracked 
|   7|0x0000000080700000, 0x0000000080800000, 0x0000000080800000|100%| O|  |TAMS 0x0000000080800000, 0x0000000080700000| Untracked 
|   8|0x0000000080800000, 0x0000000080900000, 0x0000000080900000|100%| O|  |TAMS 0x0000000080900000, 0x0000000080800000| Untracked 
|   9|0x0000000080900000, 0x0000000080a00000, 0x0000000080a00000|100%| O|  |TAMS 0x0000000080a00000, 0x0000000080900000| Untracked 
|  10|0x0000000080a00000, 0x0000000080b00000, 0x0000000080b00000|100%| O|  |TAMS 0x0000000080b00000, 0x0000000080a00000| Untracked 
|  11|0x0000000080b00000, 0x0000000080c00000, 0x0000000080c00000|100%| O|  |TAMS 0x0000000080c00000, 0x0000000080b00000| Untracked 
|  12|0x0000000080c00000, 0x0000000080d00000, 0x0000000080d00000|100%| O|  |TAMS 0x0000000080d00000, 0x0000000080c00000| Untracked 
|  13|0x0000000080d00000, 0x0000000080e00000, 0x0000000080e00000|100%| O|  |TAMS 0x0000000080e00000, 0x0000000080d00000| Untracked 
|  14|0x0000000080e00000, 0x0000000080f00000, 0x0000000080f00000|100%| O|  |TAMS 0x0000000080f00000, 0x0000000080e00000| Untracked 
|  15|0x0000000080f00000, 0x0000000081000000, 0x0000000081000000|100%| O|  |TAMS 0x0000000081000000, 0x0000000080f00000| Untracked 
|  16|0x0000000081000000, 0x0000000081100000, 0x0000000081100000|100%|HS|  |TAMS 0x0000000081100000, 0x0000000081000000| Complete 
|  17|0x0000000081100000, 0x0000000081200000, 0x0000000081200000|100%|HC|  |TAMS 0x0000000081200000, 0x0000000081100000| Complete 
|  18|0x0000000081200000, 0x0000000081300000, 0x0000000081300000|100%|HS|  |TAMS 0x0000000081300000, 0x0000000081200000| Complete 
|  19|0x0000000081300000, 0x0000000081400000, 0x0000000081400000|100%|HC|  |TAMS 0x0000000081400000, 0x0000000081300000| Complete 
|  20|0x0000000081400000, 0x0000000081500000, 0x0000000081500000|100%|HC|  |TAMS 0x0000000081500000, 0x0000000081400000| Complete 
|  21|0x0000000081500000, 0x0000000081600000, 0x0000000081600000|100%|HS|  |TAMS 0x0000000081600000, 0x0000000081500000| Complete 
|  22|0x0000000081600000, 0x0000000081700000, 0x0000000081700000|100%|HC|  |TAMS 0x0000000081700000, 0x0000000081600000| Complete 
|  23|0x0000000081700000, 0x0000000081800000, 0x0000000081800000|100%|HC|  |TAMS 0x0000000081800000, 0x0000000081700000| Complete 
|  24|0x0000000081800000, 0x0000000081900000, 0x0000000081900000|100%|HS|  |TAMS 0x0000000081900000, 0x0000000081800000| Complete 
|  25|0x0000000081900000, 0x0000000081a00000, 0x0000000081a00000|100%|HC|  |TAMS 0x0000000081a00000, 0x0000000081900000| Complete 
|  26|0x0000000081a00000, 0x0000000081b00000, 0x0000000081b00000|100%|HC|  |TAMS 0x0000000081b00000, 0x0000000081a00000| Complete 
|  27|0x0000000081b00000, 0x0000000081c00000, 0x0000000081c00000|100%|HC|  |TAMS 0x0000000081c00000, 0x0000000081b00000| Complete 
|  28|0x0000000081c00000, 0x0000000081d00000, 0x0000000081d00000|100%|HC|  |TAMS 0x0000000081d00000, 0x0000000081c00000| Complete 
|  29|0x0000000081d00000, 0x0000000081e00000, 0x0000000081e00000|100%| O|  |TAMS 0x0000000081e00000, 0x0000000081d00000| Untracked 
|  30|0x0000000081e00000, 0x0000000081f00000, 0x0000000081f00000|100%| O|  |TAMS 0x0000000081f00000, 0x0000000081e00000| Untracked 
|  31|0x0000000081f00000, 0x0000000082000000, 0x0000000082000000|100%| O|  |TAMS 0x0000000082000000, 0x0000000081f00000| Untracked 
|  32|0x0000000082000000, 0x0000000082100000, 0x0000000082100000|100%| O|  |TAMS 0x0000000082100000, 0x0000000082000000| Untracked 
|  33|0x0000000082100000, 0x0000000082200000, 0x0000000082200000|100%| O|  |TAMS 0x0000000082200000, 0x0000000082100000| Untracked 
|  34|0x0000000082200000, 0x0000000082300000, 0x0000000082300000|100%| O|  |TAMS 0x0000000082300000, 0x0000000082200000| Untracked 
|  35|0x0000000082300000, 0x0000000082400000, 0x0000000082400000|100%| O|  |TAMS 0x0000000082400000, 0x0000000082300000| Untracked 
|  36|0x0000000082400000, 0x0000000082500000, 0x0000000082500000|100%|HS|  |TAMS 0x0000000082500000, 0x0000000082400000| Complete 
|  37|0x0000000082500000, 0x0000000082600000, 0x0000000082600000|100%|HC|  |TAMS 0x0000000082600000, 0x0000000082500000| Complete 
|  38|0x0000000082600000, 0x0000000082700000, 0x0000000082700000|100%|HC|  |TAMS 0x0000000082700000, 0x0000000082600000| Complete 
|  39|0x0000000082700000, 0x0000000082800000, 0x0000000082800000|100%|HC|  |TAMS 0x0000000082800000, 0x0000000082700000| Complete 
|  40|0x0000000082800000, 0x0000000082900000, 0x0000000082900000|100%|HS|  |TAMS 0x0000000082900000, 0x0000000082800000| Complete 
|  41|0x0000000082900000, 0x0000000082a00000, 0x0000000082a00000|100%|HC|  |TAMS 0x0000000082a00000, 0x0000000082900000| Complete 
|  42|0x0000000082a00000, 0x0000000082b00000, 0x0000000082b00000|100%|HC|  |TAMS 0x0000000082b00000, 0x0000000082a00000| Complete 
|  43|0x0000000082b00000, 0x0000000082c00000, 0x0000000082c00000|100%|HS|  |TAMS 0x0000000082c00000, 0x0000000082b00000| Complete 
|  44|0x0000000082c00000, 0x0000000082d00000, 0x0000000082d00000|100%|HC|  |TAMS 0x0000000082d00000, 0x0000000082c00000| Complete 
|  45|0x0000000082d00000, 0x0000000082e00000, 0x0000000082e00000|100%|HS|  |TAMS 0x0000000082e00000, 0x0000000082d00000| Complete 
|  46|0x0000000082e00000, 0x0000000082f00000, 0x0000000082f00000|100%|HC|  |TAMS 0x0000000082f00000, 0x0000000082e00000| Complete 
|  47|0x0000000082f00000, 0x0000000083000000, 0x0000000083000000|100%|HC|  |TAMS 0x0000000083000000, 0x0000000082f00000| Complete 
|  48|0x0000000083000000, 0x0000000083100000, 0x0000000083100000|100%| O|  |TAMS 0x0000000083100000, 0x0000000083000000| Untracked 
|  49|0x0000000083100000, 0x0000000083200000, 0x0000000083200000|100%| O|  |TAMS 0x0000000083200000, 0x0000000083100000| Untracked 
|  50|0x0000000083200000, 0x0000000083300000, 0x0000000083300000|100%| O|  |TAMS 0x0000000083300000, 0x0000000083200000| Untracked 
|  51|0x0000000083300000, 0x0000000083400000, 0x0000000083400000|100%| O|  |TAMS 0x0000000083400000, 0x0000000083300000| Untracked 
|  52|0x0000000083400000, 0x0000000083500000, 0x0000000083500000|100%| O|  |TAMS 0x0000000083500000, 0x0000000083400000| Untracked 
|  53|0x0000000083500000, 0x0000000083600000, 0x0000000083600000|100%| O|  |TAMS 0x0000000083600000, 0x0000000083500000| Untracked 
|  54|0x0000000083600000, 0x0000000083700000, 0x0000000083700000|100%| O|  |TAMS 0x0000000083700000, 0x0000000083600000| Untracked 
|  55|0x0000000083700000, 0x0000000083800000, 0x0000000083800000|100%|HS|  |TAMS 0x0000000083800000, 0x0000000083700000| Complete 
|  56|0x0000000083800000, 0x0000000083900000, 0x0000000083900000|100%|HC|  |TAMS 0x0000000083900000, 0x0000000083800000| Complete 
|  57|0x0000000083900000, 0x0000000083a00000, 0x0000000083a00000|100%|HC|  |TAMS 0x0000000083a00000, 0x0000000083900000| Complete 
|  58|0x0000000083a00000, 0x0000000083b00000, 0x0000000083b00000|100%|HC|  |TAMS 0x0000000083b00000, 0x0000000083a00000| Complete 
|  59|0x0000000083b00000, 0x0000000083c00000, 0x0000000083c00000|100%|HC|  |TAMS 0x0000000083c00000, 0x0000000083b00000| Complete 
|  60|0x0000000083c00000, 0x0000000083d00000, 0x0000000083d00000|100%| O|  |TAMS 0x0000000083d00000, 0x0000000083c00000| Untracked 
|  61|0x0000000083d00000, 0x0000000083e00000, 0x0000000083e00000|100%| O|  |TAMS 0x0000000083e00000, 0x0000000083d00000| Untracked 
|  62|0x0000000083e00000, 0x0000000083f00000, 0x0000000083f00000|100%| O|  |TAMS 0x0000000083f00000, 0x0000000083e00000| Untracked 
|  63|0x0000000083f00000, 0x0000000084000000, 0x0000000084000000|100%| O|  |TAMS 0x0000000084000000, 0x0000000083f00000| Untracked 
|  64|0x0000000084000000, 0x0000000084100000, 0x0000000084100000|100%| O|  |TAMS 0x0000000084100000, 0x0000000084000000| Untracked 
|  65|0x0000000084100000, 0x0000000084200000, 0x0000000084200000|100%| O|  |TAMS 0x0000000084200000, 0x0000000084100000| Untracked 
|  66|0x0000000084200000, 0x0000000084300000, 0x0000000084300000|100%| O|  |TAMS 0x0000000084300000, 0x0000000084200000| Untracked 
|  67|0x0000000084300000, 0x0000000084400000, 0x0000000084400000|100%| O|  |TAMS 0x0000000084400000, 0x0000000084300000| Untracked 
|  68|0x0000000084400000, 0x0000000084500000, 0x0000000084500000|100%| O|  |TAMS 0x0000000084500000, 0x0000000084400000| Untracked 
|  69|0x0000000084500000, 0x0000000084600000, 0x0000000084600000|100%| O|  |TAMS 0x0000000084600000, 0x0000000084500000| Untracked 
|  70|0x0000000084600000, 0x0000000084700000, 0x0000000084700000|100%| O|  |TAMS 0x0000000084700000, 0x0000000084600000| Untracked 
|  71|0x0000000084700000, 0x0000000084800000, 0x0000000084800000|100%| O|  |TAMS 0x0000000084800000, 0x0000000084700000| Untracked 
|  72|0x0000000084800000, 0x0000000084900000, 0x0000000084900000|100%| O|  |TAMS 0x0000000084900000, 0x0000000084800000| Untracked 
|  73|0x0000000084900000, 0x0000000084a00000, 0x0000000084a00000|100%| O|  |TAMS 0x0000000084a00000, 0x0000000084900000| Untracked 
|  74|0x0000000084a00000, 0x0000000084b00000, 0x0000000084b00000|100%| O|  |TAMS 0x0000000084b00000, 0x0000000084a00000| Untracked 
|  75|0x0000000084b00000, 0x0000000084c00000, 0x0000000084c00000|100%|HS|  |TAMS 0x0000000084c00000, 0x0000000084b00000| Complete 
|  76|0x0000000084c00000, 0x0000000084d00000, 0x0000000084d00000|100%|HS|  |TAMS 0x0000000084d00000, 0x0000000084c00000| Complete 
|  77|0x0000000084d00000, 0x0000000084e00000, 0x0000000084e00000|100%| O|  |TAMS 0x0000000084e00000, 0x0000000084d00000| Untracked 
|  78|0x0000000084e00000, 0x0000000084f00000, 0x0000000084f00000|100%|HS|  |TAMS 0x0000000084f00000, 0x0000000084e00000| Complete 
|  79|0x0000000084f00000, 0x0000000085000000, 0x0000000085000000|100%|HC|  |TAMS 0x0000000085000000, 0x0000000084f00000| Complete 
|  80|0x0000000085000000, 0x0000000085100000, 0x0000000085100000|100%| O|  |TAMS 0x0000000085100000, 0x0000000085000000| Untracked 
|  81|0x0000000085100000, 0x0000000085200000, 0x0000000085200000|100%| O|  |TAMS 0x0000000085200000, 0x0000000085100000| Untracked 
|  82|0x0000000085200000, 0x0000000085300000, 0x0000000085300000|100%| O|  |TAMS 0x0000000085300000, 0x0000000085200000| Untracked 
|  83|0x0000000085300000, 0x0000000085400000, 0x0000000085400000|100%| O|  |TAMS 0x0000000085400000, 0x0000000085300000| Untracked 
|  84|0x0000000085400000, 0x0000000085500000, 0x0000000085500000|100%| O|  |TAMS 0x0000000085500000, 0x0000000085400000| Untracked 
|  85|0x0000000085500000, 0x0000000085600000, 0x0000000085600000|100%| O|  |TAMS 0x0000000085600000, 0x0000000085500000| Untracked 
|  86|0x0000000085600000, 0x0000000085700000, 0x0000000085700000|100%| O|  |TAMS 0x0000000085700000, 0x0000000085600000| Untracked 
|  87|0x0000000085700000, 0x0000000085800000, 0x0000000085800000|100%| O|  |TAMS 0x0000000085800000, 0x0000000085700000| Untracked 
|  88|0x0000000085800000, 0x0000000085900000, 0x0000000085900000|100%| O|  |TAMS 0x0000000085900000, 0x0000000085800000| Untracked 
|  89|0x0000000085900000, 0x0000000085a00000, 0x0000000085a00000|100%| O|  |TAMS 0x0000000085a00000, 0x0000000085900000| Untracked 
|  90|0x0000000085a00000, 0x0000000085b00000, 0x0000000085b00000|100%| O|  |TAMS 0x0000000085b00000, 0x0000000085a00000| Untracked 
|  91|0x0000000085b00000, 0x0000000085c00000, 0x0000000085c00000|100%| O|  |TAMS 0x0000000085c00000, 0x0000000085b00000| Untracked 
|  92|0x0000000085c00000, 0x0000000085d00000, 0x0000000085d00000|100%| O|  |TAMS 0x0000000085d00000, 0x0000000085c00000| Untracked 
|  93|0x0000000085d00000, 0x0000000085e00000, 0x0000000085e00000|100%| O|  |TAMS 0x0000000085e00000, 0x0000000085d00000| Untracked 
|  94|0x0000000085e00000, 0x0000000085f00000, 0x0000000085f00000|100%| O|  |TAMS 0x0000000085f00000, 0x0000000085e00000| Untracked 
|  95|0x0000000085f00000, 0x0000000086000000, 0x0000000086000000|100%| O|  |TAMS 0x0000000086000000, 0x0000000085f00000| Untracked 
|  96|0x0000000086000000, 0x0000000086100000, 0x0000000086100000|100%| O|  |TAMS 0x0000000086100000, 0x0000000086000000| Untracked 
|  97|0x0000000086100000, 0x0000000086200000, 0x0000000086200000|100%| O|  |TAMS 0x0000000086200000, 0x0000000086100000| Untracked 
|  98|0x0000000086200000, 0x0000000086300000, 0x0000000086300000|100%| O|  |TAMS 0x0000000086300000, 0x0000000086200000| Untracked 
|  99|0x0000000086300000, 0x0000000086400000, 0x0000000086400000|100%| O|  |TAMS 0x0000000086400000, 0x0000000086300000| Untracked 
| 100|0x0000000086400000, 0x0000000086500000, 0x0000000086500000|100%| O|  |TAMS 0x0000000086500000, 0x0000000086400000| Untracked 
| 101|0x0000000086500000, 0x0000000086600000, 0x0000000086600000|100%|HS|  |TAMS 0x0000000086600000, 0x0000000086500000| Complete 
| 102|0x0000000086600000, 0x0000000086700000, 0x0000000086700000|100%|HS|  |TAMS 0x0000000086700000, 0x0000000086600000| Complete 
| 103|0x0000000086700000, 0x0000000086800000, 0x0000000086800000|100%|HC|  |TAMS 0x0000000086800000, 0x0000000086700000| Complete 
| 104|0x0000000086800000, 0x0000000086900000, 0x0000000086900000|100%|HC|  |TAMS 0x0000000086900000, 0x0000000086800000| Complete 
| 105|0x0000000086900000, 0x0000000086a00000, 0x0000000086a00000|100%|HC|  |TAMS 0x0000000086a00000, 0x0000000086900000| Complete 
| 106|0x0000000086a00000, 0x0000000086b00000, 0x0000000086b00000|100%|HS|  |TAMS 0x0000000086b00000, 0x0000000086a00000| Complete 
| 107|0x0000000086b00000, 0x0000000086c00000, 0x0000000086c00000|100%|HC|  |TAMS 0x0000000086c00000, 0x0000000086b00000| Complete 
| 108|0x0000000086c00000, 0x0000000086d00000, 0x0000000086d00000|100%|HS|  |TAMS 0x0000000086d00000, 0x0000000086c00000| Complete 
| 109|0x0000000086d00000, 0x0000000086e00000, 0x0000000086e00000|100%|HC|  |TAMS 0x0000000086e00000, 0x0000000086d00000| Complete 
| 110|0x0000000086e00000, 0x0000000086f00000, 0x0000000086f00000|100%|HC|  |TAMS 0x0000000086f00000, 0x0000000086e00000| Complete 
| 111|0x0000000086f00000, 0x0000000087000000, 0x0000000087000000|100%|HS|  |TAMS 0x0000000087000000, 0x0000000086f00000| Complete 
| 112|0x0000000087000000, 0x0000000087100000, 0x0000000087100000|100%|HC|  |TAMS 0x0000000087100000, 0x0000000087000000| Complete 
| 113|0x0000000087100000, 0x0000000087200000, 0x0000000087200000|100%|HC|  |TAMS 0x0000000087200000, 0x0000000087100000| Complete 
| 114|0x0000000087200000, 0x0000000087300000, 0x0000000087300000|100%|HS|  |TAMS 0x0000000087300000, 0x0000000087200000| Complete 
| 115|0x0000000087300000, 0x0000000087400000, 0x0000000087400000|100%|HC|  |TAMS 0x0000000087400000, 0x0000000087300000| Complete 
| 116|0x0000000087400000, 0x0000000087500000, 0x0000000087500000|100%|HC|  |TAMS 0x0000000087500000, 0x0000000087400000| Complete 
| 117|0x0000000087500000, 0x0000000087600000, 0x0000000087600000|100%|HC|  |TAMS 0x0000000087600000, 0x0000000087500000| Complete 
| 118|0x0000000087600000, 0x0000000087700000, 0x0000000087700000|100%|HC|  |TAMS 0x0000000087700000, 0x0000000087600000| Complete 
| 119|0x0000000087700000, 0x0000000087800000, 0x0000000087800000|100%|HS|  |TAMS 0x0000000087800000, 0x0000000087700000| Complete 
| 120|0x0000000087800000, 0x0000000087900000, 0x0000000087900000|100%|HS|  |TAMS 0x0000000087900000, 0x0000000087800000| Complete 
| 121|0x0000000087900000, 0x0000000087a00000, 0x0000000087a00000|100%|HC|  |TAMS 0x0000000087a00000, 0x0000000087900000| Complete 
| 122|0x0000000087a00000, 0x0000000087b00000, 0x0000000087b00000|100%|HC|  |TAMS 0x0000000087b00000, 0x0000000087a00000| Complete 
| 123|0x0000000087b00000, 0x0000000087c00000, 0x0000000087c00000|100%|HC|  |TAMS 0x0000000087c00000, 0x0000000087b00000| Complete 
| 124|0x0000000087c00000, 0x0000000087d00000, 0x0000000087d00000|100%| O|  |TAMS 0x0000000087d00000, 0x0000000087c00000| Untracked 
| 125|0x0000000087d00000, 0x0000000087e00000, 0x0000000087e00000|100%| O|  |TAMS 0x0000000087e00000, 0x0000000087d00000| Untracked 
| 126|0x0000000087e00000, 0x0000000087f00000, 0x0000000087f00000|100%| O|  |TAMS 0x0000000087f00000, 0x0000000087e00000| Untracked 
| 127|0x0000000087f00000, 0x0000000088000000, 0x0000000088000000|100%| O|  |TAMS 0x0000000088000000, 0x0000000087f00000| Untracked 
| 128|0x0000000088000000, 0x0000000088100000, 0x0000000088100000|100%| O|  |TAMS 0x0000000088100000, 0x0000000088000000| Untracked 
| 129|0x0000000088100000, 0x0000000088200000, 0x0000000088200000|100%| O|  |TAMS 0x0000000088200000, 0x0000000088100000| Untracked 
| 130|0x0000000088200000, 0x0000000088300000, 0x0000000088300000|100%| O|  |TAMS 0x0000000088300000, 0x0000000088200000| Untracked 
| 131|0x0000000088300000, 0x0000000088400000, 0x0000000088400000|100%| O|  |TAMS 0x0000000088400000, 0x0000000088300000| Untracked 
| 132|0x0000000088400000, 0x0000000088500000, 0x0000000088500000|100%| O|  |TAMS 0x0000000088500000, 0x0000000088400000| Untracked 
| 133|0x0000000088500000, 0x0000000088600000, 0x0000000088600000|100%| O|  |TAMS 0x0000000088600000, 0x0000000088500000| Untracked 
| 134|0x0000000088600000, 0x0000000088700000, 0x0000000088700000|100%| O|  |TAMS 0x0000000088700000, 0x0000000088600000| Untracked 
| 135|0x0000000088700000, 0x0000000088800000, 0x0000000088800000|100%| O|  |TAMS 0x0000000088800000, 0x0000000088700000| Untracked 
| 136|0x0000000088800000, 0x0000000088900000, 0x0000000088900000|100%| O|  |TAMS 0x0000000088900000, 0x0000000088800000| Untracked 
| 137|0x0000000088900000, 0x0000000088a00000, 0x0000000088a00000|100%| O|  |TAMS 0x0000000088a00000, 0x0000000088900000| Untracked 
| 138|0x0000000088a00000, 0x0000000088b00000, 0x0000000088b00000|100%| O|  |TAMS 0x0000000088b00000, 0x0000000088a00000| Untracked 
| 139|0x0000000088b00000, 0x0000000088c00000, 0x0000000088c00000|100%| O|  |TAMS 0x0000000088c00000, 0x0000000088b00000| Untracked 
| 140|0x0000000088c00000, 0x0000000088d00000, 0x0000000088d00000|100%| O|  |TAMS 0x0000000088d00000, 0x0000000088c00000| Untracked 
| 141|0x0000000088d00000, 0x0000000088d6d600, 0x0000000088e00000| 42%| O|  |TAMS 0x0000000088d6d600, 0x0000000088d00000| Untracked 
| 142|0x0000000088e00000, 0x0000000088e00000, 0x0000000088f00000|  0%| F|  |TAMS 0x0000000088e00000, 0x0000000088e00000| Untracked 
| 143|0x0000000088f00000, 0x0000000088f00000, 0x0000000089000000|  0%| F|  |TAMS 0x0000000088f00000, 0x0000000088f00000| Untracked 
| 144|0x0000000089000000, 0x0000000089000000, 0x0000000089100000|  0%| F|  |TAMS 0x0000000089000000, 0x0000000089000000| Untracked 
| 145|0x0000000089100000, 0x0000000089100000, 0x0000000089200000|  0%| F|  |TAMS 0x0000000089100000, 0x0000000089100000| Untracked 
| 146|0x0000000089200000, 0x0000000089200000, 0x0000000089300000|  0%| F|  |TAMS 0x0000000089200000, 0x0000000089200000| Untracked 
| 147|0x0000000089300000, 0x0000000089300000, 0x0000000089400000|  0%| F|  |TAMS 0x0000000089300000, 0x0000000089300000| Untracked 
| 148|0x0000000089400000, 0x0000000089400000, 0x0000000089500000|  0%| F|  |TAMS 0x0000000089400000, 0x0000000089400000| Untracked 
| 149|0x0000000089500000, 0x0000000089500000, 0x0000000089600000|  0%| F|  |TAMS 0x0000000089500000, 0x0000000089500000| Untracked 
| 150|0x0000000089600000, 0x0000000089600000, 0x0000000089700000|  0%| F|  |TAMS 0x0000000089600000, 0x0000000089600000| Untracked 
| 151|0x0000000089700000, 0x0000000089700000, 0x0000000089800000|  0%| F|  |TAMS 0x0000000089700000, 0x0000000089700000| Untracked 
| 152|0x0000000089800000, 0x0000000089800000, 0x0000000089900000|  0%| F|  |TAMS 0x0000000089800000, 0x0000000089800000| Untracked 
| 153|0x0000000089900000, 0x0000000089900000, 0x0000000089a00000|  0%| F|  |TAMS 0x0000000089900000, 0x0000000089900000| Untracked 
| 154|0x0000000089a00000, 0x0000000089a00000, 0x0000000089b00000|  0%| F|  |TAMS 0x0000000089a00000, 0x0000000089a00000| Untracked 
| 155|0x0000000089b00000, 0x0000000089b00000, 0x0000000089c00000|  0%| F|  |TAMS 0x0000000089b00000, 0x0000000089b00000| Untracked 
| 156|0x0000000089c00000, 0x0000000089c00000, 0x0000000089d00000|  0%| F|  |TAMS 0x0000000089c00000, 0x0000000089c00000| Untracked 
| 157|0x0000000089d00000, 0x0000000089d00000, 0x0000000089e00000|  0%| F|  |TAMS 0x0000000089d00000, 0x0000000089d00000| Untracked 
| 158|0x0000000089e00000, 0x0000000089e00000, 0x0000000089f00000|  0%| F|  |TAMS 0x0000000089e00000, 0x0000000089e00000| Untracked 
| 159|0x0000000089f00000, 0x0000000089f00000, 0x000000008a000000|  0%| F|  |TAMS 0x0000000089f00000, 0x0000000089f00000| Untracked 
| 160|0x000000008a000000, 0x000000008a000000, 0x000000008a100000|  0%| F|  |TAMS 0x000000008a000000, 0x000000008a000000| Untracked 
| 161|0x000000008a100000, 0x000000008a100000, 0x000000008a200000|  0%| F|  |TAMS 0x000000008a100000, 0x000000008a100000| Untracked 
| 162|0x000000008a200000, 0x000000008a200000, 0x000000008a300000|  0%| F|  |TAMS 0x000000008a200000, 0x000000008a200000| Untracked 
| 163|0x000000008a300000, 0x000000008a300000, 0x000000008a400000|  0%| F|  |TAMS 0x000000008a300000, 0x000000008a300000| Untracked 
| 164|0x000000008a400000, 0x000000008a400000, 0x000000008a500000|  0%| F|  |TAMS 0x000000008a400000, 0x000000008a400000| Untracked 
| 165|0x000000008a500000, 0x000000008a500000, 0x000000008a600000|  0%| F|  |TAMS 0x000000008a500000, 0x000000008a500000| Untracked 
| 166|0x000000008a600000, 0x000000008a600000, 0x000000008a700000|  0%| F|  |TAMS 0x000000008a600000, 0x000000008a600000| Untracked 
| 167|0x000000008a700000, 0x000000008a700000, 0x000000008a800000|  0%| F|  |TAMS 0x000000008a700000, 0x000000008a700000| Untracked 
| 168|0x000000008a800000, 0x000000008a800000, 0x000000008a900000|  0%| F|  |TAMS 0x000000008a800000, 0x000000008a800000| Untracked 
| 169|0x000000008a900000, 0x000000008a900000, 0x000000008aa00000|  0%| F|  |TAMS 0x000000008a900000, 0x000000008a900000| Untracked 
| 170|0x000000008aa00000, 0x000000008aa00000, 0x000000008ab00000|  0%| F|  |TAMS 0x000000008aa00000, 0x000000008aa00000| Untracked 
| 171|0x000000008ab00000, 0x000000008ab00000, 0x000000008ac00000|  0%| F|  |TAMS 0x000000008ab00000, 0x000000008ab00000| Untracked 
| 172|0x000000008ac00000, 0x000000008ac00000, 0x000000008ad00000|  0%| F|  |TAMS 0x000000008ac00000, 0x000000008ac00000| Untracked 
| 173|0x000000008ad00000, 0x000000008ad00000, 0x000000008ae00000|  0%| F|  |TAMS 0x000000008ad00000, 0x000000008ad00000| Untracked 
| 174|0x000000008ae00000, 0x000000008ae00000, 0x000000008af00000|  0%| F|  |TAMS 0x000000008ae00000, 0x000000008ae00000| Untracked 
| 175|0x000000008af00000, 0x000000008af00000, 0x000000008b000000|  0%| F|  |TAMS 0x000000008af00000, 0x000000008af00000| Untracked 
| 176|0x000000008b000000, 0x000000008b000000, 0x000000008b100000|  0%| F|  |TAMS 0x000000008b000000, 0x000000008b000000| Untracked 
| 177|0x000000008b100000, 0x000000008b100000, 0x000000008b200000|  0%| F|  |TAMS 0x000000008b100000, 0x000000008b100000| Untracked 
| 178|0x000000008b200000, 0x000000008b219a28, 0x000000008b300000| 10%| S|CS|TAMS 0x000000008b200000, 0x000000008b200000| Complete 
| 179|0x000000008b300000, 0x000000008b400000, 0x000000008b400000|100%| S|CS|TAMS 0x000000008b300000, 0x000000008b300000| Complete 
| 180|0x000000008b400000, 0x000000008b500000, 0x000000008b500000|100%| S|CS|TAMS 0x000000008b400000, 0x000000008b400000| Complete 
| 181|0x000000008b500000, 0x000000008b500000, 0x000000008b600000|  0%| F|  |TAMS 0x000000008b500000, 0x000000008b500000| Untracked 
| 182|0x000000008b600000, 0x000000008b600000, 0x000000008b700000|  0%| F|  |TAMS 0x000000008b600000, 0x000000008b600000| Untracked 
| 183|0x000000008b700000, 0x000000008b700000, 0x000000008b800000|  0%| F|  |TAMS 0x000000008b700000, 0x000000008b700000| Untracked 
| 184|0x000000008b800000, 0x000000008b800000, 0x000000008b900000|  0%| F|  |TAMS 0x000000008b800000, 0x000000008b800000| Untracked 
| 185|0x000000008b900000, 0x000000008b900000, 0x000000008ba00000|  0%| F|  |TAMS 0x000000008b900000, 0x000000008b900000| Untracked 
| 186|0x000000008ba00000, 0x000000008ba00000, 0x000000008bb00000|  0%| F|  |TAMS 0x000000008ba00000, 0x000000008ba00000| Untracked 
| 187|0x000000008bb00000, 0x000000008bb00000, 0x000000008bc00000|  0%| F|  |TAMS 0x000000008bb00000, 0x000000008bb00000| Untracked 
| 188|0x000000008bc00000, 0x000000008bc00000, 0x000000008bd00000|  0%| F|  |TAMS 0x000000008bc00000, 0x000000008bc00000| Untracked 
| 189|0x000000008bd00000, 0x000000008bd00000, 0x000000008be00000|  0%| F|  |TAMS 0x000000008bd00000, 0x000000008bd00000| Untracked 
| 190|0x000000008be00000, 0x000000008be00000, 0x000000008bf00000|  0%| F|  |TAMS 0x000000008be00000, 0x000000008be00000| Untracked 
| 191|0x000000008bf00000, 0x000000008bf00000, 0x000000008c000000|  0%| F|  |TAMS 0x000000008bf00000, 0x000000008bf00000| Untracked 
| 192|0x000000008c000000, 0x000000008c000000, 0x000000008c100000|  0%| F|  |TAMS 0x000000008c000000, 0x000000008c000000| Untracked 
| 193|0x000000008c100000, 0x000000008c100000, 0x000000008c200000|  0%| F|  |TAMS 0x000000008c100000, 0x000000008c100000| Untracked 
| 194|0x000000008c200000, 0x000000008c200000, 0x000000008c300000|  0%| F|  |TAMS 0x000000008c200000, 0x000000008c200000| Untracked 
| 195|0x000000008c300000, 0x000000008c300000, 0x000000008c400000|  0%| F|  |TAMS 0x000000008c300000, 0x000000008c300000| Untracked 
| 196|0x000000008c400000, 0x000000008c400000, 0x000000008c500000|  0%| F|  |TAMS 0x000000008c400000, 0x000000008c400000| Untracked 
| 197|0x000000008c500000, 0x000000008c500000, 0x000000008c600000|  0%| F|  |TAMS 0x000000008c500000, 0x000000008c500000| Untracked 
| 198|0x000000008c600000, 0x000000008c600000, 0x000000008c700000|  0%| F|  |TAMS 0x000000008c600000, 0x000000008c600000| Untracked 
| 199|0x000000008c700000, 0x000000008c700000, 0x000000008c800000|  0%| F|  |TAMS 0x000000008c700000, 0x000000008c700000| Untracked 
| 200|0x000000008c800000, 0x000000008c800000, 0x000000008c900000|  0%| F|  |TAMS 0x000000008c800000, 0x000000008c800000| Untracked 
| 201|0x000000008c900000, 0x000000008c900000, 0x000000008ca00000|  0%| F|  |TAMS 0x000000008c900000, 0x000000008c900000| Untracked 
| 202|0x000000008ca00000, 0x000000008ca00000, 0x000000008cb00000|  0%| F|  |TAMS 0x000000008ca00000, 0x000000008ca00000| Untracked 
| 203|0x000000008cb00000, 0x000000008cb00000, 0x000000008cc00000|  0%| F|  |TAMS 0x000000008cb00000, 0x000000008cb00000| Untracked 
| 204|0x000000008cc00000, 0x000000008cc00000, 0x000000008cd00000|  0%| F|  |TAMS 0x000000008cc00000, 0x000000008cc00000| Untracked 
| 205|0x000000008cd00000, 0x000000008cd00000, 0x000000008ce00000|  0%| F|  |TAMS 0x000000008cd00000, 0x000000008cd00000| Untracked 
| 206|0x000000008ce00000, 0x000000008ce00000, 0x000000008cf00000|  0%| F|  |TAMS 0x000000008ce00000, 0x000000008ce00000| Untracked 
| 207|0x000000008cf00000, 0x000000008cf00000, 0x000000008d000000|  0%| F|  |TAMS 0x000000008cf00000, 0x000000008cf00000| Untracked 
| 208|0x000000008d000000, 0x000000008d000000, 0x000000008d100000|  0%| F|  |TAMS 0x000000008d000000, 0x000000008d000000| Untracked 
| 209|0x000000008d100000, 0x000000008d100000, 0x000000008d200000|  0%| F|  |TAMS 0x000000008d100000, 0x000000008d100000| Untracked 
| 210|0x000000008d200000, 0x000000008d200000, 0x000000008d300000|  0%| F|  |TAMS 0x000000008d200000, 0x000000008d200000| Untracked 
| 211|0x000000008d300000, 0x000000008d300000, 0x000000008d400000|  0%| F|  |TAMS 0x000000008d300000, 0x000000008d300000| Untracked 
| 212|0x000000008d400000, 0x000000008d400000, 0x000000008d500000|  0%| F|  |TAMS 0x000000008d400000, 0x000000008d400000| Untracked 
| 213|0x000000008d500000, 0x000000008d500000, 0x000000008d600000|  0%| F|  |TAMS 0x000000008d500000, 0x000000008d500000| Untracked 
| 214|0x000000008d600000, 0x000000008d600000, 0x000000008d700000|  0%| F|  |TAMS 0x000000008d600000, 0x000000008d600000| Untracked 
| 215|0x000000008d700000, 0x000000008d700000, 0x000000008d800000|  0%| F|  |TAMS 0x000000008d700000, 0x000000008d700000| Untracked 
| 216|0x000000008d800000, 0x000000008d800000, 0x000000008d900000|  0%| F|  |TAMS 0x000000008d800000, 0x000000008d800000| Untracked 
| 217|0x000000008d900000, 0x000000008d900000, 0x000000008da00000|  0%| F|  |TAMS 0x000000008d900000, 0x000000008d900000| Untracked 
| 218|0x000000008da00000, 0x000000008da00000, 0x000000008db00000|  0%| F|  |TAMS 0x000000008da00000, 0x000000008da00000| Untracked 
| 219|0x000000008db00000, 0x000000008db00000, 0x000000008dc00000|  0%| F|  |TAMS 0x000000008db00000, 0x000000008db00000| Untracked 
| 220|0x000000008dc00000, 0x000000008dc00000, 0x000000008dd00000|  0%| F|  |TAMS 0x000000008dc00000, 0x000000008dc00000| Untracked 
| 221|0x000000008dd00000, 0x000000008dd00000, 0x000000008de00000|  0%| F|  |TAMS 0x000000008dd00000, 0x000000008dd00000| Untracked 

Card table byte_map: [0x00000272dc170000,0x00000272dc570000] _byte_map_base: 0x00000272dbd70000

Marking Bits (Prev, Next): (CMBitMap*) 0x00000272c701d4f0, (CMBitMap*) 0x00000272c701d4b8
 Prev Bits: [0x00000272de970000, 0x00000272e0970000)
 Next Bits: [0x00000272dc970000, 0x00000272de970000)

Polling page: 0x00000272c70c0000

Metaspace:

Usage:
  Non-class:     83.49 MB capacity,    82.13 MB ( 98%) used,     1.12 MB (  1%) free+waste,   246.94 KB ( <1%) overhead. 
      Class:     12.87 MB capacity,    12.06 MB ( 94%) used,   709.08 KB (  5%) free+waste,   113.75 KB ( <1%) overhead. 
       Both:     96.36 MB capacity,    94.19 MB ( 98%) used,     1.81 MB (  2%) free+waste,   360.69 KB ( <1%) overhead. 

Virtual space:
  Non-class space:       84.00 MB reserved,      83.50 MB (>99%) committed 
      Class space:        1.00 GB reserved,      12.88 MB (  1%) committed 
             Both:        1.08 GB reserved,      96.38 MB (  9%) committed 

Chunk freelists:
   Non-Class:  10.00 KB
       Class:  9.00 KB
        Both:  19.00 KB

MaxMetaspaceSize: 17179869184.00 GB
CompressedClassSpaceSize: 1.00 GB
Initial GC threshold: 20.80 MB
Current GC threshold: 152.92 MB
CDS: off

CodeHeap 'non-profiled nmethods': size=120000Kb used=6031Kb max_used=6031Kb free=113968Kb
 bounds [0x00000272d3de0000, 0x00000272d43d0000, 0x00000272db310000]
CodeHeap 'profiled nmethods': size=120000Kb used=19987Kb max_used=19987Kb free=100012Kb
 bounds [0x00000272cc8b0000, 0x00000272cdc40000, 0x00000272d3de0000]
CodeHeap 'non-nmethods': size=5760Kb used=2380Kb max_used=2425Kb free=3379Kb
 bounds [0x00000272cc310000, 0x00000272cc590000, 0x00000272cc8b0000]
 total_blobs=9926 nmethods=9021 adapters=817
 compilation: enabled
              stopped_count=0, restarted_count=0
 full_count=0

Compilation events (20 events):
Event: 10.414 Thread 0x00000272e6531800 8901       4       java.util.Collections$UnmodifiableList::get (11 bytes)
Event: 10.415 Thread 0x00000272e3dee000 nmethod 9069 0x00000272cdc2e310 code [0x00000272cdc2e840, 0x00000272cdc30538]
Event: 10.415 Thread 0x00000272e3dee000 9072       2       jdk.internal.org.objectweb.asm.Type::getType (269 bytes)
Event: 10.415 Thread 0x00000272e3dee000 nmethod 9072 0x00000272cdc31910 code [0x00000272cdc31b20, 0x00000272cdc32198]
Event: 10.415 Thread 0x00000272e6531800 nmethod 8901 0x00000272d43c2590 code [0x00000272d43c2740, 0x00000272d43c2858]
Event: 10.415 Thread 0x00000272e3dee000 9071       2       java.lang.invoke.LambdaForm::methodType (48 bytes)
Event: 10.415 Thread 0x00000272e6531800 8979       4       java.lang.AbstractStringBuilder::append (43 bytes)
Event: 10.416 Thread 0x00000272e3dee000 nmethod 9071 0x00000272cdc32390 code [0x00000272cdc32580, 0x00000272cdc32938]
Event: 10.416 Thread 0x00000272e3dee000 9073       2       jdk.internal.org.objectweb.asm.MethodWriter::startFrame (55 bytes)
Event: 10.416 Thread 0x00000272e3dee000 nmethod 9073 0x00000272cdc32b90 code [0x00000272cdc32d40, 0x00000272cdc32fd8]
Event: 10.417 Thread 0x00000272e3dee000 9074       3       com.google.common.collect.AbstractListMultimap::get (9 bytes)
Event: 10.417 Thread 0x00000272e3dee000 nmethod 9074 0x00000272cdc33110 code [0x00000272cdc33320, 0x00000272cdc33b48]
Event: 10.417 Thread 0x00000272e3dee000 9075       3       com.google.common.collect.AbstractListMultimap::wrapCollection (11 bytes)
Event: 10.418 Thread 0x00000272e3dee000 nmethod 9075 0x00000272cdc33d10 code [0x00000272cdc33f20, 0x00000272cdc34658]
Event: 10.418 Thread 0x00000272e3dee000 9076       1       org.gradle.api.internal.tasks.properties.DefaultTypeMetadataStore$DefaultPropertyMetadata::getPropertyType (5 bytes)
Event: 10.418 Thread 0x00000272e3dee000 nmethod 9076 0x00000272d43c2a10 code [0x00000272d43c2bc0, 0x00000272d43c2c78]
Event: 10.419 Thread 0x00000272e3dee000 9077       3       com.google.common.collect.ImmutableMapEntrySet::<init> (5 bytes)
Event: 10.419 Thread 0x00000272e3dee000 nmethod 9077 0x00000272cdc34890 code [0x00000272cdc34a60, 0x00000272cdc34cd8]
Event: 10.424 Thread 0x00000272e6531800 nmethod 8979 0x00000272d43c2d10 code [0x00000272d43c2f00, 0x00000272d43c3730]
Event: 10.424 Thread 0x00000272e6531800 8961       4       java.util.regex.Pattern$NotBehind::match (137 bytes)

GC Heap History (20 events):
Event: 7.898 GC heap after
{Heap after GC invocations=28 (full 0):
 garbage-first heap   total 189440K, used 105039K [0x0000000080000000, 0x0000000100000000)
  region size 1024K, 2 young (2048K), 2 survivors (2048K)
 Metaspace       used 77682K, capacity 79494K, committed 79744K, reserved 1118208K
  class space    used 9911K, capacity 10528K, committed 10624K, reserved 1048576K
}
Event: 8.228 GC heap before
{Heap before GC invocations=29 (full 0):
 garbage-first heap   total 189440K, used 160335K [0x0000000080000000, 0x0000000100000000)
  region size 1024K, 34 young (34816K), 2 survivors (2048K)
 Metaspace       used 79502K, capacity 81480K, committed 81664K, reserved 1120256K
  class space    used 10182K, capacity 10883K, committed 11008K, reserved 1048576K
}
Event: 8.232 GC heap after
{Heap after GC invocations=30 (full 0):
 garbage-first heap   total 189440K, used 136137K [0x0000000080000000, 0x0000000100000000)
  region size 1024K, 5 young (5120K), 5 survivors (5120K)
 Metaspace       used 79502K, capacity 81480K, committed 81664K, reserved 1120256K
  class space    used 10182K, capacity 10883K, committed 11008K, reserved 1048576K
}
Event: 8.352 GC heap before
{Heap before GC invocations=30 (full 0):
 garbage-first heap   total 189440K, used 156617K [0x0000000080000000, 0x0000000100000000)
  region size 1024K, 25 young (25600K), 5 survivors (5120K)
 Metaspace       used 80160K, capacity 82261K, committed 82432K, reserved 1120256K
  class space    used 10269K, capacity 10995K, committed 11008K, reserved 1048576K
}
Event: 8.356 GC heap after
{Heap after GC invocations=31 (full 0):
 garbage-first heap   total 189440K, used 136847K [0x0000000080000000, 0x0000000100000000)
  region size 1024K, 1 young (1024K), 1 survivors (1024K)
 Metaspace       used 80160K, capacity 82261K, committed 82432K, reserved 1120256K
  class space    used 10269K, capacity 10995K, committed 11008K, reserved 1048576K
}
Event: 8.426 GC heap before
{Heap before GC invocations=31 (full 0):
 garbage-first heap   total 189440K, used 157327K [0x0000000080000000, 0x0000000100000000)
  region size 1024K, 21 young (21504K), 1 survivors (1024K)
 Metaspace       used 80695K, capacity 82837K, committed 83072K, reserved 1122304K
  class space    used 10330K, capacity 11059K, committed 11136K, reserved 1048576K
}
Event: 8.428 GC heap after
{Heap after GC invocations=32 (full 0):
 garbage-first heap   total 189440K, used 136895K [0x0000000080000000, 0x0000000100000000)
  region size 1024K, 1 young (1024K), 1 survivors (1024K)
 Metaspace       used 80695K, capacity 82837K, committed 83072K, reserved 1122304K
  class space    used 10330K, capacity 11059K, committed 11136K, reserved 1048576K
}
Event: 8.534 GC heap before
{Heap before GC invocations=33 (full 0):
 garbage-first heap   total 189440K, used 158399K [0x0000000080000000, 0x0000000100000000)
  region size 1024K, 22 young (22528K), 1 survivors (1024K)
 Metaspace       used 81410K, capacity 83505K, committed 83712K, reserved 1122304K
  class space    used 10425K, capacity 11168K, committed 11264K, reserved 1048576K
}
Event: 8.536 GC heap after
{Heap after GC invocations=34 (full 0):
 garbage-first heap   total 189440K, used 137235K [0x0000000080000000, 0x0000000100000000)
  region size 1024K, 2 young (2048K), 2 survivors (2048K)
 Metaspace       used 81410K, capacity 83505K, committed 83712K, reserved 1122304K
  class space    used 10425K, capacity 11168K, committed 11264K, reserved 1048576K
}
Event: 8.713 GC heap before
{Heap before GC invocations=34 (full 0):
 garbage-first heap   total 189440K, used 158739K [0x0000000080000000, 0x0000000100000000)
  region size 1024K, 23 young (23552K), 2 survivors (2048K)
 Metaspace       used 82779K, capacity 84891K, committed 85120K, reserved 1122304K
  class space    used 10616K, capacity 11390K, committed 11392K, reserved 1048576K
}
Event: 8.717 GC heap after
{Heap after GC invocations=35 (full 0):
 garbage-first heap   total 189440K, used 138136K [0x0000000080000000, 0x0000000100000000)
  region size 1024K, 3 young (3072K), 3 survivors (3072K)
 Metaspace       used 82779K, capacity 84891K, committed 85120K, reserved 1122304K
  class space    used 10616K, capacity 11390K, committed 11392K, reserved 1048576K
}
Event: 8.941 GC heap before
{Heap before GC invocations=36 (full 0):
 garbage-first heap   total 189440K, used 159640K [0x0000000080000000, 0x0000000100000000)
  region size 1024K, 24 young (24576K), 3 survivors (3072K)
 Metaspace       used 84209K, capacity 86420K, committed 86656K, reserved 1124352K
  class space    used 10818K, capacity 11590K, committed 11648K, reserved 1048576K
}
Event: 8.946 GC heap after
{Heap after GC invocations=37 (full 0):
 garbage-first heap   total 227328K, used 139371K [0x0000000080000000, 0x0000000100000000)
  region size 1024K, 3 young (3072K), 3 survivors (3072K)
 Metaspace       used 84209K, capacity 86420K, committed 86656K, reserved 1124352K
  class space    used 10818K, capacity 11590K, committed 11648K, reserved 1048576K
}
Event: 9.320 GC heap before
{Heap before GC invocations=37 (full 0):
 garbage-first heap   total 227328K, used 178283K [0x0000000080000000, 0x0000000100000000)
  region size 1024K, 41 young (41984K), 3 survivors (3072K)
 Metaspace       used 86755K, capacity 88905K, committed 89088K, reserved 1126400K
  class space    used 11165K, capacity 11963K, committed 12032K, reserved 1048576K
}
Event: 9.324 GC heap after
{Heap after GC invocations=38 (full 0):
 garbage-first heap   total 227328K, used 141586K [0x0000000080000000, 0x0000000100000000)
  region size 1024K, 5 young (5120K), 5 survivors (5120K)
 Metaspace       used 86755K, capacity 88905K, committed 89088K, reserved 1126400K
  class space    used 11165K, capacity 11963K, committed 12032K, reserved 1048576K
}
Event: 9.700 GC heap before
{Heap before GC invocations=39 (full 0):
 garbage-first heap   total 227328K, used 181522K [0x0000000080000000, 0x0000000100000000)
  region size 1024K, 44 young (45056K), 5 survivors (5120K)
 Metaspace       used 88894K, capacity 91096K, committed 91392K, reserved 1128448K
  class space    used 11437K, capacity 12198K, committed 12288K, reserved 1048576K
}
Event: 9.708 GC heap after
{Heap after GC invocations=40 (full 0):
 garbage-first heap   total 227328K, used 145082K [0x0000000080000000, 0x0000000100000000)
  region size 1024K, 6 young (6144K), 6 survivors (6144K)
 Metaspace       used 88894K, capacity 91096K, committed 91392K, reserved 1128448K
  class space    used 11437K, capacity 12198K, committed 12288K, reserved 1048576K
}
Event: 9.874 GC heap before
{Heap before GC invocations=40 (full 0):
 garbage-first heap   total 227328K, used 182970K [0x0000000080000000, 0x0000000100000000)
  region size 1024K, 44 young (45056K), 6 survivors (6144K)
 Metaspace       used 90315K, capacity 92472K, committed 92544K, reserved 1130496K
  class space    used 11602K, capacity 12358K, committed 12416K, reserved 1048576K
}
Event: 9.880 GC heap after
{Heap after GC invocations=41 (full 0):
 garbage-first heap   total 227328K, used 146219K [0x0000000080000000, 0x0000000100000000)
  region size 1024K, 2 young (2048K), 2 survivors (2048K)
 Metaspace       used 90315K, capacity 92472K, committed 92544K, reserved 1130496K
  class space    used 11602K, capacity 12358K, committed 12416K, reserved 1048576K
}
Event: 10.428 GC heap before
{Heap before GC invocations=42 (full 0):
 garbage-first heap   total 227328K, used 187179K [0x0000000080000000, 0x0000000100000000)
  region size 1024K, 41 young (41984K), 2 survivors (2048K)
 Metaspace       used 96455K, capacity 98669K, committed 98688K, reserved 1134592K
  class space    used 12352K, capacity 13175K, committed 13184K, reserved 1048576K
}

Deoptimization events (20 events):
Event: 10.165 Thread 0x00000272e6009800 Uncommon trap: trap_request=0xffffffc6 fr.pc=0x00000272d427ed40 relative=0x0000000000000100
Event: 10.165 Thread 0x00000272e6009800 Uncommon trap: reason=bimorphic_or_optimized_type_check action=maybe_recompile pc=0x00000272d427ed40 method=java.util.Collections$UnmodifiableList.get(I)Ljava/lang/Object; @ 5 c2
Event: 10.165 Thread 0x00000272e6009800 DEOPT PACKING pc=0x00000272d427ed40 sp=0x0000008a08bf8910
Event: 10.165 Thread 0x00000272e6009800 DEOPT UNPACKING pc=0x00000272cc35a1af sp=0x0000008a08bf88a8 mode 2
Event: 10.320 Thread 0x00000272e6009800 DEOPT PACKING pc=0x00000272cd400d63 sp=0x0000008a08bf9280
Event: 10.320 Thread 0x00000272e6009800 DEOPT UNPACKING pc=0x00000272cc35a95e sp=0x0000008a08bf8730 mode 0
Event: 10.320 Thread 0x00000272e6009800 DEOPT PACKING pc=0x00000272cd400d63 sp=0x0000008a08bf9280
Event: 10.320 Thread 0x00000272e6009800 DEOPT UNPACKING pc=0x00000272cc35a95e sp=0x0000008a08bf8730 mode 0
Event: 10.320 Thread 0x00000272e6009800 DEOPT PACKING pc=0x00000272cd400d63 sp=0x0000008a08bf9280
Event: 10.320 Thread 0x00000272e6009800 DEOPT UNPACKING pc=0x00000272cc35a95e sp=0x0000008a08bf8730 mode 0
Event: 10.320 Thread 0x00000272e6009800 DEOPT PACKING pc=0x00000272cd400d63 sp=0x0000008a08bf9280
Event: 10.320 Thread 0x00000272e6009800 DEOPT UNPACKING pc=0x00000272cc35a95e sp=0x0000008a08bf8730 mode 0
Event: 10.320 Thread 0x00000272e6009800 DEOPT PACKING pc=0x00000272cd400d63 sp=0x0000008a08bf9280
Event: 10.320 Thread 0x00000272e6009800 DEOPT UNPACKING pc=0x00000272cc35a95e sp=0x0000008a08bf8730 mode 0
Event: 10.320 Thread 0x00000272e6009800 DEOPT PACKING pc=0x00000272cd400d63 sp=0x0000008a08bf9280
Event: 10.320 Thread 0x00000272e6009800 DEOPT UNPACKING pc=0x00000272cc35a95e sp=0x0000008a08bf8730 mode 0
Event: 10.332 Thread 0x00000272e6009800 Uncommon trap: trap_request=0xffffff4d fr.pc=0x00000272d418d9b0 relative=0x0000000000000250
Event: 10.332 Thread 0x00000272e6009800 Uncommon trap: reason=unstable_if action=reinterpret pc=0x00000272d418d9b0 method=java.lang.CharacterDataLatin1.digit(II)I @ 12 c2
Event: 10.332 Thread 0x00000272e6009800 DEOPT PACKING pc=0x00000272d418d9b0 sp=0x0000008a08bf98d0
Event: 10.332 Thread 0x00000272e6009800 DEOPT UNPACKING pc=0x00000272cc35a1af sp=0x0000008a08bf96f0 mode 2

Classes redefined (0 events):
No events

Internal exceptions (20 events):
Event: 9.561 Thread 0x00000272e6009800 Exception <a 'java/lang/ClassNotFoundException'{0x000000008c564230}: java/util/CollectionCustomizer> (0x000000008c564230) thrown at [./src/hotspot/share/classfile/systemDictionary.cpp, line 231]
Event: 9.567 Thread 0x00000272e6009800 Exception <a 'java/lang/ClassNotFoundException'{0x000000008c5ee418}: org/gradle/api/tasks/SourceSetBeanInfo> (0x000000008c5ee418) thrown at [./src/hotspot/share/classfile/systemDictionary.cpp, line 231]
Event: 9.567 Thread 0x00000272e6009800 Exception <a 'java/lang/ClassNotFoundException'{0x000000008c40d498}: org/gradle/api/tasks/SourceSetCustomizer> (0x000000008c40d498) thrown at [./src/hotspot/share/classfile/systemDictionary.cpp, line 231]
Event: 9.569 Thread 0x00000272e6009800 Exception <a 'java/lang/ClassNotFoundException'{0x000000008c488b80}: java/util/LinkedHashMapBeanInfo> (0x000000008c488b80) thrown at [./src/hotspot/share/classfile/systemDictionary.cpp, line 231]
Event: 9.569 Thread 0x00000272e6009800 Exception <a 'java/lang/ClassNotFoundException'{0x000000008c491e90}: java/util/HashMapBeanInfo> (0x000000008c491e90) thrown at [./src/hotspot/share/classfile/systemDictionary.cpp, line 231]
Event: 9.569 Thread 0x00000272e6009800 Exception <a 'java/lang/ClassNotFoundException'{0x000000008c49c200}: java/util/AbstractMapBeanInfo> (0x000000008c49c200) thrown at [./src/hotspot/share/classfile/systemDictionary.cpp, line 231]
Event: 9.569 Thread 0x00000272e6009800 Exception <a 'java/lang/ClassNotFoundException'{0x000000008c4a5e30}: java/util/AbstractMapCustomizer> (0x000000008c4a5e30) thrown at [./src/hotspot/share/classfile/systemDictionary.cpp, line 231]
Event: 9.570 Thread 0x00000272e6009800 Exception <a 'java/lang/ClassNotFoundException'{0x000000008c4b95a0}: java/util/HashMapCustomizer> (0x000000008c4b95a0) thrown at [./src/hotspot/share/classfile/systemDictionary.cpp, line 231]
Event: 9.570 Thread 0x00000272e6009800 Exception <a 'java/lang/ClassNotFoundException'{0x000000008c4daed8}: java/util/LinkedHashMapCustomizer> (0x000000008c4daed8) thrown at [./src/hotspot/share/classfile/systemDictionary.cpp, line 231]
Event: 10.003 Thread 0x00000272e6009800 Exception <a 'sun/nio/fs/WindowsException'{0x000000008d8c1038}> (0x000000008d8c1038) thrown at [./src/hotspot/share/prims/jni.cpp, line 616]
Event: 10.091 Thread 0x00000272e6009800 Exception <a 'java/lang/NullPointerException'{0x000000008ce55d88}> (0x000000008ce55d88) thrown at [./src/hotspot/share/interpreter/linkResolver.cpp, line 1440]
Event: 10.158 Thread 0x00000272e6009800 Implicit null exception at 0x00000272d41d5ce7 to 0x00000272d41d7bb0
Event: 10.291 Thread 0x00000272e6009800 Exception <a 'java/lang/NoSuchMethodError'{0x000000008be0a528}: 'int java.lang.invoke.DirectMethodHandle$Holder.invokeStatic(java.lang.Object, java.lang.Object, int, java.lang.Object)'> (0x000000008be0a528) thrown at [./src/hotspot/share/interpreter/linkResolver.cpp, line 773]
Event: 10.336 Thread 0x00000272e6009800 Exception <a 'sun/nio/fs/WindowsException'{0x000000008bd28368}> (0x000000008bd28368) thrown at [./src/hotspot/share/prims/jni.cpp, line 616]
Event: 10.337 Thread 0x00000272e6009800 Exception <a 'sun/nio/fs/WindowsException'{0x000000008bd296e0}> (0x000000008bd296e0) thrown at [./src/hotspot/share/prims/jni.cpp, line 616]
Event: 10.337 Thread 0x00000272e6009800 Exception <a 'sun/nio/fs/WindowsException'{0x000000008bd2aaa8}> (0x000000008bd2aaa8) thrown at [./src/hotspot/share/prims/jni.cpp, line 616]
Event: 10.337 Thread 0x00000272e6009800 Exception <a 'sun/nio/fs/WindowsException'{0x000000008bd2be70}> (0x000000008bd2be70) thrown at [./src/hotspot/share/prims/jni.cpp, line 616]
Event: 10.377 Thread 0x00000272e6009800 Exception <a 'java/lang/NoSuchMethodError'{0x000000008bbd0a50}: 'int java.lang.invoke.DirectMethodHandle$Holder.invokeSpecialIFC(java.lang.Object, java.lang.Object, java.lang.Object)'> (0x000000008bbd0a50) thrown at [./src/hotspot/share/interpreter/linkResolver.cpp, line 773]
Event: 10.386 Thread 0x00000272e6009800 Exception <a 'java/lang/NoSuchMethodError'{0x000000008ba5d7f0}: 'java.lang.Object java.lang.invoke.Invokers$Holder.linkToTargetMethod(java.lang.Object, java.lang.Object, java.lang.Object, int, java.lang.Object, java.lang.Object)'> (0x000000008ba5d7f0) thrown at [./src/hotspot/share/interpreter/linkResolver.cpp, line 773]
Event: 10.414 Thread 0x00000272e6009800 Exception <a 'java/lang/NoSuchMethodError'{0x000000008b870a08}: 'void java.lang.invoke.DirectMethodHandle$Holder.invokeStatic(java.lang.Object, java.lang.Object, java.lang.Object, java.lang.Object, int, java.lang.Object, java.lang.Object)'> (0x000000008b870a08) thrown at [./src/hotspot/share/interpreter/linkResolver.cpp, line 773]

Events (20 events):
Event: 10.424 loading class org/gradle/api/internal/artifacts/transform/ArtifactTransformDependencies done
Event: 10.424 loading class org/gradle/api/internal/artifacts/transform/TransformationStep
Event: 10.424 loading class org/gradle/api/internal/artifacts/transform/TransformationStep done
Event: 10.425 loading class org/gradle/api/internal/artifacts/transform/DefaultTransformerInvocationFactory$ImmutableTransformerExecution
Event: 10.425 loading class org/gradle/api/internal/artifacts/transform/DefaultTransformerInvocationFactory$ImmutableTransformerExecution done
Event: 10.425 loading class org/gradle/api/internal/artifacts/transform/DefaultTransformerInvocationFactory$AbstractTransformerExecution
Event: 10.425 loading class org/gradle/api/internal/artifacts/transform/DefaultTransformerInvocationFactory$AbstractTransformerExecution done
Event: 10.426 loading class org/gradle/internal/execution/UnitOfWork$WorkOutput
Event: 10.426 loading class org/gradle/internal/execution/UnitOfWork$WorkOutput done
Event: 10.426 loading class org/gradle/internal/execution/UnitOfWork$Identity
Event: 10.426 loading class org/gradle/internal/execution/UnitOfWork$Identity done
Event: 10.426 loading class org/gradle/internal/execution/impl/DefaultExecutionEngine$1
Event: 10.426 loading class org/gradle/internal/execution/impl/DefaultExecutionEngine$1 done
Event: 10.427 loading class org/gradle/internal/execution/ExecutionEngine$CachedRequest
Event: 10.427 loading class org/gradle/internal/execution/ExecutionEngine$CachedRequest done
Event: 10.427 loading class org/gradle/internal/execution/impl/DefaultExecutionEngine$1$2
Event: 10.427 loading class org/gradle/internal/execution/impl/DefaultExecutionEngine$1$2 done
Event: 10.428 loading class org/gradle/api/internal/artifacts/transform/DefaultTransformerInvocationFactory$1
Event: 10.428 loading class org/gradle/api/internal/artifacts/transform/DefaultTransformerInvocationFactory$1 done
Event: 10.428 Executing VM operation: G1CollectForAllocation


Dynamic libraries:
0x00007ff720fd0000 - 0x00007ff720fda000 	C:\Program Files\Android\Android Studio\jre\bin\java.exe
0x00007fff35770000 - 0x00007fff35968000 	C:\WINDOWS\SYSTEM32\ntdll.dll
0x00007fff344a0000 - 0x00007fff3455f000 	C:\WINDOWS\System32\KERNEL32.DLL
0x00007fff32f00000 - 0x00007fff331da000 	C:\WINDOWS\System32\KERNELBASE.dll
0x00007fff333f0000 - 0x00007fff334f0000 	C:\WINDOWS\System32\ucrtbase.dll
0x00007fff2db50000 - 0x00007fff2db69000 	C:\Program Files\Android\Android Studio\jre\bin\jli.dll
0x00007fff2d450000 - 0x00007fff2d467000 	C:\Program Files\Android\Android Studio\jre\bin\VCRUNTIME140.dll
0x00007fff33e90000 - 0x00007fff3402d000 	C:\WINDOWS\System32\USER32.dll
0x00007fff32e80000 - 0x00007fff32ea2000 	C:\WINDOWS\System32\win32u.dll
0x00007fff1a4a0000 - 0x00007fff1a73a000 	C:\WINDOWS\WinSxS\amd64_microsoft.windows.common-controls_6595b64144ccf1df_6.0.19041.1110_none_60b5254171f9507e\COMCTL32.dll
0x00007fff33a30000 - 0x00007fff33a5b000 	C:\WINDOWS\System32\GDI32.dll
0x00007fff347f0000 - 0x00007fff3488e000 	C:\WINDOWS\System32\msvcrt.dll
0x00007fff33650000 - 0x00007fff33760000 	C:\WINDOWS\System32\gdi32full.dll
0x00007fff33210000 - 0x00007fff332ad000 	C:\WINDOWS\System32\msvcp_win.dll
0x00007fff33a60000 - 0x00007fff33a90000 	C:\WINDOWS\System32\IMM32.DLL
0x00007fff2baf0000 - 0x00007fff2bb8d000 	C:\Program Files\Android\Android Studio\jre\bin\msvcp140.dll
0x00007ffecde20000 - 0x00007ffece922000 	C:\Program Files\Android\Android Studio\jre\bin\server\jvm.dll
0x00007fff348f0000 - 0x00007fff3499e000 	C:\WINDOWS\System32\ADVAPI32.dll
0x00007fff34730000 - 0x00007fff347cc000 	C:\WINDOWS\System32\sechost.dll
0x00007fff33a90000 - 0x00007fff33bb6000 	C:\WINDOWS\System32\RPCRT4.dll
0x00007fff33e20000 - 0x00007fff33e28000 	C:\WINDOWS\System32\PSAPI.DLL
0x00007fff2a1b0000 - 0x00007fff2a1b9000 	C:\WINDOWS\SYSTEM32\WSOCK32.dll
0x00007fff2c970000 - 0x00007fff2c97a000 	C:\WINDOWS\SYSTEM32\VERSION.dll
0x00007fff1faa0000 - 0x00007fff1fac7000 	C:\WINDOWS\SYSTEM32\WINMM.dll
0x00007fff34f70000 - 0x00007fff34fdb000 	C:\WINDOWS\System32\WS2_32.dll
0x00007fff31700000 - 0x00007fff31712000 	C:\WINDOWS\SYSTEM32\kernel.appcore.dll
0x00007fff1b290000 - 0x00007fff1b2a1000 	C:\Program Files\Android\Android Studio\jre\bin\verify.dll
0x00007fff30c40000 - 0x00007fff30e24000 	C:\WINDOWS\SYSTEM32\DBGHELP.DLL
0x00007fff14bf0000 - 0x00007fff14c24000 	C:\WINDOWS\SYSTEM32\dbgcore.DLL
0x00007fff332b0000 - 0x00007fff33332000 	C:\WINDOWS\System32\bcryptPrimitives.dll
0x00007fff1b260000 - 0x00007fff1b289000 	C:\Program Files\Android\Android Studio\jre\bin\java.dll
0x00007fff281a0000 - 0x00007fff281ab000 	C:\Program Files\Android\Android Studio\jre\bin\jimage.dll
0x00007fff19af0000 - 0x00007fff19b08000 	C:\Program Files\Android\Android Studio\jre\bin\zip.dll
0x00007fff34fe0000 - 0x00007fff35724000 	C:\WINDOWS\System32\SHELL32.dll
0x00007fff30e30000 - 0x00007fff315c3000 	C:\WINDOWS\SYSTEM32\windows.storage.dll
0x00007fff34ae0000 - 0x00007fff34e34000 	C:\WINDOWS\System32\combase.dll
0x00007fff32870000 - 0x00007fff3289e000 	C:\WINDOWS\SYSTEM32\Wldp.dll
0x00007fff34a30000 - 0x00007fff34add000 	C:\WINDOWS\System32\SHCORE.dll
0x00007fff33e30000 - 0x00007fff33e85000 	C:\WINDOWS\System32\shlwapi.dll
0x00007fff32dc0000 - 0x00007fff32ddf000 	C:\WINDOWS\SYSTEM32\profapi.dll
0x00007fff17490000 - 0x00007fff174aa000 	C:\Program Files\Android\Android Studio\jre\bin\net.dll
0x00007fff29730000 - 0x00007fff2983a000 	C:\WINDOWS\SYSTEM32\WINHTTP.dll
0x00007fff32560000 - 0x00007fff325ca000 	C:\WINDOWS\system32\mswsock.dll
0x00007fff17470000 - 0x00007fff17484000 	C:\Program Files\Android\Android Studio\jre\bin\nio.dll
0x00007fff2ceb0000 - 0x00007fff2ced7000 	C:\Users\PARTH\.gradle\native\e1d6ef7f7dcc3fd88c89a11ec53ec762bb8ba0a96d01ffa2cd45eb1d1d8dd5c5\windows-amd64\native-platform.dll
0x00007fff25a60000 - 0x00007fff25ba4000 	C:\Users\PARTH\.gradle\native\0d407fdbe67a94daf76414ababcb853783967236a71b16ec16e742cd7a986fd3\windows-amd64\native-platform-file-events.dll
0x00007fff0e0a0000 - 0x00007fff0e0aa000 	C:\Program Files\Android\Android Studio\jre\bin\management.dll
0x00007fff0e090000 - 0x00007fff0e09d000 	C:\Program Files\Android\Android Studio\jre\bin\management_ext.dll
0x00007fff327c0000 - 0x00007fff327d8000 	C:\WINDOWS\SYSTEM32\CRYPTSP.dll
0x00007fff31e80000 - 0x00007fff31eb4000 	C:\WINDOWS\system32\rsaenh.dll
0x00007fff331e0000 - 0x00007fff33207000 	C:\WINDOWS\System32\bcrypt.dll
0x00007fff32d40000 - 0x00007fff32d6e000 	C:\WINDOWS\SYSTEM32\USERENV.dll
0x00007fff327e0000 - 0x00007fff327ec000 	C:\WINDOWS\SYSTEM32\CRYPTBASE.dll
0x00007fff32250000 - 0x00007fff3228c000 	C:\WINDOWS\SYSTEM32\IPHLPAPI.DLL
0x00007fff337d0000 - 0x00007fff337d8000 	C:\WINDOWS\System32\NSI.dll
0x00007fff2aef0000 - 0x00007fff2af07000 	C:\WINDOWS\SYSTEM32\dhcpcsvc6.DLL
0x00007fff2b2e0000 - 0x00007fff2b2fd000 	C:\WINDOWS\SYSTEM32\dhcpcsvc.DLL
0x00007fff32290000 - 0x00007fff3235b000 	C:\WINDOWS\SYSTEM32\DNSAPI.dll

dbghelp: loaded successfully - version: 4.0.5 - missing functions: none
symbol engine: initialized successfully - sym options: 0x614 - pdb path: .;C:\Program Files\Android\Android Studio\jre\bin;C:\WINDOWS\SYSTEM32;C:\WINDOWS\WinSxS\amd64_microsoft.windows.common-controls_6595b64144ccf1df_6.0.19041.1110_none_60b5254171f9507e;C:\Program Files\Android\Android Studio\jre\bin\server;C:\Users\PARTH\.gradle\native\e1d6ef7f7dcc3fd88c89a11ec53ec762bb8ba0a96d01ffa2cd45eb1d1d8dd5c5\windows-amd64;C:\Users\PARTH\.gradle\native\0d407fdbe67a94daf76414ababcb853783967236a71b16ec16e742cd7a986fd3\windows-amd64

VM Arguments:
jvm_args: --add-opens=java.base/java.util=ALL-UNNAMED --add-opens=java.base/java.lang=ALL-UNNAMED --add-opens=java.base/java.lang.invoke=ALL-UNNAMED --add-opens=java.base/java.util=ALL-UNNAMED --add-opens=java.prefs/java.util.prefs=ALL-UNNAMED --add-opens=java.prefs/java.util.prefs=ALL-UNNAMED --add-opens=java.base/java.nio.charset=ALL-UNNAMED --add-opens=java.base/java.net=ALL-UNNAMED --add-opens=java.base/java.util.concurrent.atomic=ALL-UNNAMED -Xmx2048m -Dfile.encoding=UTF-8 -Duser.country=US -Duser.language=en -Duser.variant 
java_command: org.gradle.launcher.daemon.bootstrap.GradleDaemon 7.4
java_class_path (initial): C:\Users\PARTH\.gradle\wrapper\dists\gradle-7.4-bin\c0gwcg53nkjbqw7r0h0umtfvt\gradle-7.4\lib\gradle-launcher-7.4.jar
Launcher Type: SUN_STANDARD

[Global flags]
     intx CICompilerCount                          = 4                                         {product} {ergonomic}
     uint ConcGCThreads                            = 2                                         {product} {ergonomic}
     uint G1ConcRefinementThreads                  = 8                                         {product} {ergonomic}
   size_t G1HeapRegionSize                         = 1048576                                   {product} {ergonomic}
    uintx GCDrainStackTargetSize                   = 64                                        {product} {ergonomic}
   size_t InitialHeapSize                          = 134217728                                 {product} {ergonomic}
   size_t MarkStackSize                            = 4194304                                   {product} {ergonomic}
   size_t MaxHeapSize                              = 2147483648                                {product} {command line}
   size_t MaxNewSize                               = 1287651328                                {product} {ergonomic}
   size_t MinHeapDeltaBytes                        = 1048576                                   {product} {ergonomic}
    uintx NonNMethodCodeHeapSize                   = 5836300                                {pd product} {ergonomic}
    uintx NonProfiledCodeHeapSize                  = 122910970                              {pd product} {ergonomic}
    uintx ProfiledCodeHeapSize                     = 122910970                              {pd product} {ergonomic}
    uintx ReservedCodeCacheSize                    = 251658240                              {pd product} {ergonomic}
     bool SegmentedCodeCache                       = true                                      {product} {ergonomic}
     bool UseCompressedClassPointers               = true                                 {lp64_product} {ergonomic}
     bool UseCompressedOops                        = true                                 {lp64_product} {ergonomic}
     bool UseG1GC                                  = true                                      {product} {ergonomic}
     bool UseLargePagesIndividualAllocation        = false                                  {pd product} {ergonomic}

Logging:
Log output configuration:
 #0: stdout all=warning uptime,level,tags
 #1: stderr all=off uptime,level,tags

Environment Variables:
PATH=C:\Program Files\Common Files\Oracle\Java\javapath;C:\WINDOWS\system32;C:\WINDOWS;C:\WINDOWS\System32\Wbem;C:\WINDOWS\System32\WindowsPowerShell\v1.0\;C:\WINDOWS\System32\OpenSSH\;C:\Program Files\NVIDIA Corporation\NVIDIA NvDLISR;C:\Program Files (x86)\NVIDIA Corporation\PhysX\Common;C:\Program Files\Git\cmd;C:\Users\PARTH\AppData\Local\Microsoft\WindowsApps;;C:\Users\PARTH\AppData\Local\Programs\Microsoft VS Code\bin
USERNAME=PARTH
OS=Windows_NT
PROCESSOR_IDENTIFIER=Intel64 Family 6 Model 165 Stepping 2, GenuineIntel



---------------  S Y S T E M  ---------------

OS: Windows 10 , 64 bit Build 19041 (10.0.19041.2788)
OS uptime: 5 days 7:48 hours

CPU:total 8 (initial active 8) (4 cores per cpu, 2 threads per core) family 6 model 165 stepping 2 microcode 0xf0, cmov, cx8, fxsr, mmx, sse, sse2, sse3, ssse3, sse4.1, sse4.2, popcnt, avx, avx2, aes, clmul, erms, 3dnowpref, lzcnt, ht, tsc, tscinvbit, bmi1, bmi2, adx, fma

Memory: 4k page, system-wide physical 8099M (488M free)
TotalPageFile size 21724M (AvailPageFile size 22M)
current process WorkingSet (physical memory assigned to process): 428M, peak: 497M
current process commit charge ("private bytes"): 558M, peak: 604M

vm_info: OpenJDK 64-Bit Server VM (11.0.13+0-b1751.21-8125866) for windows-amd64 JRE (11.0.13+0-b1751.21-8125866), built on Feb  2 2022 03:00:22 by "builder" with MS VC++ 14.0 (VS2015)

END.
