#
# There is insufficient memory for the Java Runtime Environment to continue.
# Native memory allocation (mmap) failed to map 89128960 bytes for Failed to commit area from 0x000000008de00000 to 0x0000000093300000 of length 89128960.
# Possible reasons:
#   The system is out of physical RAM or swap space
#   The process is running with CompressedOops enabled, and the Java Heap may be blocking the growth of the native heap
# Possible solutions:
#   Reduce memory load on the system
#   Increase physical memory or swap space
#   Check if swap backing store is full
#   Decrease Java heap size (-Xmx/-Xms)
#   Decrease number of Java threads
#   Decrease Java thread stack sizes (-Xss)
#   Set larger code cache with -XX:ReservedCodeCacheSize=
#   JVM is running with Unscaled Compressed Oops mode in which the Java heap is
#     placed in the first 4GB address space. The Java Heap base address is the
#     maximum limit for the native heap growth. Please use -XX:HeapBaseMinAddress
#     to set the Java Heap base and to place the Java Heap above 4GB virtual address.
# This output file may be truncated or incomplete.
#
#  Out of Memory Error (./src/hotspot/os/windows/os_windows.cpp:3619), pid=6016, tid=9456
#
# JRE version: OpenJDK Runtime Environment (11.0.13) (build 11.0.13+0-b1751.21-8125866)
# Java VM: OpenJDK 64-Bit Server VM (11.0.13+0-b1751.21-8125866, mixed mode, tiered, compressed oops, g1 gc, windows-amd64)
# No core dump will be written. Minidumps are not enabled by default on client versions of Windows
#

---------------  S U M M A R Y ------------

Command Line: --add-opens=java.base/java.util=ALL-UNNAMED --add-opens=java.base/java.lang=ALL-UNNAMED --add-opens=java.base/java.lang.invoke=ALL-UNNAMED --add-opens=java.base/java.util=ALL-UNNAMED --add-opens=java.prefs/java.util.prefs=ALL-UNNAMED --add-opens=java.prefs/java.util.prefs=ALL-UNNAMED --add-opens=java.base/java.nio.charset=ALL-UNNAMED --add-opens=java.base/java.net=ALL-UNNAMED --add-opens=java.base/java.util.concurrent.atomic=ALL-UNNAMED -Xmx2048m -Dfile.encoding=UTF-8 -Duser.country=US -Duser.language=en -Duser.variant org.gradle.launcher.daemon.bootstrap.GradleDaemon 7.4

Host: Intel(R) Core(TM) i5-10300H CPU @ 2.50GHz, 8 cores, 7G,  Windows 10 , 64 bit Build 19041 (10.0.19041.2788)
Time: Wed Apr 19 17:28:10 2023 India Standard Time elapsed time: 10.805554 seconds (0d 0h 0m 10s)

---------------  T H R E A D  ---------------

Current thread (0x000002ad2b5bd000):  VMThread "VM Thread" [stack: 0x000000c13f600000,0x000000c13f700000] [id=9456]

Stack: [0x000000c13f600000,0x000000c13f700000]
[error occurred during error reporting (printing stack bounds), id 0xc0000005, EXCEPTION_ACCESS_VIOLATION (0xc0000005) at pc=0x000002ad1447112d]

Native frames: (J=compiled Java code, j=interpreted, Vv=VM code, C=native code)
V  [jvm.dll+0x6100fa]
V  [jvm.dll+0x747090]
V  [jvm.dll+0x7486ad]
V  [jvm.dll+0x748ce5]
V  [jvm.dll+0x748c9b]
V  [jvm.dll+0x60f224]
V  [jvm.dll+0x60f9b8]
C  [ntdll.dll+0xa23df]
C  [ntdll.dll+0x514a4]
C  [ntdll.dll+0xa0f0e]
C  0x000002ad1447112d

VM_Operation (0x000000c1409f8120): G1CollectForAllocation, mode: safepoint, requested by thread 0x000002ad2d8f3000


---------------  P R O C E S S  ---------------

Threads class SMR info:
_java_thread_list=0x000002ad3462adf0, length=126, elements={
0x000002ad1093b800, 0x000002ad2b5bf000, 0x000002ad2b5ca800, 0x000002ad2b5d8800,
0x000002ad2b5da000, 0x000002ad2b5dc000, 0x000002ad2b5df000, 0x000002ad2b5e0800,
0x000002ad2b5eb800, 0x000002ad2c0bb000, 0x000002ad2df58000, 0x000002ad2d217000,
0x000002ad2f7a8000, 0x000002ad2debf800, 0x000002ad2e137000, 0x000002ad2d9fb800,
0x000002ad2d8f3000, 0x000002ad2e12b800, 0x000002ad2d57f800, 0x000002ad2d4a9800,
0x000002ad2de29000, 0x000002ad2de26800, 0x000002ad2de25800, 0x000002ad2de28000,
0x000002ad2de2a800, 0x000002ad2de2c000, 0x000002ad2de2a000, 0x000002ad2de2b800,
0x000002ad2de27800, 0x000002ad2df1e800, 0x000002ad2df23800, 0x000002ad2df20000,
0x000002ad2df21000, 0x000002ad2df22800, 0x000002ad2df25000, 0x000002ad2df24000,
0x000002ad2df1f000, 0x000002ad2df27800, 0x000002ad2df26800, 0x000002ad2df2a000,
0x000002ad2df29000, 0x000002ad2df28000, 0x000002ad2df2a800, 0x000002ad2df2c800,
0x000002ad2df2d000, 0x000002ad32145000, 0x000002ad3214a800, 0x000002ad32147800,
0x000002ad32146000, 0x000002ad32148800, 0x000002ad32149000, 0x000002ad3214a000,
0x000002ad32146800, 0x000002ad3214f800, 0x000002ad3214b800, 0x000002ad32150800,
0x000002ad32151800, 0x000002ad3214c800, 0x000002ad3214e000, 0x000002ad32152000,
0x000002ad32153000, 0x000002ad3214d000, 0x000002ad32153800, 0x000002ad3214f000,
0x000002ad325e7800, 0x000002ad325eb000, 0x000002ad325ea000, 0x000002ad325e5000,
0x000002ad325e8800, 0x000002ad325e9000, 0x000002ad325eb800, 0x000002ad325e6000,
0x000002ad325ec800, 0x000002ad325e7000, 0x000002ad325ee000, 0x000002ad325f0800,
0x000002ad325ed800, 0x000002ad325f3000, 0x000002ad325ef000, 0x000002ad325f0000,
0x000002ad325f4000, 0x000002ad325f1800, 0x000002ad325f2000, 0x000002ad30443000,
0x000002ad30441800, 0x000002ad30443800, 0x000002ad30448000, 0x000002ad30447000,
0x000002ad30444800, 0x000002ad30446000, 0x000002ad30442000, 0x000002ad30448800,
0x000002ad30449800, 0x000002ad3044a800, 0x000002ad3044b000, 0x000002ad30445800,
0x000002ad30450000, 0x000002ad3044c000, 0x000002ad3044e800, 0x000002ad3044c800,
0x000002ad3044d800, 0x000002ad3044f000, 0x000002ad30474000, 0x000002ad30478000,
0x000002ad30479000, 0x000002ad30473800, 0x000002ad30477800, 0x000002ad30476800,
0x000002ad30475000, 0x000002ad3047a000, 0x000002ad3047a800, 0x000002ad3047b800,
0x000002ad30476000, 0x000002ad3047c800, 0x000002ad3047d000, 0x000002ad30480800,
0x000002ad3047e000, 0x000002ad30482000, 0x000002ad30481000, 0x000002ad3047e800,
0x000002ad3047f800, 0x000002ad32886800, 0x000002ad32884800, 0x000002ad32883000,
0x000002ad32889800, 0x000002ad31d95000
}

Java Threads: ( => current thread )
  0x000002ad1093b800 JavaThread "main" [_thread_blocked, id=22384, stack(0x000000c13f000000,0x000000c13f100000)]
  0x000002ad2b5bf000 JavaThread "Reference Handler" daemon [_thread_blocked, id=11592, stack(0x000000c13f700000,0x000000c13f800000)]
  0x000002ad2b5ca800 JavaThread "Finalizer" daemon [_thread_blocked, id=21444, stack(0x000000c13f800000,0x000000c13f900000)]
  0x000002ad2b5d8800 JavaThread "Signal Dispatcher" daemon [_thread_blocked, id=8056, stack(0x000000c13f900000,0x000000c13fa00000)]
  0x000002ad2b5da000 JavaThread "Attach Listener" daemon [_thread_blocked, id=19260, stack(0x000000c13fa00000,0x000000c13fb00000)]
  0x000002ad2b5dc000 JavaThread "Service Thread" daemon [_thread_blocked, id=12004, stack(0x000000c13fb00000,0x000000c13fc00000)]
  0x000002ad2b5df000 JavaThread "C2 CompilerThread0" daemon [_thread_in_native, id=1416, stack(0x000000c13fc00000,0x000000c13fd00000)]
  0x000002ad2b5e0800 JavaThread "C1 CompilerThread0" daemon [_thread_blocked, id=2160, stack(0x000000c13fd00000,0x000000c13fe00000)]
  0x000002ad2b5eb800 JavaThread "Sweeper thread" daemon [_thread_blocked, id=22748, stack(0x000000c13fe00000,0x000000c13ff00000)]
  0x000002ad2c0bb000 JavaThread "Common-Cleaner" daemon [_thread_blocked, id=18504, stack(0x000000c13ff00000,0x000000c140000000)]
  0x000002ad2df58000 JavaThread "Daemon health stats" [_thread_blocked, id=13524, stack(0x000000c140300000,0x000000c140400000)]
  0x000002ad2d217000 JavaThread "Incoming local TCP Connector on port 55458" [_thread_in_native, id=18712, stack(0x000000c140400000,0x000000c140500000)]
  0x000002ad2f7a8000 JavaThread "Daemon periodic checks" [_thread_blocked, id=22964, stack(0x000000c140500000,0x000000c140600000)]
  0x000002ad2debf800 JavaThread "Daemon" [_thread_blocked, id=15668, stack(0x000000c140600000,0x000000c140700000)]
  0x000002ad2e137000 JavaThread "Handler for socket connection from /127.0.0.1:55458 to /127.0.0.1:55459" [_thread_in_native, id=19884, stack(0x000000c140700000,0x000000c140800000)]
  0x000002ad2d9fb800 JavaThread "Cancel handler" [_thread_blocked, id=17728, stack(0x000000c140800000,0x000000c140900000)]
  0x000002ad2d8f3000 JavaThread "Daemon worker" [_thread_blocked, id=23128, stack(0x000000c140900000,0x000000c140a00000)]
  0x000002ad2e12b800 JavaThread "Asynchronous log dispatcher for DefaultDaemonConnection: socket connection from /127.0.0.1:55458 to /127.0.0.1:55459" [_thread_blocked, id=12268, stack(0x000000c140a00000,0x000000c140b00000)]
  0x000002ad2d57f800 JavaThread "Stdin handler" [_thread_blocked, id=1704, stack(0x000000c140b00000,0x000000c140c00000)]
  0x000002ad2d4a9800 JavaThread "Daemon client event forwarder" [_thread_blocked, id=13656, stack(0x000000c140c00000,0x000000c140d00000)]
  0x000002ad2de29000 JavaThread "Cache worker for journal cache (C:\Users\PARTH\.gradle\caches\journal-1)" [_thread_blocked, id=23364, stack(0x000000c141200000,0x000000c141300000)]
  0x000002ad2de26800 JavaThread "File lock request listener" [_thread_in_native, id=16712, stack(0x000000c141300000,0x000000c141400000)]
  0x000002ad2de25800 JavaThread "Cache worker for file hash cache (C:\Users\PARTH\.gradle\caches\7.4\fileHashes)" [_thread_blocked, id=22596, stack(0x000000c141500000,0x000000c141600000)]
  0x000002ad2de28000 JavaThread "File watcher server" daemon [_thread_in_native, id=880, stack(0x000000c141600000,0x000000c141700000)]
  0x000002ad2de2a800 JavaThread "File watcher consumer" daemon [_thread_blocked, id=14056, stack(0x000000c141700000,0x000000c141800000)]
  0x000002ad2de2c000 JavaThread "jar transforms" [_thread_blocked, id=16464, stack(0x000000c141800000,0x000000c141900000)]
  0x000002ad2de2a000 JavaThread "jar transforms Thread 2" [_thread_blocked, id=6228, stack(0x000000c141900000,0x000000c141a00000)]
  0x000002ad2de2b800 JavaThread "jar transforms Thread 3" [_thread_blocked, id=13688, stack(0x000000c141a00000,0x000000c141b00000)]
  0x000002ad2de27800 JavaThread "jar transforms Thread 4" [_thread_blocked, id=15280, stack(0x000000c141b00000,0x000000c141c00000)]
  0x000002ad2df1e800 JavaThread "jar transforms Thread 5" [_thread_blocked, id=13500, stack(0x000000c141c00000,0x000000c141d00000)]
  0x000002ad2df23800 JavaThread "jar transforms Thread 6" [_thread_blocked, id=12852, stack(0x000000c141d00000,0x000000c141e00000)]
  0x000002ad2df20000 JavaThread "jar transforms Thread 7" [_thread_blocked, id=20044, stack(0x000000c141e00000,0x000000c141f00000)]
  0x000002ad2df21000 JavaThread "jar transforms Thread 8" [_thread_blocked, id=4176, stack(0x000000c141f00000,0x000000c142000000)]
  0x000002ad2df22800 JavaThread "Cache worker for checksums cache (C:\Users\PARTH\AndroidStudioProjects\completeaddress\.gradle\7.4\checksums)" [_thread_blocked, id=12364, stack(0x000000c142000000,0x000000c142100000)]
  0x000002ad2df25000 JavaThread "Cache worker for cache directory md-rule (C:\Users\PARTH\.gradle\caches\7.4\md-rule)" [_thread_blocked, id=17680, stack(0x000000c142100000,0x000000c142200000)]
  0x000002ad2df24000 JavaThread "Cache worker for file hash cache (C:\Users\PARTH\AndroidStudioProjects\completeaddress\.gradle\7.4\fileHashes)" [_thread_blocked, id=15296, stack(0x000000c142200000,0x000000c142300000)]
  0x000002ad2df1f000 JavaThread "Cache worker for cache directory md-supplier (C:\Users\PARTH\.gradle\caches\7.4\md-supplier)" [_thread_blocked, id=12476, stack(0x000000c142300000,0x000000c142400000)]
  0x000002ad2df27800 JavaThread "Cache worker for execution history cache (C:\Users\PARTH\.gradle\caches\7.4\executionHistory)" [_thread_blocked, id=9572, stack(0x000000c142400000,0x000000c142500000)]
  0x000002ad2df26800 JavaThread "Cache worker for file content cache (C:\Users\PARTH\.gradle\caches\7.4\fileContent)" [_thread_blocked, id=22924, stack(0x000000c142500000,0x000000c142600000)]
  0x000002ad2df2a000 JavaThread "Cache worker for dependencies-accessors (C:\Users\PARTH\AndroidStudioProjects\completeaddress\.gradle\7.4\dependencies-accessors)" [_thread_blocked, id=13204, stack(0x000000c142600000,0x000000c142700000)]
  0x000002ad2df29000 JavaThread "Cache worker for Build Output Cleanup Cache (C:\Users\PARTH\AndroidStudioProjects\completeaddress\.gradle\buildOutputCleanup)" [_thread_blocked, id=11124, stack(0x000000c142700000,0x000000c142800000)]
  0x000002ad2df28000 JavaThread "Unconstrained build operations" [_thread_blocked, id=22356, stack(0x000000c142800000,0x000000c142900000)]
  0x000002ad2df2a800 JavaThread "Unconstrained build operations Thread 2" [_thread_blocked, id=22808, stack(0x000000c142900000,0x000000c142a00000)]
  0x000002ad2df2c800 JavaThread "Unconstrained build operations Thread 3" [_thread_blocked, id=21720, stack(0x000000c142a00000,0x000000c142b00000)]
  0x000002ad2df2d000 JavaThread "Unconstrained build operations Thread 4" [_thread_blocked, id=6408, stack(0x000000c142b00000,0x000000c142c00000)]
  0x000002ad32145000 JavaThread "Unconstrained build operations Thread 5" [_thread_blocked, id=18052, stack(0x000000c142c00000,0x000000c142d00000)]
  0x000002ad3214a800 JavaThread "Unconstrained build operations Thread 6" [_thread_blocked, id=16792, stack(0x000000c142d00000,0x000000c142e00000)]
  0x000002ad32147800 JavaThread "Unconstrained build operations Thread 7" [_thread_blocked, id=5588, stack(0x000000c142e00000,0x000000c142f00000)]
  0x000002ad32146000 JavaThread "Unconstrained build operations Thread 8" [_thread_blocked, id=21544, stack(0x000000c142f00000,0x000000c143000000)]
  0x000002ad32148800 JavaThread "Unconstrained build operations Thread 9" [_thread_blocked, id=2768, stack(0x000000c143000000,0x000000c143100000)]
  0x000002ad32149000 JavaThread "Unconstrained build operations Thread 10" [_thread_blocked, id=14828, stack(0x000000c143100000,0x000000c143200000)]
  0x000002ad3214a000 JavaThread "Unconstrained build operations Thread 11" [_thread_blocked, id=20540, stack(0x000000c143200000,0x000000c143300000)]
  0x000002ad32146800 JavaThread "Unconstrained build operations Thread 12" [_thread_blocked, id=3008, stack(0x000000c143300000,0x000000c143400000)]
  0x000002ad3214f800 JavaThread "Unconstrained build operations Thread 13" [_thread_blocked, id=12756, stack(0x000000c143400000,0x000000c143500000)]
  0x000002ad3214b800 JavaThread "Unconstrained build operations Thread 14" [_thread_blocked, id=9680, stack(0x000000c143500000,0x000000c143600000)]
  0x000002ad32150800 JavaThread "Unconstrained build operations Thread 15" [_thread_blocked, id=16184, stack(0x000000c143600000,0x000000c143700000)]
  0x000002ad32151800 JavaThread "Unconstrained build operations Thread 16" [_thread_blocked, id=9348, stack(0x000000c143700000,0x000000c143800000)]
  0x000002ad3214c800 JavaThread "Unconstrained build operations Thread 17" [_thread_blocked, id=8892, stack(0x000000c143800000,0x000000c143900000)]
  0x000002ad3214e000 JavaThread "Unconstrained build operations Thread 18" [_thread_blocked, id=17212, stack(0x000000c143900000,0x000000c143a00000)]
  0x000002ad32152000 JavaThread "Unconstrained build operations Thread 19" [_thread_blocked, id=16392, stack(0x000000c143a00000,0x000000c143b00000)]
  0x000002ad32153000 JavaThread "Unconstrained build operations Thread 20" [_thread_blocked, id=8540, stack(0x000000c143b00000,0x000000c143c00000)]
  0x000002ad3214d000 JavaThread "Unconstrained build operations Thread 21" [_thread_blocked, id=7496, stack(0x000000c143c00000,0x000000c143d00000)]
  0x000002ad32153800 JavaThread "Unconstrained build operations Thread 22" [_thread_blocked, id=8948, stack(0x000000c143d00000,0x000000c143e00000)]
  0x000002ad3214f000 JavaThread "Unconstrained build operations Thread 23" [_thread_blocked, id=6112, stack(0x000000c143e00000,0x000000c143f00000)]
  0x000002ad325e7800 JavaThread "Unconstrained build operations Thread 24" [_thread_blocked, id=8240, stack(0x000000c143f00000,0x000000c144000000)]
  0x000002ad325eb000 JavaThread "Unconstrained build operations Thread 25" [_thread_blocked, id=2112, stack(0x000000c144000000,0x000000c144100000)]
  0x000002ad325ea000 JavaThread "Unconstrained build operations Thread 26" [_thread_blocked, id=6304, stack(0x000000c144100000,0x000000c144200000)]
  0x000002ad325e5000 JavaThread "Unconstrained build operations Thread 27" [_thread_blocked, id=2312, stack(0x000000c144200000,0x000000c144300000)]
  0x000002ad325e8800 JavaThread "Unconstrained build operations Thread 28" [_thread_blocked, id=11540, stack(0x000000c144300000,0x000000c144400000)]
  0x000002ad325e9000 JavaThread "Unconstrained build operations Thread 29" [_thread_blocked, id=14740, stack(0x000000c144400000,0x000000c144500000)]
  0x000002ad325eb800 JavaThread "Unconstrained build operations Thread 30" [_thread_blocked, id=16412, stack(0x000000c144500000,0x000000c144600000)]
  0x000002ad325e6000 JavaThread "Unconstrained build operations Thread 31" [_thread_blocked, id=1816, stack(0x000000c144600000,0x000000c144700000)]
  0x000002ad325ec800 JavaThread "Unconstrained build operations Thread 32" [_thread_blocked, id=16396, stack(0x000000c144700000,0x000000c144800000)]
  0x000002ad325e7000 JavaThread "Unconstrained build operations Thread 33" [_thread_blocked, id=19244, stack(0x000000c144800000,0x000000c144900000)]
  0x000002ad325ee000 JavaThread "Unconstrained build operations Thread 34" [_thread_blocked, id=23124, stack(0x000000c144900000,0x000000c144a00000)]
  0x000002ad325f0800 JavaThread "Unconstrained build operations Thread 35" [_thread_blocked, id=12396, stack(0x000000c144a00000,0x000000c144b00000)]
  0x000002ad325ed800 JavaThread "Unconstrained build operations Thread 36" [_thread_blocked, id=4336, stack(0x000000c144b00000,0x000000c144c00000)]
  0x000002ad325f3000 JavaThread "Unconstrained build operations Thread 37" [_thread_blocked, id=15816, stack(0x000000c144c00000,0x000000c144d00000)]
  0x000002ad325ef000 JavaThread "Unconstrained build operations Thread 38" [_thread_blocked, id=23328, stack(0x000000c144d00000,0x000000c144e00000)]
  0x000002ad325f0000 JavaThread "Unconstrained build operations Thread 39" [_thread_blocked, id=20404, stack(0x000000c144e00000,0x000000c144f00000)]
  0x000002ad325f4000 JavaThread "Unconstrained build operations Thread 40" [_thread_blocked, id=17888, stack(0x000000c144f00000,0x000000c145000000)]
  0x000002ad325f1800 JavaThread "Unconstrained build operations Thread 41" [_thread_blocked, id=10728, stack(0x000000c145000000,0x000000c145100000)]
  0x000002ad325f2000 JavaThread "Unconstrained build operations Thread 42" [_thread_blocked, id=22208, stack(0x000000c145100000,0x000000c145200000)]
  0x000002ad30443000 JavaThread "Unconstrained build operations Thread 43" [_thread_blocked, id=18176, stack(0x000000c145200000,0x000000c145300000)]
  0x000002ad30441800 JavaThread "Unconstrained build operations Thread 44" [_thread_blocked, id=11132, stack(0x000000c145300000,0x000000c145400000)]
  0x000002ad30443800 JavaThread "Unconstrained build operations Thread 45" [_thread_blocked, id=21924, stack(0x000000c145400000,0x000000c145500000)]
  0x000002ad30448000 JavaThread "Unconstrained build operations Thread 46" [_thread_blocked, id=2932, stack(0x000000c145500000,0x000000c145600000)]
  0x000002ad30447000 JavaThread "Unconstrained build operations Thread 47" [_thread_blocked, id=4220, stack(0x000000c145600000,0x000000c145700000)]
  0x000002ad30444800 JavaThread "Unconstrained build operations Thread 48" [_thread_blocked, id=13048, stack(0x000000c145700000,0x000000c145800000)]
  0x000002ad30446000 JavaThread "Unconstrained build operations Thread 49" [_thread_blocked, id=10612, stack(0x000000c145800000,0x000000c145900000)]
  0x000002ad30442000 JavaThread "Unconstrained build operations Thread 50" [_thread_blocked, id=3244, stack(0x000000c145900000,0x000000c145a00000)]
  0x000002ad30448800 JavaThread "Unconstrained build operations Thread 51" [_thread_blocked, id=22028, stack(0x000000c145a00000,0x000000c145b00000)]
  0x000002ad30449800 JavaThread "Unconstrained build operations Thread 52" [_thread_blocked, id=21808, stack(0x000000c145b00000,0x000000c145c00000)]
  0x000002ad3044a800 JavaThread "Unconstrained build operations Thread 53" [_thread_blocked, id=11748, stack(0x000000c145c00000,0x000000c145d00000)]
  0x000002ad3044b000 JavaThread "Unconstrained build operations Thread 54" [_thread_blocked, id=14076, stack(0x000000c145d00000,0x000000c145e00000)]
  0x000002ad30445800 JavaThread "Unconstrained build operations Thread 55" [_thread_blocked, id=13560, stack(0x000000c145e00000,0x000000c145f00000)]
  0x000002ad30450000 JavaThread "Unconstrained build operations Thread 56" [_thread_blocked, id=5724, stack(0x000000c145f00000,0x000000c146000000)]
  0x000002ad3044c000 JavaThread "Unconstrained build operations Thread 57" [_thread_blocked, id=17452, stack(0x000000c146000000,0x000000c146100000)]
  0x000002ad3044e800 JavaThread "Unconstrained build operations Thread 58" [_thread_blocked, id=4784, stack(0x000000c146100000,0x000000c146200000)]
  0x000002ad3044c800 JavaThread "Unconstrained build operations Thread 59" [_thread_blocked, id=8500, stack(0x000000c146200000,0x000000c146300000)]
  0x000002ad3044d800 JavaThread "Unconstrained build operations Thread 60" [_thread_blocked, id=16340, stack(0x000000c146300000,0x000000c146400000)]
  0x000002ad3044f000 JavaThread "Unconstrained build operations Thread 61" [_thread_blocked, id=7904, stack(0x000000c146400000,0x000000c146500000)]
  0x000002ad30474000 JavaThread "Unconstrained build operations Thread 62" [_thread_blocked, id=9856, stack(0x000000c146500000,0x000000c146600000)]
  0x000002ad30478000 JavaThread "Unconstrained build operations Thread 63" [_thread_blocked, id=15780, stack(0x000000c146600000,0x000000c146700000)]
  0x000002ad30479000 JavaThread "Unconstrained build operations Thread 64" [_thread_blocked, id=2020, stack(0x000000c146700000,0x000000c146800000)]
  0x000002ad30473800 JavaThread "Unconstrained build operations Thread 65" [_thread_blocked, id=12324, stack(0x000000c146800000,0x000000c146900000)]
  0x000002ad30477800 JavaThread "Unconstrained build operations Thread 66" [_thread_blocked, id=13160, stack(0x000000c146900000,0x000000c146a00000)]
  0x000002ad30476800 JavaThread "Unconstrained build operations Thread 67" [_thread_blocked, id=15060, stack(0x000000c146a00000,0x000000c146b00000)]
  0x000002ad30475000 JavaThread "Unconstrained build operations Thread 68" [_thread_blocked, id=9156, stack(0x000000c146b00000,0x000000c146c00000)]
  0x000002ad3047a000 JavaThread "Unconstrained build operations Thread 69" [_thread_blocked, id=9992, stack(0x000000c146c00000,0x000000c146d00000)]
  0x000002ad3047a800 JavaThread "Unconstrained build operations Thread 70" [_thread_blocked, id=6628, stack(0x000000c146d00000,0x000000c146e00000)]
  0x000002ad3047b800 JavaThread "Unconstrained build operations Thread 71" [_thread_blocked, id=21792, stack(0x000000c146e00000,0x000000c146f00000)]
  0x000002ad30476000 JavaThread "Unconstrained build operations Thread 72" [_thread_blocked, id=11260, stack(0x000000c146f00000,0x000000c147000000)]
  0x000002ad3047c800 JavaThread "Unconstrained build operations Thread 73" [_thread_blocked, id=7860, stack(0x000000c147000000,0x000000c147100000)]
  0x000002ad3047d000 JavaThread "Unconstrained build operations Thread 74" [_thread_blocked, id=17424, stack(0x000000c147100000,0x000000c147200000)]
  0x000002ad30480800 JavaThread "Unconstrained build operations Thread 75" [_thread_blocked, id=19544, stack(0x000000c147200000,0x000000c147300000)]
  0x000002ad3047e000 JavaThread "Unconstrained build operations Thread 76" [_thread_blocked, id=17400, stack(0x000000c147300000,0x000000c147400000)]
  0x000002ad30482000 JavaThread "Unconstrained build operations Thread 77" [_thread_blocked, id=7628, stack(0x000000c147400000,0x000000c147500000)]
  0x000002ad30481000 JavaThread "Unconstrained build operations Thread 78" [_thread_blocked, id=15640, stack(0x000000c147500000,0x000000c147600000)]
  0x000002ad3047e800 JavaThread "Unconstrained build operations Thread 79" [_thread_blocked, id=16228, stack(0x000000c147600000,0x000000c147700000)]
  0x000002ad3047f800 JavaThread "Unconstrained build operations Thread 80" [_thread_blocked, id=15248, stack(0x000000c147700000,0x000000c147800000)]
  0x000002ad32886800 JavaThread "Memory manager" [_thread_blocked, id=2132, stack(0x000000c147800000,0x000000c147900000)]
  0x000002ad32884800 JavaThread "pool-3-thread-1" [_thread_blocked, id=8008, stack(0x000000c147900000,0x000000c147a00000)]
  0x000002ad32883000 JavaThread "included builds" [_thread_blocked, id=21212, stack(0x000000c147a00000,0x000000c147b00000)]
  0x000002ad32889800 JavaThread "Cache worker for execution history cache (C:\Users\PARTH\AndroidStudioProjects\completeaddress\.gradle\7.4\executionHistory)" [_thread_blocked, id=16680, stack(0x000000c148200000,0x000000c148300000)]
  0x000002ad31d95000 JavaThread "C2 CompilerThread1" daemon [_thread_blocked, id=16036, stack(0x000000c147b00000,0x000000c147c00000)]

Other Threads:
=>0x000002ad2b5bd000 VMThread "VM Thread" [stack: 0x000000c13f600000,0x000000c13f700000] [id=9456]
  0x000002ad2c0ef800 WatcherThread [stack: 0x000000c140000000,0x000000c140100000] [id=2776]
  0x000002ad10955000 GCTaskThread "GC Thread#0" [stack: 0x000000c13f100000,0x000000c13f200000] [id=20460]
  0x000002ad2cfab800 GCTaskThread "GC Thread#1" [stack: 0x000000c140100000,0x000000c140200000] [id=9784]
  0x000002ad2c92c800 GCTaskThread "GC Thread#2" [stack: 0x000000c140200000,0x000000c140300000] [id=15376]
  0x000002ad2d9f1800 GCTaskThread "GC Thread#3" [stack: 0x000000c140d00000,0x000000c140e00000] [id=6104]
  0x000002ad2d58f800 GCTaskThread "GC Thread#4" [stack: 0x000000c140e00000,0x000000c140f00000] [id=10948]
  0x000002ad2d4d9000 GCTaskThread "GC Thread#5" [stack: 0x000000c140f00000,0x000000c141000000] [id=8464]
  0x000002ad2d525800 GCTaskThread "GC Thread#6" [stack: 0x000000c141000000,0x000000c141100000] [id=5836]
  0x000002ad2d526800 GCTaskThread "GC Thread#7" [stack: 0x000000c141100000,0x000000c141200000] [id=19296]
  0x000002ad10986000 ConcurrentGCThread "G1 Main Marker" [stack: 0x000000c13f200000,0x000000c13f300000] [id=6212]
  0x000002ad10988000 ConcurrentGCThread "G1 Conc#0" [stack: 0x000000c13f300000,0x000000c13f400000] [id=15552]
  0x000002ad2dace800 ConcurrentGCThread "G1 Conc#1" [stack: 0x000000c141400000,0x000000c141500000] [id=16308]
  0x000002ad2b410800 ConcurrentGCThread "G1 Refine#0" [stack: 0x000000c13f400000,0x000000c13f500000] [id=2796]
  0x000002ad2b411800 ConcurrentGCThread "G1 Young RemSet Sampling" [stack: 0x000000c13f500000,0x000000c13f600000] [id=7048]

Threads with active compile tasks:
C2 CompilerThread0  10832 10725       4       org.gradle.internal.reflect.MethodSet::add (50 bytes)
C2 CompilerThread1  10832 10659       4       org.gradle.internal.instantiation.generator.AbstractClassGenerator::inspectType (560 bytes)

VM state:at safepoint (normal execution)

VM Mutex/Monitor currently owned by a thread:  ([mutex/lock_event])
[0x000002ad10937c00] Threads_lock - owner thread: 0x000002ad2b5bd000
[0x000002ad10937420] Heap_lock - owner thread: 0x000002ad2d8f3000

Heap address: 0x0000000080000000, size: 2048 MB, Compressed Oops mode: 32-bit
Narrow klass base: 0x0000000000000000, Narrow klass shift: 3
Compressed class space size: 1073741824 Address: 0x0000000100000000

Heap:
 garbage-first heap   total 314368K, used 156683K [0x0000000080000000, 0x0000000100000000)
  region size 1024K, 4 young (4096K), 4 survivors (4096K)
 Metaspace       used 97819K, capacity 100196K, committed 100352K, reserved 1136640K
  class space    used 12374K, capacity 13254K, committed 13312K, reserved 1048576K
Heap Regions: E=young(eden), S=young(survivor), O=old, HS=humongous(starts), HC=humongous(continues), CS=collection set, F=free, A=archive, TAMS=top-at-mark-start (previous, next)
|   0|0x0000000080000000, 0x0000000080100000, 0x0000000080100000|100%| O|  |TAMS 0x0000000080100000, 0x0000000080000000| Untracked 
|   1|0x0000000080100000, 0x0000000080200000, 0x0000000080200000|100%| O|  |TAMS 0x0000000080200000, 0x0000000080100000| Untracked 
|   2|0x0000000080200000, 0x0000000080300000, 0x0000000080300000|100%| O|  |TAMS 0x0000000080300000, 0x0000000080200000| Untracked 
|   3|0x0000000080300000, 0x0000000080400000, 0x0000000080400000|100%|HS|  |TAMS 0x0000000080400000, 0x0000000080300000| Complete 
|   4|0x0000000080400000, 0x0000000080500000, 0x0000000080500000|100%|HC|  |TAMS 0x0000000080500000, 0x0000000080400000| Complete 
|   5|0x0000000080500000, 0x0000000080600000, 0x0000000080600000|100%|HC|  |TAMS 0x0000000080600000, 0x0000000080500000| Complete 
|   6|0x0000000080600000, 0x0000000080700000, 0x0000000080700000|100%| O|  |TAMS 0x0000000080700000, 0x0000000080600000| Untracked 
|   7|0x0000000080700000, 0x0000000080800000, 0x0000000080800000|100%| O|  |TAMS 0x0000000080800000, 0x0000000080700000| Untracked 
|   8|0x0000000080800000, 0x0000000080900000, 0x0000000080900000|100%| O|  |TAMS 0x0000000080900000, 0x0000000080800000| Untracked 
|   9|0x0000000080900000, 0x0000000080a00000, 0x0000000080a00000|100%| O|  |TAMS 0x0000000080a00000, 0x0000000080900000| Untracked 
|  10|0x0000000080a00000, 0x0000000080b00000, 0x0000000080b00000|100%| O|  |TAMS 0x0000000080b00000, 0x0000000080a00000| Untracked 
|  11|0x0000000080b00000, 0x0000000080c00000, 0x0000000080c00000|100%| O|  |TAMS 0x0000000080c00000, 0x0000000080b00000| Untracked 
|  12|0x0000000080c00000, 0x0000000080d00000, 0x0000000080d00000|100%| O|  |TAMS 0x0000000080d00000, 0x0000000080c00000| Untracked 
|  13|0x0000000080d00000, 0x0000000080e00000, 0x0000000080e00000|100%| O|  |TAMS 0x0000000080e00000, 0x0000000080d00000| Untracked 
|  14|0x0000000080e00000, 0x0000000080f00000, 0x0000000080f00000|100%| O|  |TAMS 0x0000000080f00000, 0x0000000080e00000| Untracked 
|  15|0x0000000080f00000, 0x0000000081000000, 0x0000000081000000|100%| O|  |TAMS 0x0000000081000000, 0x0000000080f00000| Untracked 
|  16|0x0000000081000000, 0x0000000081100000, 0x0000000081100000|100%| O|  |TAMS 0x0000000081100000, 0x0000000081000000| Untracked 
|  17|0x0000000081100000, 0x0000000081200000, 0x0000000081200000|100%|HS|  |TAMS 0x0000000081200000, 0x0000000081100000| Complete 
|  18|0x0000000081200000, 0x0000000081300000, 0x0000000081300000|100%|HC|  |TAMS 0x0000000081300000, 0x0000000081200000| Complete 
|  19|0x0000000081300000, 0x0000000081400000, 0x0000000081400000|100%|HS|  |TAMS 0x0000000081400000, 0x0000000081300000| Complete 
|  20|0x0000000081400000, 0x0000000081500000, 0x0000000081500000|100%|HC|  |TAMS 0x0000000081500000, 0x0000000081400000| Complete 
|  21|0x0000000081500000, 0x0000000081600000, 0x0000000081600000|100%|HC|  |TAMS 0x0000000081600000, 0x0000000081500000| Complete 
|  22|0x0000000081600000, 0x0000000081700000, 0x0000000081700000|100%|HS|  |TAMS 0x0000000081700000, 0x0000000081600000| Complete 
|  23|0x0000000081700000, 0x0000000081800000, 0x0000000081800000|100%|HC|  |TAMS 0x0000000081800000, 0x0000000081700000| Complete 
|  24|0x0000000081800000, 0x0000000081900000, 0x0000000081900000|100%|HC|  |TAMS 0x0000000081900000, 0x0000000081800000| Complete 
|  25|0x0000000081900000, 0x0000000081a00000, 0x0000000081a00000|100%|HS|  |TAMS 0x0000000081a00000, 0x0000000081900000| Complete 
|  26|0x0000000081a00000, 0x0000000081b00000, 0x0000000081b00000|100%|HC|  |TAMS 0x0000000081b00000, 0x0000000081a00000| Complete 
|  27|0x0000000081b00000, 0x0000000081c00000, 0x0000000081c00000|100%|HC|  |TAMS 0x0000000081c00000, 0x0000000081b00000| Complete 
|  28|0x0000000081c00000, 0x0000000081d00000, 0x0000000081d00000|100%|HC|  |TAMS 0x0000000081d00000, 0x0000000081c00000| Complete 
|  29|0x0000000081d00000, 0x0000000081e00000, 0x0000000081e00000|100%|HS|  |TAMS 0x0000000081e00000, 0x0000000081d00000| Complete 
|  30|0x0000000081e00000, 0x0000000081f00000, 0x0000000081f00000|100%|HC|  |TAMS 0x0000000081f00000, 0x0000000081e00000| Complete 
|  31|0x0000000081f00000, 0x0000000082000000, 0x0000000082000000|100%|HC|  |TAMS 0x0000000082000000, 0x0000000081f00000| Complete 
|  32|0x0000000082000000, 0x0000000082100000, 0x0000000082100000|100%|HC|  |TAMS 0x0000000082100000, 0x0000000082000000| Complete 
|  33|0x0000000082100000, 0x0000000082200000, 0x0000000082200000|100%|HC|  |TAMS 0x0000000082200000, 0x0000000082100000| Complete 
|  34|0x0000000082200000, 0x0000000082300000, 0x0000000082300000|100%| O|  |TAMS 0x0000000082300000, 0x0000000082200000| Untracked 
|  35|0x0000000082300000, 0x0000000082400000, 0x0000000082400000|100%| O|  |TAMS 0x0000000082400000, 0x0000000082300000| Untracked 
|  36|0x0000000082400000, 0x0000000082500000, 0x0000000082500000|100%| O|  |TAMS 0x0000000082500000, 0x0000000082400000| Untracked 
|  37|0x0000000082500000, 0x0000000082600000, 0x0000000082600000|100%| O|  |TAMS 0x0000000082600000, 0x0000000082500000| Untracked 
|  38|0x0000000082600000, 0x0000000082700000, 0x0000000082700000|100%| O|  |TAMS 0x0000000082700000, 0x0000000082600000| Untracked 
|  39|0x0000000082700000, 0x0000000082800000, 0x0000000082800000|100%| O|  |TAMS 0x0000000082800000, 0x0000000082700000| Untracked 
|  40|0x0000000082800000, 0x0000000082900000, 0x0000000082900000|100%| O|  |TAMS 0x0000000082900000, 0x0000000082800000| Untracked 
|  41|0x0000000082900000, 0x0000000082a00000, 0x0000000082a00000|100%| O|  |TAMS 0x0000000082a00000, 0x0000000082900000| Untracked 
|  42|0x0000000082a00000, 0x0000000082b00000, 0x0000000082b00000|100%|HS|  |TAMS 0x0000000082b00000, 0x0000000082a00000| Complete 
|  43|0x0000000082b00000, 0x0000000082c00000, 0x0000000082c00000|100%|HC|  |TAMS 0x0000000082c00000, 0x0000000082b00000| Complete 
|  44|0x0000000082c00000, 0x0000000082d00000, 0x0000000082d00000|100%|HC|  |TAMS 0x0000000082d00000, 0x0000000082c00000| Complete 
|  45|0x0000000082d00000, 0x0000000082e00000, 0x0000000082e00000|100%|HC|  |TAMS 0x0000000082e00000, 0x0000000082d00000| Complete 
|  46|0x0000000082e00000, 0x0000000082f00000, 0x0000000082f00000|100%|HS|  |TAMS 0x0000000082f00000, 0x0000000082e00000| Complete 
|  47|0x0000000082f00000, 0x0000000083000000, 0x0000000083000000|100%|HC|  |TAMS 0x0000000083000000, 0x0000000082f00000| Complete 
|  48|0x0000000083000000, 0x0000000083100000, 0x0000000083100000|100%|HC|  |TAMS 0x0000000083100000, 0x0000000083000000| Complete 
|  49|0x0000000083100000, 0x0000000083200000, 0x0000000083200000|100%|HS|  |TAMS 0x0000000083200000, 0x0000000083100000| Complete 
|  50|0x0000000083200000, 0x0000000083300000, 0x0000000083300000|100%|HC|  |TAMS 0x0000000083300000, 0x0000000083200000| Complete 
|  51|0x0000000083300000, 0x0000000083400000, 0x0000000083400000|100%|HS|  |TAMS 0x0000000083400000, 0x0000000083300000| Complete 
|  52|0x0000000083400000, 0x0000000083500000, 0x0000000083500000|100%|HC|  |TAMS 0x0000000083500000, 0x0000000083400000| Complete 
|  53|0x0000000083500000, 0x0000000083600000, 0x0000000083600000|100%|HC|  |TAMS 0x0000000083600000, 0x0000000083500000| Complete 
|  54|0x0000000083600000, 0x0000000083700000, 0x0000000083700000|100%| O|  |TAMS 0x0000000083700000, 0x0000000083600000| Untracked 
|  55|0x0000000083700000, 0x0000000083800000, 0x0000000083800000|100%| O|  |TAMS 0x0000000083800000, 0x0000000083700000| Untracked 
|  56|0x0000000083800000, 0x0000000083900000, 0x0000000083900000|100%| O|  |TAMS 0x0000000083900000, 0x0000000083800000| Untracked 
|  57|0x0000000083900000, 0x0000000083a00000, 0x0000000083a00000|100%| O|  |TAMS 0x0000000083a00000, 0x0000000083900000| Untracked 
|  58|0x0000000083a00000, 0x0000000083b00000, 0x0000000083b00000|100%| O|  |TAMS 0x0000000083b00000, 0x0000000083a00000| Untracked 
|  59|0x0000000083b00000, 0x0000000083c00000, 0x0000000083c00000|100%| O|  |TAMS 0x0000000083c00000, 0x0000000083b00000| Untracked 
|  60|0x0000000083c00000, 0x0000000083d00000, 0x0000000083d00000|100%| O|  |TAMS 0x0000000083d00000, 0x0000000083c00000| Untracked 
|  61|0x0000000083d00000, 0x0000000083e00000, 0x0000000083e00000|100%|HS|  |TAMS 0x0000000083e00000, 0x0000000083d00000| Complete 
|  62|0x0000000083e00000, 0x0000000083f00000, 0x0000000083f00000|100%|HC|  |TAMS 0x0000000083f00000, 0x0000000083e00000| Complete 
|  63|0x0000000083f00000, 0x0000000084000000, 0x0000000084000000|100%|HC|  |TAMS 0x0000000084000000, 0x0000000083f00000| Complete 
|  64|0x0000000084000000, 0x0000000084100000, 0x0000000084100000|100%|HC|  |TAMS 0x0000000084100000, 0x0000000084000000| Complete 
|  65|0x0000000084100000, 0x0000000084200000, 0x0000000084200000|100%|HC|  |TAMS 0x0000000084200000, 0x0000000084100000| Complete 
|  66|0x0000000084200000, 0x0000000084300000, 0x0000000084300000|100%| O|  |TAMS 0x0000000084300000, 0x0000000084200000| Untracked 
|  67|0x0000000084300000, 0x0000000084400000, 0x0000000084400000|100%| O|  |TAMS 0x0000000084400000, 0x0000000084300000| Untracked 
|  68|0x0000000084400000, 0x0000000084500000, 0x0000000084500000|100%| O|  |TAMS 0x0000000084500000, 0x0000000084400000| Untracked 
|  69|0x0000000084500000, 0x0000000084600000, 0x0000000084600000|100%| O|  |TAMS 0x0000000084600000, 0x0000000084500000| Untracked 
|  70|0x0000000084600000, 0x0000000084700000, 0x0000000084700000|100%| O|  |TAMS 0x0000000084700000, 0x0000000084600000| Untracked 
|  71|0x0000000084700000, 0x0000000084800000, 0x0000000084800000|100%| O|  |TAMS 0x0000000084800000, 0x0000000084700000| Untracked 
|  72|0x0000000084800000, 0x0000000084900000, 0x0000000084900000|100%|HS|  |TAMS 0x0000000084900000, 0x0000000084800000| Complete 
|  73|0x0000000084900000, 0x0000000084a00000, 0x0000000084a00000|100%|HS|  |TAMS 0x0000000084a00000, 0x0000000084900000| Complete 
|  74|0x0000000084a00000, 0x0000000084b00000, 0x0000000084b00000|100%| O|  |TAMS 0x0000000084b00000, 0x0000000084a00000| Untracked 
|  75|0x0000000084b00000, 0x0000000084c00000, 0x0000000084c00000|100%|HS|  |TAMS 0x0000000084c00000, 0x0000000084b00000| Complete 
|  76|0x0000000084c00000, 0x0000000084d00000, 0x0000000084d00000|100%|HC|  |TAMS 0x0000000084d00000, 0x0000000084c00000| Complete 
|  77|0x0000000084d00000, 0x0000000084e00000, 0x0000000084e00000|100%| O|  |TAMS 0x0000000084e00000, 0x0000000084d00000| Untracked 
|  78|0x0000000084e00000, 0x0000000084f00000, 0x0000000084f00000|100%| O|  |TAMS 0x0000000084f00000, 0x0000000084e00000| Untracked 
|  79|0x0000000084f00000, 0x0000000085000000, 0x0000000085000000|100%| O|  |TAMS 0x0000000085000000, 0x0000000084f00000| Untracked 
|  80|0x0000000085000000, 0x0000000085100000, 0x0000000085100000|100%| O|  |TAMS 0x0000000085100000, 0x0000000085000000| Untracked 
|  81|0x0000000085100000, 0x0000000085200000, 0x0000000085200000|100%| O|  |TAMS 0x0000000085200000, 0x0000000085100000| Untracked 
|  82|0x0000000085200000, 0x0000000085300000, 0x0000000085300000|100%| O|  |TAMS 0x0000000085300000, 0x0000000085200000| Untracked 
|  83|0x0000000085300000, 0x0000000085400000, 0x0000000085400000|100%| O|  |TAMS 0x0000000085400000, 0x0000000085300000| Untracked 
|  84|0x0000000085400000, 0x0000000085500000, 0x0000000085500000|100%| O|  |TAMS 0x0000000085500000, 0x0000000085400000| Untracked 
|  85|0x0000000085500000, 0x0000000085600000, 0x0000000085600000|100%| O|  |TAMS 0x0000000085600000, 0x0000000085500000| Untracked 
|  86|0x0000000085600000, 0x0000000085700000, 0x0000000085700000|100%| O|  |TAMS 0x0000000085700000, 0x0000000085600000| Untracked 
|  87|0x0000000085700000, 0x0000000085800000, 0x0000000085800000|100%| O|  |TAMS 0x0000000085800000, 0x0000000085700000| Untracked 
|  88|0x0000000085800000, 0x0000000085900000, 0x0000000085900000|100%| O|  |TAMS 0x0000000085900000, 0x0000000085800000| Untracked 
|  89|0x0000000085900000, 0x0000000085a00000, 0x0000000085a00000|100%| O|  |TAMS 0x0000000085a00000, 0x0000000085900000| Untracked 
|  90|0x0000000085a00000, 0x0000000085b00000, 0x0000000085b00000|100%| O|  |TAMS 0x0000000085b00000, 0x0000000085a00000| Untracked 
|  91|0x0000000085b00000, 0x0000000085c00000, 0x0000000085c00000|100%| O|  |TAMS 0x0000000085c00000, 0x0000000085b00000| Untracked 
|  92|0x0000000085c00000, 0x0000000085d00000, 0x0000000085d00000|100%| O|  |TAMS 0x0000000085d00000, 0x0000000085c00000| Untracked 
|  93|0x0000000085d00000, 0x0000000085e00000, 0x0000000085e00000|100%| O|  |TAMS 0x0000000085e00000, 0x0000000085d00000| Untracked 
|  94|0x0000000085e00000, 0x0000000085f00000, 0x0000000085f00000|100%| O|  |TAMS 0x0000000085f00000, 0x0000000085e00000| Untracked 
|  95|0x0000000085f00000, 0x0000000086000000, 0x0000000086000000|100%| O|  |TAMS 0x0000000086000000, 0x0000000085f00000| Untracked 
|  96|0x0000000086000000, 0x0000000086100000, 0x0000000086100000|100%| O|  |TAMS 0x0000000086100000, 0x0000000086000000| Untracked 
|  97|0x0000000086100000, 0x0000000086200000, 0x0000000086200000|100%| O|  |TAMS 0x0000000086200000, 0x0000000086100000| Untracked 
|  98|0x0000000086200000, 0x0000000086300000, 0x0000000086300000|100%| O|  |TAMS 0x0000000086300000, 0x0000000086200000| Untracked 
|  99|0x0000000086300000, 0x0000000086400000, 0x0000000086400000|100%| O|  |TAMS 0x0000000086400000, 0x0000000086300000| Untracked 
| 100|0x0000000086400000, 0x0000000086500000, 0x0000000086500000|100%| O|  |TAMS 0x0000000086500000, 0x0000000086400000| Untracked 
| 101|0x0000000086500000, 0x0000000086600000, 0x0000000086600000|100%|HS|  |TAMS 0x0000000086600000, 0x0000000086500000| Complete 
| 102|0x0000000086600000, 0x0000000086700000, 0x0000000086700000|100%|HS|  |TAMS 0x0000000086700000, 0x0000000086600000| Complete 
| 103|0x0000000086700000, 0x0000000086800000, 0x0000000086800000|100%|HC|  |TAMS 0x0000000086800000, 0x0000000086700000| Complete 
| 104|0x0000000086800000, 0x0000000086900000, 0x0000000086900000|100%|HS|  |TAMS 0x0000000086900000, 0x0000000086800000| Complete 
| 105|0x0000000086900000, 0x0000000086a00000, 0x0000000086a00000|100%|HC|  |TAMS 0x0000000086a00000, 0x0000000086900000| Complete 
| 106|0x0000000086a00000, 0x0000000086b00000, 0x0000000086b00000|100%|HC|  |TAMS 0x0000000086b00000, 0x0000000086a00000| Complete 
| 107|0x0000000086b00000, 0x0000000086c00000, 0x0000000086c00000|100%|HS|  |TAMS 0x0000000086c00000, 0x0000000086b00000| Complete 
| 108|0x0000000086c00000, 0x0000000086d00000, 0x0000000086d00000|100%|HC|  |TAMS 0x0000000086d00000, 0x0000000086c00000| Complete 
| 109|0x0000000086d00000, 0x0000000086e00000, 0x0000000086e00000|100%|HC|  |TAMS 0x0000000086e00000, 0x0000000086d00000| Complete 
| 110|0x0000000086e00000, 0x0000000086f00000, 0x0000000086f00000|100%|HS|  |TAMS 0x0000000086f00000, 0x0000000086e00000| Complete 
| 111|0x0000000086f00000, 0x0000000087000000, 0x0000000087000000|100%|HC|  |TAMS 0x0000000087000000, 0x0000000086f00000| Complete 
| 112|0x0000000087000000, 0x0000000087100000, 0x0000000087100000|100%|HC|  |TAMS 0x0000000087100000, 0x0000000087000000| Complete 
| 113|0x0000000087100000, 0x0000000087200000, 0x0000000087200000|100%|HC|  |TAMS 0x0000000087200000, 0x0000000087100000| Complete 
| 114|0x0000000087200000, 0x0000000087300000, 0x0000000087300000|100%|HS|  |TAMS 0x0000000087300000, 0x0000000087200000| Complete 
| 115|0x0000000087300000, 0x0000000087400000, 0x0000000087400000|100%|HC|  |TAMS 0x0000000087400000, 0x0000000087300000| Complete 
| 116|0x0000000087400000, 0x0000000087500000, 0x0000000087500000|100%|HC|  |TAMS 0x0000000087500000, 0x0000000087400000| Complete 
| 117|0x0000000087500000, 0x0000000087600000, 0x0000000087600000|100%|HC|  |TAMS 0x0000000087600000, 0x0000000087500000| Complete 
| 118|0x0000000087600000, 0x0000000087700000, 0x0000000087700000|100%|HC|  |TAMS 0x0000000087700000, 0x0000000087600000| Complete 
| 119|0x0000000087700000, 0x0000000087800000, 0x0000000087800000|100%| O|  |TAMS 0x0000000087800000, 0x0000000087700000| Untracked 
| 120|0x0000000087800000, 0x0000000087900000, 0x0000000087900000|100%| O|  |TAMS 0x0000000087900000, 0x0000000087800000| Untracked 
| 121|0x0000000087900000, 0x0000000087a00000, 0x0000000087a00000|100%| O|  |TAMS 0x0000000087a00000, 0x0000000087900000| Untracked 
| 122|0x0000000087a00000, 0x0000000087b00000, 0x0000000087b00000|100%| O|  |TAMS 0x0000000087b00000, 0x0000000087a00000| Untracked 
| 123|0x0000000087b00000, 0x0000000087c00000, 0x0000000087c00000|100%| O|  |TAMS 0x0000000087c00000, 0x0000000087b00000| Untracked 
| 124|0x0000000087c00000, 0x0000000087d00000, 0x0000000087d00000|100%| O|  |TAMS 0x0000000087d00000, 0x0000000087c00000| Untracked 
| 125|0x0000000087d00000, 0x0000000087e00000, 0x0000000087e00000|100%| O|  |TAMS 0x0000000087e00000, 0x0000000087d00000| Untracked 
| 126|0x0000000087e00000, 0x0000000087f00000, 0x0000000087f00000|100%|HS|  |TAMS 0x0000000087f00000, 0x0000000087e00000| Complete 
| 127|0x0000000087f00000, 0x0000000088000000, 0x0000000088000000|100%| O|  |TAMS 0x0000000088000000, 0x0000000087f00000| Untracked 
| 128|0x0000000088000000, 0x0000000088100000, 0x0000000088100000|100%| O|  |TAMS 0x0000000088100000, 0x0000000088000000| Untracked 
| 129|0x0000000088100000, 0x0000000088200000, 0x0000000088200000|100%| O|  |TAMS 0x0000000088200000, 0x0000000088100000| Untracked 
| 130|0x0000000088200000, 0x0000000088300000, 0x0000000088300000|100%| O|  |TAMS 0x0000000088300000, 0x0000000088200000| Untracked 
| 131|0x0000000088300000, 0x0000000088400000, 0x0000000088400000|100%| O|  |TAMS 0x0000000088400000, 0x0000000088300000| Untracked 
| 132|0x0000000088400000, 0x0000000088500000, 0x0000000088500000|100%| O|  |TAMS 0x0000000088500000, 0x0000000088400000| Untracked 
| 133|0x0000000088500000, 0x0000000088600000, 0x0000000088600000|100%| O|  |TAMS 0x0000000088600000, 0x0000000088500000| Untracked 
| 134|0x0000000088600000, 0x0000000088700000, 0x0000000088700000|100%| O|  |TAMS 0x0000000088700000, 0x0000000088600000| Untracked 
| 135|0x0000000088700000, 0x0000000088800000, 0x0000000088800000|100%| O|  |TAMS 0x0000000088800000, 0x0000000088700000| Untracked 
| 136|0x0000000088800000, 0x0000000088900000, 0x0000000088900000|100%| O|  |TAMS 0x0000000088900000, 0x0000000088800000| Untracked 
| 137|0x0000000088900000, 0x0000000088a00000, 0x0000000088a00000|100%| O|  |TAMS 0x0000000088a00000, 0x0000000088900000| Untracked 
| 138|0x0000000088a00000, 0x0000000088b00000, 0x0000000088b00000|100%| O|  |TAMS 0x0000000088b00000, 0x0000000088a00000| Untracked 
| 139|0x0000000088b00000, 0x0000000088c00000, 0x0000000088c00000|100%| O|  |TAMS 0x0000000088c00000, 0x0000000088b00000| Untracked 
| 140|0x0000000088c00000, 0x0000000088d00000, 0x0000000088d00000|100%| O|  |TAMS 0x0000000088d00000, 0x0000000088c00000| Untracked 
| 141|0x0000000088d00000, 0x0000000088e00000, 0x0000000088e00000|100%| O|  |TAMS 0x0000000088e00000, 0x0000000088d00000| Untracked 
| 142|0x0000000088e00000, 0x0000000088f00000, 0x0000000088f00000|100%| O|  |TAMS 0x0000000088f00000, 0x0000000088e00000| Untracked 
| 143|0x0000000088f00000, 0x0000000089000000, 0x0000000089000000|100%| O|  |TAMS 0x0000000089000000, 0x0000000088f00000| Untracked 
| 144|0x0000000089000000, 0x0000000089100000, 0x0000000089100000|100%| O|  |TAMS 0x0000000089100000, 0x0000000089000000| Untracked 
| 145|0x0000000089100000, 0x0000000089200000, 0x0000000089200000|100%| O|  |TAMS 0x0000000089200000, 0x0000000089100000| Untracked 
| 146|0x0000000089200000, 0x0000000089300000, 0x0000000089300000|100%| O|  |TAMS 0x0000000089300000, 0x0000000089200000| Untracked 
| 147|0x0000000089300000, 0x0000000089400000, 0x0000000089400000|100%| O|  |TAMS 0x0000000089400000, 0x0000000089300000| Untracked 
| 148|0x0000000089400000, 0x0000000089500000, 0x0000000089500000|100%| O|  |TAMS 0x0000000089500000, 0x0000000089400000| Untracked 
| 149|0x0000000089500000, 0x0000000089526e00, 0x0000000089600000| 15%| O|  |TAMS 0x0000000089526e00, 0x0000000089500000| Untracked 
| 150|0x0000000089600000, 0x0000000089600000, 0x0000000089700000|  0%| F|  |TAMS 0x0000000089600000, 0x0000000089600000| Untracked 
| 151|0x0000000089700000, 0x0000000089700000, 0x0000000089800000|  0%| F|  |TAMS 0x0000000089700000, 0x0000000089700000| Untracked 
| 152|0x0000000089800000, 0x0000000089800000, 0x0000000089900000|  0%| F|  |TAMS 0x0000000089800000, 0x0000000089800000| Untracked 
| 153|0x0000000089900000, 0x0000000089900000, 0x0000000089a00000|  0%| F|  |TAMS 0x0000000089900000, 0x0000000089900000| Untracked 
| 154|0x0000000089a00000, 0x0000000089a00000, 0x0000000089b00000|  0%| F|  |TAMS 0x0000000089a00000, 0x0000000089a00000| Untracked 
| 155|0x0000000089b00000, 0x0000000089b00000, 0x0000000089c00000|  0%| F|  |TAMS 0x0000000089b00000, 0x0000000089b00000| Untracked 
| 156|0x0000000089c00000, 0x0000000089c00000, 0x0000000089d00000|  0%| F|  |TAMS 0x0000000089c00000, 0x0000000089c00000| Untracked 
| 157|0x0000000089d00000, 0x0000000089d00000, 0x0000000089e00000|  0%| F|  |TAMS 0x0000000089d00000, 0x0000000089d00000| Untracked 
| 158|0x0000000089e00000, 0x0000000089e00000, 0x0000000089f00000|  0%| F|  |TAMS 0x0000000089e00000, 0x0000000089e00000| Untracked 
| 159|0x0000000089f00000, 0x0000000089f00000, 0x000000008a000000|  0%| F|  |TAMS 0x0000000089f00000, 0x0000000089f00000| Untracked 
| 160|0x000000008a000000, 0x000000008a000000, 0x000000008a100000|  0%| F|  |TAMS 0x000000008a000000, 0x000000008a000000| Untracked 
| 161|0x000000008a100000, 0x000000008a100000, 0x000000008a200000|  0%| F|  |TAMS 0x000000008a100000, 0x000000008a100000| Untracked 
| 162|0x000000008a200000, 0x000000008a200000, 0x000000008a300000|  0%| F|  |TAMS 0x000000008a200000, 0x000000008a200000| Untracked 
| 163|0x000000008a300000, 0x000000008a300000, 0x000000008a400000|  0%| F|  |TAMS 0x000000008a300000, 0x000000008a300000| Untracked 
| 164|0x000000008a400000, 0x000000008a400000, 0x000000008a500000|  0%| F|  |TAMS 0x000000008a400000, 0x000000008a400000| Untracked 
| 165|0x000000008a500000, 0x000000008a500000, 0x000000008a600000|  0%| F|  |TAMS 0x000000008a500000, 0x000000008a500000| Untracked 
| 166|0x000000008a600000, 0x000000008a600000, 0x000000008a700000|  0%| F|  |TAMS 0x000000008a600000, 0x000000008a600000| Untracked 
| 167|0x000000008a700000, 0x000000008a700000, 0x000000008a800000|  0%| F|  |TAMS 0x000000008a700000, 0x000000008a700000| Untracked 
| 168|0x000000008a800000, 0x000000008a800000, 0x000000008a900000|  0%| F|  |TAMS 0x000000008a800000, 0x000000008a800000| Untracked 
| 169|0x000000008a900000, 0x000000008a900000, 0x000000008aa00000|  0%| F|  |TAMS 0x000000008a900000, 0x000000008a900000| Untracked 
| 170|0x000000008aa00000, 0x000000008aa00000, 0x000000008ab00000|  0%| F|  |TAMS 0x000000008aa00000, 0x000000008aa00000| Untracked 
| 171|0x000000008ab00000, 0x000000008ab00000, 0x000000008ac00000|  0%| F|  |TAMS 0x000000008ab00000, 0x000000008ab00000| Untracked 
| 172|0x000000008ac00000, 0x000000008ac00000, 0x000000008ad00000|  0%| F|  |TAMS 0x000000008ac00000, 0x000000008ac00000| Untracked 
| 173|0x000000008ad00000, 0x000000008ad00000, 0x000000008ae00000|  0%| F|  |TAMS 0x000000008ad00000, 0x000000008ad00000| Untracked 
| 174|0x000000008ae00000, 0x000000008ae00000, 0x000000008af00000|  0%| F|  |TAMS 0x000000008ae00000, 0x000000008ae00000| Untracked 
| 175|0x000000008af00000, 0x000000008af00000, 0x000000008b000000|  0%| F|  |TAMS 0x000000008af00000, 0x000000008af00000| Untracked 
| 176|0x000000008b000000, 0x000000008b000000, 0x000000008b100000|  0%| F|  |TAMS 0x000000008b000000, 0x000000008b000000| Untracked 
| 177|0x000000008b100000, 0x000000008b100000, 0x000000008b200000|  0%| F|  |TAMS 0x000000008b100000, 0x000000008b100000| Untracked 
| 178|0x000000008b200000, 0x000000008b200000, 0x000000008b300000|  0%| F|  |TAMS 0x000000008b200000, 0x000000008b200000| Untracked 
| 179|0x000000008b300000, 0x000000008b3dbfb0, 0x000000008b400000| 85%| S|CS|TAMS 0x000000008b300000, 0x000000008b300000| Complete 
| 180|0x000000008b400000, 0x000000008b400000, 0x000000008b500000|  0%| F|  |TAMS 0x000000008b400000, 0x000000008b400000| Untracked 
| 181|0x000000008b500000, 0x000000008b600000, 0x000000008b600000|100%| S|CS|TAMS 0x000000008b500000, 0x000000008b500000| Complete 
| 182|0x000000008b600000, 0x000000008b700000, 0x000000008b700000|100%| S|CS|TAMS 0x000000008b600000, 0x000000008b600000| Complete 
| 183|0x000000008b700000, 0x000000008b700000, 0x000000008b800000|  0%| F|  |TAMS 0x000000008b700000, 0x000000008b700000| Untracked 
| 184|0x000000008b800000, 0x000000008b800000, 0x000000008b900000|  0%| F|  |TAMS 0x000000008b800000, 0x000000008b800000| Untracked 
| 185|0x000000008b900000, 0x000000008ba00000, 0x000000008ba00000|100%| S|CS|TAMS 0x000000008b900000, 0x000000008b900000| Complete 
| 186|0x000000008ba00000, 0x000000008ba00000, 0x000000008bb00000|  0%| F|  |TAMS 0x000000008ba00000, 0x000000008ba00000| Untracked 
| 187|0x000000008bb00000, 0x000000008bb00000, 0x000000008bc00000|  0%| F|  |TAMS 0x000000008bb00000, 0x000000008bb00000| Untracked 
| 188|0x000000008bc00000, 0x000000008bc00000, 0x000000008bd00000|  0%| F|  |TAMS 0x000000008bc00000, 0x000000008bc00000| Untracked 
| 189|0x000000008bd00000, 0x000000008bd00000, 0x000000008be00000|  0%| F|  |TAMS 0x000000008bd00000, 0x000000008bd00000| Untracked 
| 190|0x000000008be00000, 0x000000008be00000, 0x000000008bf00000|  0%| F|  |TAMS 0x000000008be00000, 0x000000008be00000| Untracked 
| 191|0x000000008bf00000, 0x000000008bf00000, 0x000000008c000000|  0%| F|  |TAMS 0x000000008bf00000, 0x000000008bf00000| Untracked 
| 192|0x000000008c000000, 0x000000008c000000, 0x000000008c100000|  0%| F|  |TAMS 0x000000008c000000, 0x000000008c000000| Untracked 
| 193|0x000000008c100000, 0x000000008c100000, 0x000000008c200000|  0%| F|  |TAMS 0x000000008c100000, 0x000000008c100000| Untracked 
| 194|0x000000008c200000, 0x000000008c200000, 0x000000008c300000|  0%| F|  |TAMS 0x000000008c200000, 0x000000008c200000| Untracked 
| 195|0x000000008c300000, 0x000000008c300000, 0x000000008c400000|  0%| F|  |TAMS 0x000000008c300000, 0x000000008c300000| Untracked 
| 196|0x000000008c400000, 0x000000008c400000, 0x000000008c500000|  0%| F|  |TAMS 0x000000008c400000, 0x000000008c400000| Untracked 
| 197|0x000000008c500000, 0x000000008c500000, 0x000000008c600000|  0%| F|  |TAMS 0x000000008c500000, 0x000000008c500000| Untracked 
| 198|0x000000008c600000, 0x000000008c600000, 0x000000008c700000|  0%| F|  |TAMS 0x000000008c600000, 0x000000008c600000| Untracked 
| 199|0x000000008c700000, 0x000000008c700000, 0x000000008c800000|  0%| F|  |TAMS 0x000000008c700000, 0x000000008c700000| Untracked 
| 200|0x000000008c800000, 0x000000008c800000, 0x000000008c900000|  0%| F|  |TAMS 0x000000008c800000, 0x000000008c800000| Untracked 
| 201|0x000000008c900000, 0x000000008c900000, 0x000000008ca00000|  0%| F|  |TAMS 0x000000008c900000, 0x000000008c900000| Untracked 
| 202|0x000000008ca00000, 0x000000008ca00000, 0x000000008cb00000|  0%| F|  |TAMS 0x000000008ca00000, 0x000000008ca00000| Untracked 
| 203|0x000000008cb00000, 0x000000008cb00000, 0x000000008cc00000|  0%| F|  |TAMS 0x000000008cb00000, 0x000000008cb00000| Untracked 
| 204|0x000000008cc00000, 0x000000008cc00000, 0x000000008cd00000|  0%| F|  |TAMS 0x000000008cc00000, 0x000000008cc00000| Untracked 
| 205|0x000000008cd00000, 0x000000008cd00000, 0x000000008ce00000|  0%| F|  |TAMS 0x000000008cd00000, 0x000000008cd00000| Untracked 
| 206|0x000000008ce00000, 0x000000008ce00000, 0x000000008cf00000|  0%| F|  |TAMS 0x000000008ce00000, 0x000000008ce00000| Untracked 
| 207|0x000000008cf00000, 0x000000008cf00000, 0x000000008d000000|  0%| F|  |TAMS 0x000000008cf00000, 0x000000008cf00000| Untracked 
| 208|0x000000008d000000, 0x000000008d000000, 0x000000008d100000|  0%| F|  |TAMS 0x000000008d000000, 0x000000008d000000| Untracked 
| 209|0x000000008d100000, 0x000000008d100000, 0x000000008d200000|  0%| F|  |TAMS 0x000000008d100000, 0x000000008d100000| Untracked 
| 210|0x000000008d200000, 0x000000008d200000, 0x000000008d300000|  0%| F|  |TAMS 0x000000008d200000, 0x000000008d200000| Untracked 
| 211|0x000000008d300000, 0x000000008d300000, 0x000000008d400000|  0%| F|  |TAMS 0x000000008d300000, 0x000000008d300000| Untracked 
| 212|0x000000008d400000, 0x000000008d400000, 0x000000008d500000|  0%| F|  |TAMS 0x000000008d400000, 0x000000008d400000| Untracked 
| 213|0x000000008d500000, 0x000000008d500000, 0x000000008d600000|  0%| F|  |TAMS 0x000000008d500000, 0x000000008d500000| Untracked 
| 214|0x000000008d600000, 0x000000008d600000, 0x000000008d700000|  0%| F|  |TAMS 0x000000008d600000, 0x000000008d600000| Untracked 
| 215|0x000000008d700000, 0x000000008d700000, 0x000000008d800000|  0%| F|  |TAMS 0x000000008d700000, 0x000000008d700000| Untracked 
| 216|0x000000008d800000, 0x000000008d800000, 0x000000008d900000|  0%| F|  |TAMS 0x000000008d800000, 0x000000008d800000| Untracked 
| 217|0x000000008d900000, 0x000000008d900000, 0x000000008da00000|  0%| F|  |TAMS 0x000000008d900000, 0x000000008d900000| Untracked 
| 218|0x000000008da00000, 0x000000008da00000, 0x000000008db00000|  0%| F|  |TAMS 0x000000008da00000, 0x000000008da00000| Untracked 
| 219|0x000000008db00000, 0x000000008db00000, 0x000000008dc00000|  0%| F|  |TAMS 0x000000008db00000, 0x000000008db00000| Untracked 
| 220|0x000000008dc00000, 0x000000008dc00000, 0x000000008dd00000|  0%| F|  |TAMS 0x000000008dc00000, 0x000000008dc00000| Untracked 
| 221|0x000000008dd00000, 0x000000008dd00000, 0x000000008de00000|  0%| F|  |TAMS 0x000000008dd00000, 0x000000008dd00000| Untracked 

Card table byte_map: [0x000002ad242e0000,0x000002ad246e0000] _byte_map_base: 0x000002ad23ee0000

Marking Bits (Prev, Next): (CMBitMap*) 0x000002ad1097d200, (CMBitMap*) 0x000002ad1097d1c8
 Prev Bits: [0x000002ad26ae0000, 0x000002ad28ae0000)
 Next Bits: [0x000002ad24ae0000, 0x000002ad26ae0000)

Polling page: 0x000002ad0f160000

Metaspace:

Usage:
  Non-class:     84.90 MB capacity,    83.44 MB ( 98%) used,     1.20 MB (  1%) free+waste,   267.13 KB ( <1%) overhead. 
      Class:     12.94 MB capacity,    12.08 MB ( 93%) used,   758.33 KB (  6%) free+waste,   120.75 KB ( <1%) overhead. 
       Both:     97.85 MB capacity,    95.53 MB ( 98%) used,     1.94 MB (  2%) free+waste,   387.88 KB ( <1%) overhead. 

Virtual space:
  Non-class space:       86.00 MB reserved,      85.00 MB ( 99%) committed 
      Class space:        1.00 GB reserved,      13.00 MB (  1%) committed 
             Both:        1.08 GB reserved,      98.00 MB (  9%) committed 

Chunk freelists:
   Non-Class:  34.00 KB
       Class:  26.00 KB
        Both:  60.00 KB

MaxMetaspaceSize: 17179869184.00 GB
CompressedClassSpaceSize: 1.00 GB
Initial GC threshold: 20.80 MB
Current GC threshold: 160.84 MB
CDS: off

CodeHeap 'non-profiled nmethods': size=120000Kb used=4177Kb max_used=4177Kb free=115822Kb
 bounds [0x000002ad1bf40000, 0x000002ad1c360000, 0x000002ad23470000]
CodeHeap 'profiled nmethods': size=120000Kb used=20256Kb max_used=20256Kb free=99743Kb
 bounds [0x000002ad14a10000, 0x000002ad15de0000, 0x000002ad1bf40000]
CodeHeap 'non-nmethods': size=5760Kb used=2406Kb max_used=2446Kb free=3353Kb
 bounds [0x000002ad14470000, 0x000002ad146e0000, 0x000002ad14a10000]
 total_blobs=11454 nmethods=10522 adapters=843
 compilation: enabled
              stopped_count=0, restarted_count=0
 full_count=0

Compilation events (20 events):
Event: 10.753 Thread 0x000002ad2b5e0800 10737   !   2       com.sun.proxy.$Proxy47::annotationType (29 bytes)
Event: 10.753 Thread 0x000002ad2b5e0800 nmethod 10737 0x000002ad15dd0210 code [0x000002ad15dd03e0, 0x000002ad15dd0638]
Event: 10.759 Thread 0x000002ad2b5e0800 10739       2       org.gradle.api.internal.file.collections.DefaultConfigurableFileCollection::assertMutable (140 bytes)
Event: 10.760 Thread 0x000002ad2b5e0800 nmethod 10739 0x000002ad15dd0790 code [0x000002ad15dd0a80, 0x000002ad15dd1238]
Event: 10.760 Thread 0x000002ad2b5e0800 10740       2       org.gradle.api.internal.file.collections.DefaultConfigurableFileCollection::from (42 bytes)
Event: 10.760 Thread 0x000002ad2b5e0800 nmethod 10740 0x000002ad15dd1610 code [0x000002ad15dd17e0, 0x000002ad15dd19b8]
Event: 10.763 Thread 0x000002ad2b5e0800 10741       2       org.gradle.internal.instantiation.generator.AsmBackedClassGenerator$ClassBuilderImpl::visitAnnotationValues (253 bytes)
Event: 10.766 Thread 0x000002ad2b5e0800 nmethod 10741 0x000002ad15dd1a90 code [0x000002ad15dd1f20, 0x000002ad15dd3158]
Event: 10.771 Thread 0x000002ad2b5e0800 10742       2       org.gradle.internal.instantiation.generator.ManagedObjectFactory::newInstance (121 bytes)
Event: 10.772 Thread 0x000002ad2b5e0800 nmethod 10742 0x000002ad15dd3e90 code [0x000002ad15dd41e0, 0x000002ad15dd4d78]
Event: 10.783 Thread 0x000002ad2b5e0800 10744       2       org.gradle.api.DefaultTask::getState (5 bytes)
Event: 10.783 Thread 0x000002ad2b5e0800 nmethod 10744 0x000002ad15dd5290 code [0x000002ad15dd5440, 0x000002ad15dd5538]
Event: 10.783 Thread 0x000002ad2b5e0800 10745       2       com.android.build.api.artifact.impl.ArtifactsImpl::get (15 bytes)
Event: 10.784 Thread 0x000002ad2b5e0800 nmethod 10745 0x000002ad15dd5610 code [0x000002ad15dd5880, 0x000002ad15dd5d48]
Event: 10.784 Thread 0x000002ad2b5e0800 10746       2       org.gradle.util.internal.NameValidator::validate (172 bytes)
Event: 10.786 Thread 0x000002ad2b5e0800 nmethod 10746 0x000002ad15dd6110 code [0x000002ad15dd64c0, 0x000002ad15dd7268]
Event: 10.792 Thread 0x000002ad2b5e0800 10747       2       org.gradle.api.internal.tasks.TaskStateInternal::getExecuted (13 bytes)
Event: 10.793 Thread 0x000002ad2b5e0800 nmethod 10747 0x000002ad15dd7a90 code [0x000002ad15dd7c40, 0x000002ad15dd7d58]
Event: 10.794 Thread 0x000002ad2b5e0800 10748       2       com.android.build.api.component.impl.ComponentImpl::getComponentType (10 bytes)
Event: 10.795 Thread 0x000002ad2b5e0800 nmethod 10748 0x000002ad15dd7e10 code [0x000002ad15dd7fc0, 0x000002ad15dd80f8]

GC Heap History (20 events):
Event: 7.275 GC heap after
{Heap after GC invocations=24 (full 0):
 garbage-first heap   total 189440K, used 109668K [0x0000000080000000, 0x0000000100000000)
  region size 1024K, 7 young (7168K), 7 survivors (7168K)
 Metaspace       used 77744K, capacity 79562K, committed 79744K, reserved 1118208K
  class space    used 9904K, capacity 10528K, committed 10624K, reserved 1048576K
}
Event: 7.368 GC heap before
{Heap before GC invocations=25 (full 0):
 garbage-first heap   total 189440K, used 131172K [0x0000000080000000, 0x0000000100000000)
  region size 1024K, 12 young (12288K), 7 survivors (7168K)
 Metaspace       used 77745K, capacity 79562K, committed 79744K, reserved 1118208K
  class space    used 9904K, capacity 10528K, committed 10624K, reserved 1048576K
}
Event: 7.373 GC heap after
{Heap after GC invocations=26 (full 0):
 garbage-first heap   total 227328K, used 133508K [0x0000000080000000, 0x0000000100000000)
  region size 1024K, 6 young (6144K), 6 survivors (6144K)
 Metaspace       used 77745K, capacity 79562K, committed 79744K, reserved 1118208K
  class space    used 9904K, capacity 10528K, committed 10624K, reserved 1048576K
}
Event: 7.748 GC heap before
{Heap before GC invocations=27 (full 0):
 garbage-first heap   total 227328K, used 174468K [0x0000000080000000, 0x0000000100000000)
  region size 1024K, 45 young (46080K), 6 survivors (6144K)
 Metaspace       used 80115K, capacity 82130K, committed 82176K, reserved 1120256K
  class space    used 10249K, capacity 10993K, committed 11008K, reserved 1048576K
}
Event: 7.751 GC heap after
{Heap after GC invocations=28 (full 0):
 garbage-first heap   total 227328K, used 136838K [0x0000000080000000, 0x0000000100000000)
  region size 1024K, 3 young (3072K), 3 survivors (3072K)
 Metaspace       used 80115K, capacity 82130K, committed 82176K, reserved 1120256K
  class space    used 10249K, capacity 10993K, committed 11008K, reserved 1048576K
}
Event: 7.856 GC heap before
{Heap before GC invocations=28 (full 0):
 garbage-first heap   total 227328K, used 178822K [0x0000000080000000, 0x0000000100000000)
  region size 1024K, 44 young (45056K), 3 survivors (3072K)
 Metaspace       used 81146K, capacity 83278K, committed 83456K, reserved 1122304K
  class space    used 10377K, capacity 11158K, committed 11264K, reserved 1048576K
}
Event: 7.858 GC heap after
{Heap after GC invocations=29 (full 0):
 garbage-first heap   total 227328K, used 137629K [0x0000000080000000, 0x0000000100000000)
  region size 1024K, 4 young (4096K), 4 survivors (4096K)
 Metaspace       used 81146K, capacity 83278K, committed 83456K, reserved 1122304K
  class space    used 10377K, capacity 11158K, committed 11264K, reserved 1048576K
}
Event: 8.206 GC heap before
{Heap before GC invocations=30 (full 0):
 garbage-first heap   total 227328K, used 180637K [0x0000000080000000, 0x0000000100000000)
  region size 1024K, 46 young (47104K), 4 survivors (4096K)
 Metaspace       used 86057K, capacity 88192K, committed 88320K, reserved 1126400K
  class space    used 10966K, capacity 11683K, committed 11776K, reserved 1048576K
}
Event: 8.210 GC heap after
{Heap after GC invocations=31 (full 0):
 garbage-first heap   total 227328K, used 138316K [0x0000000080000000, 0x0000000100000000)
  region size 1024K, 2 young (2048K), 2 survivors (2048K)
 Metaspace       used 86057K, capacity 88192K, committed 88320K, reserved 1126400K
  class space    used 10966K, capacity 11683K, committed 11776K, reserved 1048576K
}
Event: 8.603 GC heap before
{Heap before GC invocations=31 (full 0):
 garbage-first heap   total 227328K, used 183372K [0x0000000080000000, 0x0000000100000000)
  region size 1024K, 46 young (47104K), 2 survivors (2048K)
 Metaspace       used 90676K, capacity 93009K, committed 93056K, reserved 1130496K
  class space    used 11569K, capacity 12372K, committed 12416K, reserved 1048576K
}
Event: 8.607 GC heap after
{Heap after GC invocations=32 (full 0):
 garbage-first heap   total 227328K, used 141259K [0x0000000080000000, 0x0000000100000000)
  region size 1024K, 5 young (5120K), 5 survivors (5120K)
 Metaspace       used 90676K, capacity 93009K, committed 93056K, reserved 1130496K
  class space    used 11569K, capacity 12372K, committed 12416K, reserved 1048576K
}
Event: 9.090 GC heap before
{Heap before GC invocations=33 (full 0):
 garbage-first heap   total 227328K, used 185291K [0x0000000080000000, 0x0000000100000000)
  region size 1024K, 49 young (50176K), 5 survivors (5120K)
 Metaspace       used 93938K, capacity 96293K, committed 96512K, reserved 1132544K
  class space    used 11949K, capacity 12781K, committed 12800K, reserved 1048576K
}
Event: 9.098 GC heap after
{Heap after GC invocations=34 (full 0):
 garbage-first heap   total 227328K, used 146276K [0x0000000080000000, 0x0000000100000000)
  region size 1024K, 7 young (7168K), 7 survivors (7168K)
 Metaspace       used 93938K, capacity 96293K, committed 96512K, reserved 1132544K
  class space    used 11949K, capacity 12781K, committed 12800K, reserved 1048576K
}
Event: 9.262 GC heap before
{Heap before GC invocations=34 (full 0):
 garbage-first heap   total 227328K, used 187236K [0x0000000080000000, 0x0000000100000000)
  region size 1024K, 48 young (49152K), 7 survivors (7168K)
 Metaspace       used 94086K, capacity 96428K, committed 96512K, reserved 1132544K
  class space    used 11949K, capacity 12781K, committed 12800K, reserved 1048576K
}
Event: 9.287 GC heap after
{Heap after GC invocations=35 (full 0):
 garbage-first heap   total 227328K, used 150373K [0x0000000080000000, 0x0000000100000000)
  region size 1024K, 5 young (5120K), 5 survivors (5120K)
 Metaspace       used 94086K, capacity 96428K, committed 96512K, reserved 1132544K
  class space    used 11949K, capacity 12781K, committed 12800K, reserved 1048576K
}
Event: 9.643 GC heap before
{Heap before GC invocations=36 (full 0):
 garbage-first heap   total 227328K, used 189285K [0x0000000080000000, 0x0000000100000000)
  region size 1024K, 44 young (45056K), 5 survivors (5120K)
 Metaspace       used 94809K, capacity 97172K, committed 97408K, reserved 1134592K
  class space    used 11993K, capacity 12819K, committed 12928K, reserved 1048576K
}
Event: 9.651 GC heap after
{Heap after GC invocations=37 (full 0):
 garbage-first heap   total 227328K, used 152889K [0x0000000080000000, 0x0000000100000000)
  region size 1024K, 5 young (5120K), 5 survivors (5120K)
 Metaspace       used 94809K, capacity 97172K, committed 97408K, reserved 1134592K
  class space    used 11993K, capacity 12819K, committed 12928K, reserved 1048576K
}
Event: 9.967 GC heap before
{Heap before GC invocations=37 (full 0):
 garbage-first heap   total 227328K, used 190777K [0x0000000080000000, 0x0000000100000000)
  region size 1024K, 42 young (43008K), 5 survivors (5120K)
 Metaspace       used 95837K, capacity 98182K, committed 98304K, reserved 1134592K
  class space    used 12104K, capacity 12953K, committed 13056K, reserved 1048576K
}
Event: 9.982 GC heap after
{Heap after GC invocations=38 (full 0):
 garbage-first heap   total 227328K, used 154893K [0x0000000080000000, 0x0000000100000000)
  region size 1024K, 3 young (3072K), 3 survivors (3072K)
 Metaspace       used 95837K, capacity 98182K, committed 98304K, reserved 1134592K
  class space    used 12104K, capacity 12953K, committed 13056K, reserved 1048576K
}
Event: 10.795 GC heap before
{Heap before GC invocations=39 (full 0):
 garbage-first heap   total 227328K, used 191757K [0x0000000080000000, 0x0000000100000000)
  region size 1024K, 39 young (39936K), 3 survivors (3072K)
 Metaspace       used 97819K, capacity 100196K, committed 100352K, reserved 1136640K
  class space    used 12374K, capacity 13254K, committed 13312K, reserved 1048576K
}

Deoptimization events (20 events):
Event: 10.066 Thread 0x000002ad2d8f3000 Uncommon trap: trap_request=0xffffff4d fr.pc=0x000002ad1bfe6124 relative=0x00000000000005e4
Event: 10.066 Thread 0x000002ad2d8f3000 Uncommon trap: reason=unstable_if action=reinterpret pc=0x000002ad1bfe6124 method=java.lang.String.replace(CC)Ljava/lang/String; @ 2 c2
Event: 10.066 Thread 0x000002ad2d8f3000 DEOPT PACKING pc=0x000002ad1bfe6124 sp=0x000000c1409f9e90
Event: 10.066 Thread 0x000002ad2d8f3000 DEOPT UNPACKING pc=0x000002ad144ba1af sp=0x000000c1409f9e40 mode 2
Event: 10.127 Thread 0x000002ad2d8f3000 DEOPT PACKING pc=0x000002ad1551267c sp=0x000000c1409f88c0
Event: 10.127 Thread 0x000002ad2d8f3000 DEOPT UNPACKING pc=0x000002ad144ba95e sp=0x000000c1409f7e60 mode 0
Event: 10.155 Thread 0x000002ad2d8f3000 DEOPT PACKING pc=0x000002ad1551267c sp=0x000000c1409f88c0
Event: 10.155 Thread 0x000002ad2d8f3000 DEOPT UNPACKING pc=0x000002ad144ba95e sp=0x000000c1409f7e60 mode 0
Event: 10.160 Thread 0x000002ad2d8f3000 Uncommon trap: trap_request=0xffffff4d fr.pc=0x000002ad1c259410 relative=0x0000000000000330
Event: 10.160 Thread 0x000002ad2d8f3000 Uncommon trap: reason=unstable_if action=reinterpret pc=0x000002ad1c259410 method=org.gradle.internal.reflect.PropertyAccessorType.of(Ljava/lang/reflect/Method;)Lorg/gradle/internal/reflect/PropertyAccessorType; @ 68 c2
Event: 10.160 Thread 0x000002ad2d8f3000 DEOPT PACKING pc=0x000002ad1c259410 sp=0x000000c1409f8860
Event: 10.160 Thread 0x000002ad2d8f3000 DEOPT UNPACKING pc=0x000002ad144ba1af sp=0x000000c1409f8820 mode 2
Event: 10.686 Thread 0x000002ad2d8f3000 DEOPT PACKING pc=0x000002ad1551267c sp=0x000000c1409f8880
Event: 10.686 Thread 0x000002ad2d8f3000 DEOPT UNPACKING pc=0x000002ad144ba95e sp=0x000000c1409f7e20 mode 0
Event: 10.704 Thread 0x000002ad2d8f3000 DEOPT PACKING pc=0x000002ad156ef672 sp=0x000000c1409f9310
Event: 10.704 Thread 0x000002ad2d8f3000 DEOPT UNPACKING pc=0x000002ad144ba95e sp=0x000000c1409f8840 mode 0
Event: 10.728 Thread 0x000002ad2d8f3000 DEOPT PACKING pc=0x000002ad1551267c sp=0x000000c1409f8880
Event: 10.728 Thread 0x000002ad2d8f3000 DEOPT UNPACKING pc=0x000002ad144ba95e sp=0x000000c1409f7e20 mode 0
Event: 10.763 Thread 0x000002ad2d8f3000 DEOPT PACKING pc=0x000002ad1551267c sp=0x000000c1409f8880
Event: 10.763 Thread 0x000002ad2d8f3000 DEOPT UNPACKING pc=0x000002ad144ba95e sp=0x000000c1409f7e20 mode 0

Classes redefined (0 events):
No events

Internal exceptions (20 events):
Event: 10.000 Thread 0x000002ad2d8f3000 Exception <a 'java/lang/ClassNotFoundException'{0x000000008db45b58}: org/gradle/plugins/ide/idea/model/IdeaModule_DecoratedCustomizer> (0x000000008db45b58) thrown at [./src/hotspot/share/classfile/systemDictionary.cpp, line 231]
Event: 10.006 Thread 0x000002ad2d8f3000 Exception <a 'java/lang/ClassNotFoundException'{0x000000008da70150}: java/util/LinkedHashSetBeanInfo> (0x000000008da70150) thrown at [./src/hotspot/share/classfile/systemDictionary.cpp, line 231]
Event: 10.007 Thread 0x000002ad2d8f3000 Exception <a 'java/lang/ClassNotFoundException'{0x000000008da78d48}: java/util/HashSetBeanInfo> (0x000000008da78d48) thrown at [./src/hotspot/share/classfile/systemDictionary.cpp, line 231]
Event: 10.007 Thread 0x000002ad2d8f3000 Exception <a 'java/lang/ClassNotFoundException'{0x000000008da81f60}: java/util/AbstractSetBeanInfo> (0x000000008da81f60) thrown at [./src/hotspot/share/classfile/systemDictionary.cpp, line 231]
Event: 10.007 Thread 0x000002ad2d8f3000 Exception <a 'java/lang/ClassNotFoundException'{0x000000008da8b230}: java/util/AbstractSetCustomizer> (0x000000008da8b230) thrown at [./src/hotspot/share/classfile/systemDictionary.cpp, line 231]
Event: 10.008 Thread 0x000002ad2d8f3000 Exception <a 'java/lang/ClassNotFoundException'{0x000000008da985a0}: java/util/HashSetCustomizer> (0x000000008da985a0) thrown at [./src/hotspot/share/classfile/systemDictionary.cpp, line 231]
Event: 10.008 Thread 0x000002ad2d8f3000 Exception <a 'java/lang/ClassNotFoundException'{0x000000008daa9dd8}: java/util/LinkedHashSetCustomizer> (0x000000008daa9dd8) thrown at [./src/hotspot/share/classfile/systemDictionary.cpp, line 231]
Event: 10.012 Thread 0x000002ad2d8f3000 Exception <a 'java/lang/ClassNotFoundException'{0x000000008dae2ad0}: org/jetbrains/plugins/gradle/tooling/util/JavaPluginUtilBeanInfo> (0x000000008dae2ad0) thrown at [./src/hotspot/share/classfile/systemDictionary.cpp, line 231]
Event: 10.012 Thread 0x000002ad2d8f3000 Exception <a 'java/lang/ClassNotFoundException'{0x000000008daf3300}: org/jetbrains/plugins/gradle/tooling/util/JavaPluginUtilCustomizer> (0x000000008daf3300) thrown at [./src/hotspot/share/classfile/systemDictionary.cpp, line 231]
Event: 10.036 Thread 0x000002ad2d8f3000 Exception <a 'java/lang/IncompatibleClassChangeError'{0x000000008d9c6618}: Found class java.lang.Object, but interface was expected> (0x000000008d9c6618) thrown at [./src/hotspot/share/interpreter/linkResolver.cpp, line 839]
Event: 10.071 Thread 0x000002ad2d8f3000 Exception <a 'java/lang/ClassNotFoundException'{0x000000008d761c40}: org/gradle/api/internal/project/DefaultAntBuilderBeanInfo> (0x000000008d761c40) thrown at [./src/hotspot/share/classfile/systemDictionary.cpp, line 231]
Event: 10.071 Thread 0x000002ad2d8f3000 Exception <a 'java/lang/ClassNotFoundException'{0x000000008d7796d0}: org/gradle/api/internal/project/ant/BasicAntBuilderBeanInfo> (0x000000008d7796d0) thrown at [./src/hotspot/share/classfile/systemDictionary.cpp, line 231]
Event: 10.072 Thread 0x000002ad2d8f3000 Exception <a 'java/lang/ClassNotFoundException'{0x000000008d78c0d8}: org/gradle/api/AntBuilderBeanInfo> (0x000000008d78c0d8) thrown at [./src/hotspot/share/classfile/systemDictionary.cpp, line 231]
Event: 10.073 Thread 0x000002ad2d8f3000 Exception <a 'java/lang/ClassNotFoundException'{0x000000008d7d5250}: groovy/util/AntBuilderBeanInfo> (0x000000008d7d5250) thrown at [./src/hotspot/share/classfile/systemDictionary.cpp, line 231]
Event: 10.074 Thread 0x000002ad2d8f3000 Exception <a 'java/lang/ClassNotFoundException'{0x000000008d61f418}: groovy/util/BuilderSupportBeanInfo> (0x000000008d61f418) thrown at [./src/hotspot/share/classfile/systemDictionary.cpp, line 231]
Event: 10.075 Thread 0x000002ad2d8f3000 Exception <a 'java/lang/ClassNotFoundException'{0x000000008d669740}: groovy/util/BuilderSupportCustomizer> (0x000000008d669740) thrown at [./src/hotspot/share/classfile/systemDictionary.cpp, line 231]
Event: 10.076 Thread 0x000002ad2d8f3000 Exception <a 'java/lang/ClassNotFoundException'{0x000000008d6b4df8}: groovy/util/AntBuilderCustomizer> (0x000000008d6b4df8) thrown at [./src/hotspot/share/classfile/systemDictionary.cpp, line 231]
Event: 10.077 Thread 0x000002ad2d8f3000 Exception <a 'java/lang/ClassNotFoundException'{0x000000008d6cd650}: org/gradle/api/AntBuilderCustomizer> (0x000000008d6cd650) thrown at [./src/hotspot/share/classfile/systemDictionary.cpp, line 231]
Event: 10.077 Thread 0x000002ad2d8f3000 Exception <a 'java/lang/ClassNotFoundException'{0x000000008d6f06e8}: org/gradle/api/internal/project/ant/BasicAntBuilderCustomizer> (0x000000008d6f06e8) thrown at [./src/hotspot/share/classfile/systemDictionary.cpp, line 231]
Event: 10.078 Thread 0x000002ad2d8f3000 Exception <a 'java/lang/ClassNotFoundException'{0x000000008d51aca0}: org/gradle/api/internal/project/DefaultAntBuilderCustomizer> (0x000000008d51aca0) thrown at [./src/hotspot/share/classfile/systemDictionary.cpp, line 231]

Events (20 events):
Event: 10.772 loading class com/android/ide/common/resources/AssetSet done
Event: 10.772 loading class com/android/ide/common/resources/DataSet
Event: 10.772 loading class com/android/ide/common/resources/DataSet done
Event: 10.773 loading class com/android/ide/common/resources/SourceSet
Event: 10.773 loading class com/android/ide/common/resources/SourceSet done
Event: 10.773 loading class org/gradle/api/tasks/LocalState
Event: 10.773 loading class org/gradle/api/tasks/LocalState done
Event: 10.777 loading class com/android/build/api/variant/impl/AssetSourceDirectoriesImpl$getAscendingOrderAssetSets$1
Event: 10.777 loading class com/android/build/api/variant/impl/AssetSourceDirectoriesImpl$getAscendingOrderAssetSets$1 done
Event: 10.778 loading class com/android/build/gradle/tasks/ShaderCompile$WorkAction$Params
Event: 10.778 loading class com/android/build/gradle/tasks/ShaderCompile$WorkAction$Params done
Event: 10.778 loading class com/android/build/gradle/internal/profile/ProfileAwareWorkAction$Parameters
Event: 10.778 loading class com/android/build/gradle/internal/profile/ProfileAwareWorkAction$Parameters done
Event: 10.783 loading class com/android/build/api/artifact/SingleArtifact$PUBLIC_ANDROID_RESOURCES_LIST
Event: 10.783 loading class com/android/build/api/artifact/SingleArtifact$PUBLIC_ANDROID_RESOURCES_LIST done
Event: 10.793 loading class com/android/build/gradle/tasks/GenerateBuildConfig$CreationAction$configure$1
Event: 10.793 loading class com/android/build/gradle/tasks/GenerateBuildConfig$CreationAction$configure$1 done
Event: 10.794 loading class com/android/build/gradle/tasks/GenerateBuildConfig$CreationAction$configure$2
Event: 10.794 loading class com/android/build/gradle/tasks/GenerateBuildConfig$CreationAction$configure$2 done
Event: 10.795 Executing VM operation: G1CollectForAllocation


Dynamic libraries:
0x00007ff720fd0000 - 0x00007ff720fda000 	C:\Program Files\Android\Android Studio\jre\bin\java.exe
0x00007fff35770000 - 0x00007fff35968000 	C:\WINDOWS\SYSTEM32\ntdll.dll
0x00007fff344a0000 - 0x00007fff3455f000 	C:\WINDOWS\System32\KERNEL32.DLL
0x00007fff32f00000 - 0x00007fff331da000 	C:\WINDOWS\System32\KERNELBASE.dll
0x00007fff333f0000 - 0x00007fff334f0000 	C:\WINDOWS\System32\ucrtbase.dll
0x00007fff2db50000 - 0x00007fff2db67000 	C:\Program Files\Android\Android Studio\jre\bin\VCRUNTIME140.dll
0x00007fff2e4f0000 - 0x00007fff2e509000 	C:\Program Files\Android\Android Studio\jre\bin\jli.dll
0x00007fff33e90000 - 0x00007fff3402d000 	C:\WINDOWS\System32\USER32.dll
0x00007fff1a4a0000 - 0x00007fff1a73a000 	C:\WINDOWS\WinSxS\amd64_microsoft.windows.common-controls_6595b64144ccf1df_6.0.19041.1110_none_60b5254171f9507e\COMCTL32.dll
0x00007fff32e80000 - 0x00007fff32ea2000 	C:\WINDOWS\System32\win32u.dll
0x00007fff347f0000 - 0x00007fff3488e000 	C:\WINDOWS\System32\msvcrt.dll
0x00007fff33a30000 - 0x00007fff33a5b000 	C:\WINDOWS\System32\GDI32.dll
0x00007fff33650000 - 0x00007fff33760000 	C:\WINDOWS\System32\gdi32full.dll
0x00007fff33210000 - 0x00007fff332ad000 	C:\WINDOWS\System32\msvcp_win.dll
0x00007fff33a60000 - 0x00007fff33a90000 	C:\WINDOWS\System32\IMM32.DLL
0x00007fff2baf0000 - 0x00007fff2bb8d000 	C:\Program Files\Android\Android Studio\jre\bin\msvcp140.dll
0x00007ffecde20000 - 0x00007ffece922000 	C:\Program Files\Android\Android Studio\jre\bin\server\jvm.dll
0x00007fff348f0000 - 0x00007fff3499e000 	C:\WINDOWS\System32\ADVAPI32.dll
0x00007fff34730000 - 0x00007fff347cc000 	C:\WINDOWS\System32\sechost.dll
0x00007fff33a90000 - 0x00007fff33bb6000 	C:\WINDOWS\System32\RPCRT4.dll
0x00007fff33e20000 - 0x00007fff33e28000 	C:\WINDOWS\System32\PSAPI.DLL
0x00007fff2a1b0000 - 0x00007fff2a1b9000 	C:\WINDOWS\SYSTEM32\WSOCK32.dll
0x00007fff34f70000 - 0x00007fff34fdb000 	C:\WINDOWS\System32\WS2_32.dll
0x00007fff1faa0000 - 0x00007fff1fac7000 	C:\WINDOWS\SYSTEM32\WINMM.dll
0x00007fff2c970000 - 0x00007fff2c97a000 	C:\WINDOWS\SYSTEM32\VERSION.dll
0x00007fff31700000 - 0x00007fff31712000 	C:\WINDOWS\SYSTEM32\kernel.appcore.dll
0x00007fff1b290000 - 0x00007fff1b2a1000 	C:\Program Files\Android\Android Studio\jre\bin\verify.dll
0x00007fff30c40000 - 0x00007fff30e24000 	C:\WINDOWS\SYSTEM32\DBGHELP.DLL
0x00007fff14bf0000 - 0x00007fff14c24000 	C:\WINDOWS\SYSTEM32\dbgcore.DLL
0x00007fff332b0000 - 0x00007fff33332000 	C:\WINDOWS\System32\bcryptPrimitives.dll
0x00007fff1b260000 - 0x00007fff1b289000 	C:\Program Files\Android\Android Studio\jre\bin\java.dll
0x00007fff281a0000 - 0x00007fff281ab000 	C:\Program Files\Android\Android Studio\jre\bin\jimage.dll
0x00007fff19af0000 - 0x00007fff19b08000 	C:\Program Files\Android\Android Studio\jre\bin\zip.dll
0x00007fff34fe0000 - 0x00007fff35724000 	C:\WINDOWS\System32\SHELL32.dll
0x00007fff30e30000 - 0x00007fff315c3000 	C:\WINDOWS\SYSTEM32\windows.storage.dll
0x00007fff34ae0000 - 0x00007fff34e34000 	C:\WINDOWS\System32\combase.dll
0x00007fff32870000 - 0x00007fff3289e000 	C:\WINDOWS\SYSTEM32\Wldp.dll
0x00007fff34a30000 - 0x00007fff34add000 	C:\WINDOWS\System32\SHCORE.dll
0x00007fff33e30000 - 0x00007fff33e85000 	C:\WINDOWS\System32\shlwapi.dll
0x00007fff32dc0000 - 0x00007fff32ddf000 	C:\WINDOWS\SYSTEM32\profapi.dll
0x00007fff17490000 - 0x00007fff174aa000 	C:\Program Files\Android\Android Studio\jre\bin\net.dll
0x00007fff29730000 - 0x00007fff2983a000 	C:\WINDOWS\SYSTEM32\WINHTTP.dll
0x00007fff32560000 - 0x00007fff325ca000 	C:\WINDOWS\system32\mswsock.dll
0x00007fff17470000 - 0x00007fff17484000 	C:\Program Files\Android\Android Studio\jre\bin\nio.dll
0x00007fff2ceb0000 - 0x00007fff2ced7000 	C:\Users\PARTH\.gradle\native\e1d6ef7f7dcc3fd88c89a11ec53ec762bb8ba0a96d01ffa2cd45eb1d1d8dd5c5\windows-amd64\native-platform.dll
0x00007fff25a60000 - 0x00007fff25ba4000 	C:\Users\PARTH\.gradle\native\0d407fdbe67a94daf76414ababcb853783967236a71b16ec16e742cd7a986fd3\windows-amd64\native-platform-file-events.dll
0x00007fff0e0a0000 - 0x00007fff0e0aa000 	C:\Program Files\Android\Android Studio\jre\bin\management.dll
0x00007fff0e090000 - 0x00007fff0e09d000 	C:\Program Files\Android\Android Studio\jre\bin\management_ext.dll
0x00007fff327c0000 - 0x00007fff327d8000 	C:\WINDOWS\SYSTEM32\CRYPTSP.dll
0x00007fff31e80000 - 0x00007fff31eb4000 	C:\WINDOWS\system32\rsaenh.dll
0x00007fff331e0000 - 0x00007fff33207000 	C:\WINDOWS\System32\bcrypt.dll
0x00007fff32d40000 - 0x00007fff32d6e000 	C:\WINDOWS\SYSTEM32\USERENV.dll
0x00007fff327e0000 - 0x00007fff327ec000 	C:\WINDOWS\SYSTEM32\CRYPTBASE.dll
0x00007fff32250000 - 0x00007fff3228c000 	C:\WINDOWS\SYSTEM32\IPHLPAPI.DLL
0x00007fff337d0000 - 0x00007fff337d8000 	C:\WINDOWS\System32\NSI.dll
0x00007fff2aef0000 - 0x00007fff2af07000 	C:\WINDOWS\SYSTEM32\dhcpcsvc6.DLL
0x00007fff2b2e0000 - 0x00007fff2b2fd000 	C:\WINDOWS\SYSTEM32\dhcpcsvc.DLL
0x00007fff32290000 - 0x00007fff3235b000 	C:\WINDOWS\SYSTEM32\DNSAPI.dll

dbghelp: loaded successfully - version: 4.0.5 - missing functions: none
symbol engine: initialized successfully - sym options: 0x614 - pdb path: .;C:\Program Files\Android\Android Studio\jre\bin;C:\WINDOWS\SYSTEM32;C:\WINDOWS\WinSxS\amd64_microsoft.windows.common-controls_6595b64144ccf1df_6.0.19041.1110_none_60b5254171f9507e;C:\Program Files\Android\Android Studio\jre\bin\server;C:\Users\PARTH\.gradle\native\e1d6ef7f7dcc3fd88c89a11ec53ec762bb8ba0a96d01ffa2cd45eb1d1d8dd5c5\windows-amd64;C:\Users\PARTH\.gradle\native\0d407fdbe67a94daf76414ababcb853783967236a71b16ec16e742cd7a986fd3\windows-amd64

VM Arguments:
jvm_args: --add-opens=java.base/java.util=ALL-UNNAMED --add-opens=java.base/java.lang=ALL-UNNAMED --add-opens=java.base/java.lang.invoke=ALL-UNNAMED --add-opens=java.base/java.util=ALL-UNNAMED --add-opens=java.prefs/java.util.prefs=ALL-UNNAMED --add-opens=java.prefs/java.util.prefs=ALL-UNNAMED --add-opens=java.base/java.nio.charset=ALL-UNNAMED --add-opens=java.base/java.net=ALL-UNNAMED --add-opens=java.base/java.util.concurrent.atomic=ALL-UNNAMED -Xmx2048m -Dfile.encoding=UTF-8 -Duser.country=US -Duser.language=en -Duser.variant 
java_command: org.gradle.launcher.daemon.bootstrap.GradleDaemon 7.4
java_class_path (initial): C:\Users\PARTH\.gradle\wrapper\dists\gradle-7.4-bin\c0gwcg53nkjbqw7r0h0umtfvt\gradle-7.4\lib\gradle-launcher-7.4.jar
Launcher Type: SUN_STANDARD

[Global flags]
     intx CICompilerCount                          = 4                                         {product} {ergonomic}
     uint ConcGCThreads                            = 2                                         {product} {ergonomic}
     uint G1ConcRefinementThreads                  = 8                                         {product} {ergonomic}
   size_t G1HeapRegionSize                         = 1048576                                   {product} {ergonomic}
    uintx GCDrainStackTargetSize                   = 64                                        {product} {ergonomic}
   size_t InitialHeapSize                          = 134217728                                 {product} {ergonomic}
   size_t MarkStackSize                            = 4194304                                   {product} {ergonomic}
   size_t MaxHeapSize                              = 2147483648                                {product} {command line}
   size_t MaxNewSize                               = 1287651328                                {product} {ergonomic}
   size_t MinHeapDeltaBytes                        = 1048576                                   {product} {ergonomic}
    uintx NonNMethodCodeHeapSize                   = 5836300                                {pd product} {ergonomic}
    uintx NonProfiledCodeHeapSize                  = 122910970                              {pd product} {ergonomic}
    uintx ProfiledCodeHeapSize                     = 122910970                              {pd product} {ergonomic}
    uintx ReservedCodeCacheSize                    = 251658240                              {pd product} {ergonomic}
     bool SegmentedCodeCache                       = true                                      {product} {ergonomic}
     bool UseCompressedClassPointers               = true                                 {lp64_product} {ergonomic}
     bool UseCompressedOops                        = true                                 {lp64_product} {ergonomic}
     bool UseG1GC                                  = true                                      {product} {ergonomic}
     bool UseLargePagesIndividualAllocation        = false                                  {pd product} {ergonomic}

Logging:
Log output configuration:
 #0: stdout all=warning uptime,level,tags
 #1: stderr all=off uptime,level,tags

Environment Variables:
PATH=C:\Program Files\Common Files\Oracle\Java\javapath;C:\WINDOWS\system32;C:\WINDOWS;C:\WINDOWS\System32\Wbem;C:\WINDOWS\System32\WindowsPowerShell\v1.0\;C:\WINDOWS\System32\OpenSSH\;C:\Program Files\NVIDIA Corporation\NVIDIA NvDLISR;C:\Program Files (x86)\NVIDIA Corporation\PhysX\Common;C:\Program Files\Git\cmd;C:\Users\PARTH\AppData\Local\Microsoft\WindowsApps;;C:\Users\PARTH\AppData\Local\Programs\Microsoft VS Code\bin
USERNAME=PARTH
OS=Windows_NT
PROCESSOR_IDENTIFIER=Intel64 Family 6 Model 165 Stepping 2, GenuineIntel



---------------  S Y S T E M  ---------------

OS: Windows 10 , 64 bit Build 19041 (10.0.19041.2788)
OS uptime: 5 days 7:48 hours

CPU:total 8 (initial active 8) (4 cores per cpu, 2 threads per core) family 6 model 165 stepping 2 microcode 0xf0, cmov, cx8, fxsr, mmx, sse, sse2, sse3, ssse3, sse4.1, sse4.2, popcnt, avx, avx2, aes, clmul, erms, 3dnowpref, lzcnt, ht, tsc, tscinvbit, bmi1, bmi2, adx, fma

Memory: 4k page, system-wide physical 8099M (413M free)
TotalPageFile size 21724M (AvailPageFile size 29M)
current process WorkingSet (physical memory assigned to process): 404M, peak: 404M
current process commit charge ("private bytes"): 523M, peak: 607M

vm_info: OpenJDK 64-Bit Server VM (11.0.13+0-b1751.21-8125866) for windows-amd64 JRE (11.0.13+0-b1751.21-8125866), built on Feb  2 2022 03:00:22 by "builder" with MS VC++ 14.0 (VS2015)

END.
