#
# There is insufficient memory for the Java Runtime Environment to continue.
# Native memory allocation (malloc) failed to allocate 1527536 bytes for Chunk::new
# Possible reasons:
#   The system is out of physical RAM or swap space
#   The process is running with CompressedOops enabled, and the Java Heap may be blocking the growth of the native heap
# Possible solutions:
#   Reduce memory load on the system
#   Increase physical memory or swap space
#   Check if swap backing store is full
#   Decrease Java heap size (-Xmx/-Xms)
#   Decrease number of Java threads
#   Decrease Java thread stack sizes (-Xss)
#   Set larger code cache with -XX:ReservedCodeCacheSize=
#   JVM is running with Unscaled Compressed Oops mode in which the Java heap is
#     placed in the first 4GB address space. The Java Heap base address is the
#     maximum limit for the native heap growth. Please use -XX:HeapBaseMinAddress
#     to set the Java Heap base and to place the Java Heap above 4GB virtual address.
# This output file may be truncated or incomplete.
#
#  Out of Memory Error (./src/hotspot/share/memory/arena.cpp:197), pid=13892, tid=15520
#
# JRE version: OpenJDK Runtime Environment (11.0.13) (build 11.0.13+0-b1751.21-8125866)
# Java VM: OpenJDK 64-Bit Server VM (11.0.13+0-b1751.21-8125866, mixed mode, tiered, compressed oops, g1 gc, windows-amd64)
# No core dump will be written. Minidumps are not enabled by default on client versions of Windows
#

---------------  S U M M A R Y ------------

Command Line: --add-opens=java.base/java.util=ALL-UNNAMED --add-opens=java.base/java.lang=ALL-UNNAMED --add-opens=java.base/java.lang.invoke=ALL-UNNAMED --add-opens=java.base/java.util=ALL-UNNAMED --add-opens=java.prefs/java.util.prefs=ALL-UNNAMED --add-opens=java.prefs/java.util.prefs=ALL-UNNAMED --add-opens=java.base/java.nio.charset=ALL-UNNAMED --add-opens=java.base/java.net=ALL-UNNAMED --add-opens=java.base/java.util.concurrent.atomic=ALL-UNNAMED -Xmx2048m -Dfile.encoding=UTF-8 -Duser.country=US -Duser.language=en -Duser.variant org.gradle.launcher.daemon.bootstrap.GradleDaemon 7.4

Host: Intel(R) Core(TM) i5-10300H CPU @ 2.50GHz, 8 cores, 7G,  Windows 10 , 64 bit Build 19041 (10.0.19041.2788)
Time: Wed Apr 19 17:28:38 2023 India Standard Time elapsed time: 3.771976 seconds (0d 0h 0m 3s)

---------------  T H R E A D  ---------------

Current thread (0x00000196b05c2800):  JavaThread "C2 CompilerThread2" daemon [_thread_in_native, id=15520, stack(0x0000001ae8e00000,0x0000001ae8f00000)]


Current CompileTask:
C2:   3772 3024       4       java.util.AbstractCollection::addAll (42 bytes)

Stack: [0x0000001ae8e00000,0x0000001ae8f00000]
Native frames: (J=compiled Java code, j=interpreted, Vv=VM code, C=native code)
V  [jvm.dll+0x6100fa]
V  [jvm.dll+0x747090]
V  [jvm.dll+0x7486ad]
V  [jvm.dll+0x748d83]
V  [jvm.dll+0x24ab48]
V  [jvm.dll+0xc04dc]
V  [jvm.dll+0xc0a0c]
V  [jvm.dll+0x35eb5b]
V  [jvm.dll+0x32b833]
V  [jvm.dll+0x32ad2a]
V  [jvm.dll+0x2032b2]
V  [jvm.dll+0x202437]
V  [jvm.dll+0x188e01]
V  [jvm.dll+0x21106b]
V  [jvm.dll+0x20f8c1]
V  [jvm.dll+0x70de0f]
V  [jvm.dll+0x706a75]
V  [jvm.dll+0x60ed66]
C  [ucrtbase.dll+0x21bb2]
C  [KERNEL32.DLL+0x17604]
C  [ntdll.dll+0x526a1]


---------------  P R O C E S S  ---------------

Threads class SMR info:
_java_thread_list=0x00000196b0432120, length=40, elements={
0x0000019690ded000, 0x00000196ad261800, 0x00000196ad267000, 0x00000196ad279800,
0x00000196ad27b800, 0x00000196ad27d800, 0x00000196ad280800, 0x00000196ad28d000,
0x00000196ad290000, 0x00000196add34800, 0x00000196adeb9000, 0x00000196afd8b800,
0x00000196af9ab000, 0x00000196aeeb4800, 0x00000196affc9800, 0x00000196b10e0000,
0x00000196afe76800, 0x00000196af9d8800, 0x00000196b0032000, 0x00000196afd80800,
0x00000196afd82000, 0x00000196afd7f000, 0x00000196afd81800, 0x00000196afd80000,
0x00000196afd7c800, 0x00000196afd7d800, 0x00000196b05c2800, 0x00000196afd83000,
0x00000196afd7e000, 0x00000196b0fc7800, 0x00000196b0fc4000, 0x00000196b0fca800,
0x00000196b0fc6000, 0x00000196b0fc6800, 0x00000196b0fca000, 0x00000196b0fc5000,
0x00000196b0fc8000, 0x00000196b0fcf000, 0x00000196b0fcb800, 0x00000196b0fc9000
}

Java Threads: ( => current thread )
  0x0000019690ded000 JavaThread "main" [_thread_blocked, id=476, stack(0x0000001ae6500000,0x0000001ae6600000)]
  0x00000196ad261800 JavaThread "Reference Handler" daemon [_thread_blocked, id=16252, stack(0x0000001ae6c00000,0x0000001ae6d00000)]
  0x00000196ad267000 JavaThread "Finalizer" daemon [_thread_blocked, id=10804, stack(0x0000001ae6d00000,0x0000001ae6e00000)]
  0x00000196ad279800 JavaThread "Signal Dispatcher" daemon [_thread_blocked, id=7000, stack(0x0000001ae6e00000,0x0000001ae6f00000)]
  0x00000196ad27b800 JavaThread "Attach Listener" daemon [_thread_blocked, id=7228, stack(0x0000001ae6f00000,0x0000001ae7000000)]
  0x00000196ad27d800 JavaThread "Service Thread" daemon [_thread_blocked, id=6660, stack(0x0000001ae7000000,0x0000001ae7100000)]
  0x00000196ad280800 JavaThread "C2 CompilerThread0" daemon [_thread_in_native, id=22612, stack(0x0000001ae7100000,0x0000001ae7200000)]
  0x00000196ad28d000 JavaThread "C1 CompilerThread0" daemon [_thread_blocked, id=7272, stack(0x0000001ae7200000,0x0000001ae7300000)]
  0x00000196ad290000 JavaThread "Sweeper thread" daemon [_thread_blocked, id=23144, stack(0x0000001ae7300000,0x0000001ae7400000)]
  0x00000196add34800 JavaThread "Common-Cleaner" daemon [_thread_blocked, id=16984, stack(0x0000001ae7400000,0x0000001ae7500000)]
  0x00000196adeb9000 JavaThread "C2 CompilerThread1" daemon [_thread_in_native, id=15804, stack(0x0000001ae7600000,0x0000001ae7700000)]
  0x00000196afd8b800 JavaThread "Daemon health stats" [_thread_blocked, id=13684, stack(0x0000001ae7a00000,0x0000001ae7b00000)]
  0x00000196af9ab000 JavaThread "Incoming local TCP Connector on port 55489" [_thread_in_native, id=6968, stack(0x0000001ae7700000,0x0000001ae7800000)]
  0x00000196aeeb4800 JavaThread "Daemon periodic checks" [_thread_blocked, id=4944, stack(0x0000001ae7b00000,0x0000001ae7c00000)]
  0x00000196affc9800 JavaThread "Daemon" [_thread_blocked, id=13220, stack(0x0000001ae7c00000,0x0000001ae7d00000)]
  0x00000196b10e0000 JavaThread "Handler for socket connection from /127.0.0.1:55489 to /127.0.0.1:55490" [_thread_in_native, id=13556, stack(0x0000001ae7d00000,0x0000001ae7e00000)]
  0x00000196afe76800 JavaThread "Cancel handler" [_thread_blocked, id=18048, stack(0x0000001ae7e00000,0x0000001ae7f00000)]
  0x00000196af9d8800 JavaThread "Daemon worker" [_thread_in_vm, id=11888, stack(0x0000001ae7f00000,0x0000001ae8000000)]
  0x00000196b0032000 JavaThread "Asynchronous log dispatcher for DefaultDaemonConnection: socket connection from /127.0.0.1:55489 to /127.0.0.1:55490" [_thread_blocked, id=12556, stack(0x0000001ae8000000,0x0000001ae8100000)]
  0x00000196afd80800 JavaThread "Stdin handler" [_thread_blocked, id=8932, stack(0x0000001ae8100000,0x0000001ae8200000)]
  0x00000196afd82000 JavaThread "Daemon client event forwarder" [_thread_blocked, id=5692, stack(0x0000001ae8200000,0x0000001ae8300000)]
  0x00000196afd7f000 JavaThread "Cache worker for journal cache (C:\Users\PARTH\.gradle\caches\journal-1)" [_thread_blocked, id=20372, stack(0x0000001ae8800000,0x0000001ae8900000)]
  0x00000196afd81800 JavaThread "File lock request listener" [_thread_in_native, id=21320, stack(0x0000001ae8900000,0x0000001ae8a00000)]
  0x00000196afd80000 JavaThread "Cache worker for file hash cache (C:\Users\PARTH\.gradle\caches\7.4\fileHashes)" [_thread_blocked, id=11504, stack(0x0000001ae8b00000,0x0000001ae8c00000)]
  0x00000196afd7c800 JavaThread "File watcher server" daemon [_thread_in_native, id=1036, stack(0x0000001ae8c00000,0x0000001ae8d00000)]
  0x00000196afd7d800 JavaThread "File watcher consumer" daemon [_thread_blocked, id=3484, stack(0x0000001ae8d00000,0x0000001ae8e00000)]
=>0x00000196b05c2800 JavaThread "C2 CompilerThread2" daemon [_thread_in_native, id=15520, stack(0x0000001ae8e00000,0x0000001ae8f00000)]
  0x00000196afd83000 JavaThread "jar transforms" [_thread_blocked, id=22012, stack(0x0000001ae8f00000,0x0000001ae9000000)]
  0x00000196afd7e000 JavaThread "jar transforms Thread 2" [_thread_blocked, id=16848, stack(0x0000001ae9000000,0x0000001ae9100000)]
  0x00000196b0fc7800 JavaThread "jar transforms Thread 3" [_thread_blocked, id=21308, stack(0x0000001ae9100000,0x0000001ae9200000)]
  0x00000196b0fc4000 JavaThread "jar transforms Thread 4" [_thread_blocked, id=11732, stack(0x0000001ae9200000,0x0000001ae9300000)]
  0x00000196b0fca800 JavaThread "jar transforms Thread 5" [_thread_blocked, id=19204, stack(0x0000001ae9300000,0x0000001ae9400000)]
  0x00000196b0fc6000 JavaThread "jar transforms Thread 6" [_thread_blocked, id=11572, stack(0x0000001ae9400000,0x0000001ae9500000)]
  0x00000196b0fc6800 JavaThread "jar transforms Thread 7" [_thread_blocked, id=13424, stack(0x0000001ae9500000,0x0000001ae9600000)]
  0x00000196b0fca000 JavaThread "jar transforms Thread 8" [_thread_blocked, id=15180, stack(0x0000001ae9600000,0x0000001ae9700000)]
  0x00000196b0fc5000 JavaThread "Cache worker for checksums cache (C:\Users\PARTH\AndroidStudioProjects\completeaddress\.gradle\7.4\checksums)" [_thread_blocked, id=15572, stack(0x0000001ae9700000,0x0000001ae9800000)]
  0x00000196b0fc8000 JavaThread "Cache worker for cache directory md-rule (C:\Users\PARTH\.gradle\caches\7.4\md-rule)" [_thread_blocked, id=792, stack(0x0000001ae9800000,0x0000001ae9900000)]
  0x00000196b0fcf000 JavaThread "Cache worker for file hash cache (C:\Users\PARTH\AndroidStudioProjects\completeaddress\.gradle\7.4\fileHashes)" [_thread_blocked, id=16736, stack(0x0000001ae9900000,0x0000001ae9a00000)]
  0x00000196b0fcb800 JavaThread "Cache worker for cache directory md-supplier (C:\Users\PARTH\.gradle\caches\7.4\md-supplier)" [_thread_blocked, id=14180, stack(0x0000001ae9a00000,0x0000001ae9b00000)]
  0x00000196b0fc9000 JavaThread "Cache worker for execution history cache (C:\Users\PARTH\.gradle\caches\7.4\executionHistory)" [_thread_blocked, id=11908, stack(0x0000001ae9b00000,0x0000001ae9c00000)]

Other Threads:
  0x00000196ad25f800 VMThread "VM Thread" [stack: 0x0000001ae6b00000,0x0000001ae6c00000] [id=22916]
  0x00000196add4f000 WatcherThread [stack: 0x0000001ae7500000,0x0000001ae7600000] [id=20024]
  0x0000019690e05000 GCTaskThread "GC Thread#0" [stack: 0x0000001ae6600000,0x0000001ae6700000] [id=17084]
  0x00000196aea60000 GCTaskThread "GC Thread#1" [stack: 0x0000001ae7800000,0x0000001ae7900000] [id=14192]
  0x00000196aeb89800 GCTaskThread "GC Thread#2" [stack: 0x0000001ae7900000,0x0000001ae7a00000] [id=23396]
  0x00000196af310800 GCTaskThread "GC Thread#3" [stack: 0x0000001ae8300000,0x0000001ae8400000] [id=21800]
  0x00000196afd86800 GCTaskThread "GC Thread#4" [stack: 0x0000001ae8400000,0x0000001ae8500000] [id=19472]
  0x00000196b0e0c800 GCTaskThread "GC Thread#5" [stack: 0x0000001ae8500000,0x0000001ae8600000] [id=8288]
  0x00000196b0e0d000 GCTaskThread "GC Thread#6" [stack: 0x0000001ae8600000,0x0000001ae8700000] [id=9788]
  0x00000196aefb5800 GCTaskThread "GC Thread#7" [stack: 0x0000001ae8700000,0x0000001ae8800000] [id=1876]
  0x0000019690e36800 ConcurrentGCThread "G1 Main Marker" [stack: 0x0000001ae6700000,0x0000001ae6800000] [id=17320]
  0x0000019690e39800 ConcurrentGCThread "G1 Conc#0" [stack: 0x0000001ae6800000,0x0000001ae6900000] [id=9636]
  0x00000196b0c01800 ConcurrentGCThread "G1 Conc#1" [stack: 0x0000001ae8a00000,0x0000001ae8b00000] [id=10656]
  0x00000196ad0b0800 ConcurrentGCThread "G1 Refine#0" [stack: 0x0000001ae6900000,0x0000001ae6a00000] [id=22008]
  0x00000196ad0b1800 ConcurrentGCThread "G1 Young RemSet Sampling" [stack: 0x0000001ae6a00000,0x0000001ae6b00000] [id=18232]

Threads with active compile tasks:
C2 CompilerThread0   3798 3061       4       java.lang.invoke.MethodType::makeImpl (108 bytes)
C2 CompilerThread1   3798 2804       4       jdk.internal.loader.URLClassPath::getResource (74 bytes)
C2 CompilerThread2   3798 3024       4       java.util.AbstractCollection::addAll (42 bytes)

VM state:not at safepoint (normal execution)

VM Mutex/Monitor currently owned by a thread: None

Heap address: 0x0000000080000000, size: 2048 MB, Compressed Oops mode: 32-bit
Narrow klass base: 0x0000000000000000, Narrow klass shift: 3
Compressed class space size: 1073741824 Address: 0x0000000100000000

Heap:
 garbage-first heap   total 157696K, used 52606K [0x0000000080000000, 0x0000000100000000)
  region size 1024K, 11 young (11264K), 2 survivors (2048K)
 Metaspace       used 37995K, capacity 39053K, committed 39244K, reserved 1083392K
  class space    used 4945K, capacity 5356K, committed 5452K, reserved 1048576K
Heap Regions: E=young(eden), S=young(survivor), O=old, HS=humongous(starts), HC=humongous(continues), CS=collection set, F=free, A=archive, TAMS=top-at-mark-start (previous, next)
|   0|0x0000000080000000, 0x0000000080100000, 0x0000000080100000|100%| O|  |TAMS 0x0000000080100000, 0x0000000080000000| Untracked 
|   1|0x0000000080100000, 0x0000000080200000, 0x0000000080200000|100%| O|  |TAMS 0x0000000080200000, 0x0000000080100000| Untracked 
|   2|0x0000000080200000, 0x0000000080300000, 0x0000000080300000|100%| O|  |TAMS 0x0000000080300000, 0x0000000080200000| Untracked 
|   3|0x0000000080300000, 0x0000000080400000, 0x0000000080400000|100%|HS|  |TAMS 0x0000000080400000, 0x0000000080300000| Complete 
|   4|0x0000000080400000, 0x0000000080500000, 0x0000000080500000|100%|HC|  |TAMS 0x0000000080500000, 0x0000000080400000| Complete 
|   5|0x0000000080500000, 0x0000000080600000, 0x0000000080600000|100%|HC|  |TAMS 0x0000000080600000, 0x0000000080500000| Complete 
|   6|0x0000000080600000, 0x0000000080700000, 0x0000000080700000|100%| O|  |TAMS 0x0000000080700000, 0x0000000080600000| Untracked 
|   7|0x0000000080700000, 0x0000000080800000, 0x0000000080800000|100%| O|  |TAMS 0x0000000080800000, 0x0000000080700000| Untracked 
|   8|0x0000000080800000, 0x0000000080900000, 0x0000000080900000|100%| O|  |TAMS 0x0000000080900000, 0x0000000080800000| Untracked 
|   9|0x0000000080900000, 0x0000000080a00000, 0x0000000080a00000|100%| O|  |TAMS 0x0000000080a00000, 0x0000000080900000| Untracked 
|  10|0x0000000080a00000, 0x0000000080b00000, 0x0000000080b00000|100%| O|  |TAMS 0x0000000080b00000, 0x0000000080a00000| Untracked 
|  11|0x0000000080b00000, 0x0000000080c00000, 0x0000000080c00000|100%| O|  |TAMS 0x0000000080c00000, 0x0000000080b00000| Untracked 
|  12|0x0000000080c00000, 0x0000000080d00000, 0x0000000080d00000|100%| O|  |TAMS 0x0000000080d00000, 0x0000000080c00000| Untracked 
|  13|0x0000000080d00000, 0x0000000080e00000, 0x0000000080e00000|100%| O|  |TAMS 0x0000000080e00000, 0x0000000080d00000| Untracked 
|  14|0x0000000080e00000, 0x0000000080f00000, 0x0000000080f00000|100%| O|  |TAMS 0x0000000080f00000, 0x0000000080e00000| Untracked 
|  15|0x0000000080f00000, 0x0000000081000000, 0x0000000081000000|100%| O|  |TAMS 0x0000000081000000, 0x0000000080f00000| Untracked 
|  16|0x0000000081000000, 0x0000000081100000, 0x0000000081100000|100%| O|  |TAMS 0x0000000081100000, 0x0000000081000000| Untracked 
|  17|0x0000000081100000, 0x0000000081200000, 0x0000000081200000|100%|HS|  |TAMS 0x0000000081200000, 0x0000000081100000| Complete 
|  18|0x0000000081200000, 0x0000000081300000, 0x0000000081300000|100%|HC|  |TAMS 0x0000000081300000, 0x0000000081200000| Complete 
|  19|0x0000000081300000, 0x0000000081400000, 0x0000000081400000|100%|HS|  |TAMS 0x0000000081400000, 0x0000000081300000| Complete 
|  20|0x0000000081400000, 0x0000000081500000, 0x0000000081500000|100%|HC|  |TAMS 0x0000000081500000, 0x0000000081400000| Complete 
|  21|0x0000000081500000, 0x0000000081600000, 0x0000000081600000|100%|HC|  |TAMS 0x0000000081600000, 0x0000000081500000| Complete 
|  22|0x0000000081600000, 0x0000000081700000, 0x0000000081700000|100%|HS|  |TAMS 0x0000000081700000, 0x0000000081600000| Complete 
|  23|0x0000000081700000, 0x0000000081800000, 0x0000000081800000|100%|HC|  |TAMS 0x0000000081800000, 0x0000000081700000| Complete 
|  24|0x0000000081800000, 0x0000000081900000, 0x0000000081900000|100%|HC|  |TAMS 0x0000000081900000, 0x0000000081800000| Complete 
|  25|0x0000000081900000, 0x0000000081a00000, 0x0000000081a00000|100%|HS|  |TAMS 0x0000000081a00000, 0x0000000081900000| Complete 
|  26|0x0000000081a00000, 0x0000000081b00000, 0x0000000081b00000|100%|HC|  |TAMS 0x0000000081b00000, 0x0000000081a00000| Complete 
|  27|0x0000000081b00000, 0x0000000081c00000, 0x0000000081c00000|100%|HC|  |TAMS 0x0000000081c00000, 0x0000000081b00000| Complete 
|  28|0x0000000081c00000, 0x0000000081d00000, 0x0000000081d00000|100%|HC|  |TAMS 0x0000000081d00000, 0x0000000081c00000| Complete 
|  29|0x0000000081d00000, 0x0000000081e00000, 0x0000000081e00000|100%|HS|  |TAMS 0x0000000081e00000, 0x0000000081d00000| Complete 
|  30|0x0000000081e00000, 0x0000000081f00000, 0x0000000081f00000|100%|HC|  |TAMS 0x0000000081f00000, 0x0000000081e00000| Complete 
|  31|0x0000000081f00000, 0x0000000082000000, 0x0000000082000000|100%|HC|  |TAMS 0x0000000082000000, 0x0000000081f00000| Complete 
|  32|0x0000000082000000, 0x0000000082100000, 0x0000000082100000|100%|HC|  |TAMS 0x0000000082100000, 0x0000000082000000| Complete 
|  33|0x0000000082100000, 0x0000000082200000, 0x0000000082200000|100%|HC|  |TAMS 0x0000000082200000, 0x0000000082100000| Complete 
|  34|0x0000000082200000, 0x0000000082300000, 0x0000000082300000|100%| O|  |TAMS 0x0000000082300000, 0x0000000082200000| Untracked 
|  35|0x0000000082300000, 0x0000000082400000, 0x0000000082400000|100%| O|  |TAMS 0x0000000082400000, 0x0000000082300000| Untracked 
|  36|0x0000000082400000, 0x0000000082500000, 0x0000000082500000|100%| O|  |TAMS 0x0000000082500000, 0x0000000082400000| Untracked 
|  37|0x0000000082500000, 0x0000000082600000, 0x0000000082600000|100%| O|  |TAMS 0x0000000082600000, 0x0000000082500000| Untracked 
|  38|0x0000000082600000, 0x0000000082700000, 0x0000000082700000|100%| O|  |TAMS 0x0000000082700000, 0x0000000082600000| Untracked 
|  39|0x0000000082700000, 0x0000000082800000, 0x0000000082800000|100%| O|  |TAMS 0x0000000082800000, 0x0000000082700000| Untracked 
|  40|0x0000000082800000, 0x0000000082900000, 0x0000000082900000|100%| O|  |TAMS 0x0000000082900000, 0x0000000082800000| Untracked 
|  41|0x0000000082900000, 0x0000000082989a00, 0x0000000082a00000| 53%| O|  |TAMS 0x0000000082989a00, 0x0000000082900000| Untracked 
|  42|0x0000000082a00000, 0x0000000082a00000, 0x0000000082b00000|  0%| F|  |TAMS 0x0000000082a00000, 0x0000000082a00000| Untracked 
|  43|0x0000000082b00000, 0x0000000082b00000, 0x0000000082c00000|  0%| F|  |TAMS 0x0000000082b00000, 0x0000000082b00000| Untracked 
|  44|0x0000000082c00000, 0x0000000082c00000, 0x0000000082d00000|  0%| F|  |TAMS 0x0000000082c00000, 0x0000000082c00000| Untracked 
|  45|0x0000000082d00000, 0x0000000082d00000, 0x0000000082e00000|  0%| F|  |TAMS 0x0000000082d00000, 0x0000000082d00000| Untracked 
|  46|0x0000000082e00000, 0x0000000082e00000, 0x0000000082f00000|  0%| F|  |TAMS 0x0000000082e00000, 0x0000000082e00000| Untracked 
|  47|0x0000000082f00000, 0x0000000082f00000, 0x0000000083000000|  0%| F|  |TAMS 0x0000000082f00000, 0x0000000082f00000| Untracked 
|  48|0x0000000083000000, 0x0000000083000000, 0x0000000083100000|  0%| F|  |TAMS 0x0000000083000000, 0x0000000083000000| Untracked 
|  49|0x0000000083100000, 0x0000000083100000, 0x0000000083200000|  0%| F|  |TAMS 0x0000000083100000, 0x0000000083100000| Untracked 
|  50|0x0000000083200000, 0x0000000083200000, 0x0000000083300000|  0%| F|  |TAMS 0x0000000083200000, 0x0000000083200000| Untracked 
|  51|0x0000000083300000, 0x0000000083300000, 0x0000000083400000|  0%| F|  |TAMS 0x0000000083300000, 0x0000000083300000| Untracked 
|  52|0x0000000083400000, 0x0000000083400000, 0x0000000083500000|  0%| F|  |TAMS 0x0000000083400000, 0x0000000083400000| Untracked 
|  53|0x0000000083500000, 0x0000000083500000, 0x0000000083600000|  0%| F|  |TAMS 0x0000000083500000, 0x0000000083500000| Untracked 
|  54|0x0000000083600000, 0x0000000083600000, 0x0000000083700000|  0%| F|  |TAMS 0x0000000083600000, 0x0000000083600000| Untracked 
|  55|0x0000000083700000, 0x0000000083700000, 0x0000000083800000|  0%| F|  |TAMS 0x0000000083700000, 0x0000000083700000| Untracked 
|  56|0x0000000083800000, 0x0000000083800000, 0x0000000083900000|  0%| F|  |TAMS 0x0000000083800000, 0x0000000083800000| Untracked 
|  57|0x0000000083900000, 0x0000000083900000, 0x0000000083a00000|  0%| F|  |TAMS 0x0000000083900000, 0x0000000083900000| Untracked 
|  58|0x0000000083a00000, 0x0000000083a00000, 0x0000000083b00000|  0%| F|  |TAMS 0x0000000083a00000, 0x0000000083a00000| Untracked 
|  59|0x0000000083b00000, 0x0000000083b00000, 0x0000000083c00000|  0%| F|  |TAMS 0x0000000083b00000, 0x0000000083b00000| Untracked 
|  60|0x0000000083c00000, 0x0000000083c00000, 0x0000000083d00000|  0%| F|  |TAMS 0x0000000083c00000, 0x0000000083c00000| Untracked 
|  61|0x0000000083d00000, 0x0000000083d00000, 0x0000000083e00000|  0%| F|  |TAMS 0x0000000083d00000, 0x0000000083d00000| Untracked 
|  62|0x0000000083e00000, 0x0000000083e00000, 0x0000000083f00000|  0%| F|  |TAMS 0x0000000083e00000, 0x0000000083e00000| Untracked 
|  63|0x0000000083f00000, 0x0000000083f00000, 0x0000000084000000|  0%| F|  |TAMS 0x0000000083f00000, 0x0000000083f00000| Untracked 
|  64|0x0000000084000000, 0x0000000084000000, 0x0000000084100000|  0%| F|  |TAMS 0x0000000084000000, 0x0000000084000000| Untracked 
|  65|0x0000000084100000, 0x0000000084100000, 0x0000000084200000|  0%| F|  |TAMS 0x0000000084100000, 0x0000000084100000| Untracked 
|  66|0x0000000084200000, 0x0000000084200000, 0x0000000084300000|  0%| F|  |TAMS 0x0000000084200000, 0x0000000084200000| Untracked 
|  67|0x0000000084300000, 0x0000000084300000, 0x0000000084400000|  0%| F|  |TAMS 0x0000000084300000, 0x0000000084300000| Untracked 
|  68|0x0000000084400000, 0x0000000084400000, 0x0000000084500000|  0%| F|  |TAMS 0x0000000084400000, 0x0000000084400000| Untracked 
|  69|0x0000000084500000, 0x0000000084500000, 0x0000000084600000|  0%| F|  |TAMS 0x0000000084500000, 0x0000000084500000| Untracked 
|  70|0x0000000084600000, 0x0000000084600000, 0x0000000084700000|  0%| F|  |TAMS 0x0000000084600000, 0x0000000084600000| Untracked 
|  71|0x0000000084700000, 0x0000000084700000, 0x0000000084800000|  0%| F|  |TAMS 0x0000000084700000, 0x0000000084700000| Untracked 
|  72|0x0000000084800000, 0x0000000084800000, 0x0000000084900000|  0%| F|  |TAMS 0x0000000084800000, 0x0000000084800000| Untracked 
|  73|0x0000000084900000, 0x0000000084900000, 0x0000000084a00000|  0%| F|  |TAMS 0x0000000084900000, 0x0000000084900000| Untracked 
|  74|0x0000000084a00000, 0x0000000084a00000, 0x0000000084b00000|  0%| F|  |TAMS 0x0000000084a00000, 0x0000000084a00000| Untracked 
|  75|0x0000000084b00000, 0x0000000084b00000, 0x0000000084c00000|  0%| F|  |TAMS 0x0000000084b00000, 0x0000000084b00000| Untracked 
|  76|0x0000000084c00000, 0x0000000084c00000, 0x0000000084d00000|  0%| F|  |TAMS 0x0000000084c00000, 0x0000000084c00000| Untracked 
|  77|0x0000000084d00000, 0x0000000084d00000, 0x0000000084e00000|  0%| F|  |TAMS 0x0000000084d00000, 0x0000000084d00000| Untracked 
|  78|0x0000000084e00000, 0x0000000084e00000, 0x0000000084f00000|  0%| F|  |TAMS 0x0000000084e00000, 0x0000000084e00000| Untracked 
|  79|0x0000000084f00000, 0x0000000084f00000, 0x0000000085000000|  0%| F|  |TAMS 0x0000000084f00000, 0x0000000084f00000| Untracked 
|  80|0x0000000085000000, 0x0000000085000000, 0x0000000085100000|  0%| F|  |TAMS 0x0000000085000000, 0x0000000085000000| Untracked 
|  81|0x0000000085100000, 0x0000000085100000, 0x0000000085200000|  0%| F|  |TAMS 0x0000000085100000, 0x0000000085100000| Untracked 
|  82|0x0000000085200000, 0x0000000085200000, 0x0000000085300000|  0%| F|  |TAMS 0x0000000085200000, 0x0000000085200000| Untracked 
|  83|0x0000000085300000, 0x0000000085300000, 0x0000000085400000|  0%| F|  |TAMS 0x0000000085300000, 0x0000000085300000| Untracked 
|  84|0x0000000085400000, 0x0000000085400000, 0x0000000085500000|  0%| F|  |TAMS 0x0000000085400000, 0x0000000085400000| Untracked 
|  85|0x0000000085500000, 0x0000000085500000, 0x0000000085600000|  0%| F|  |TAMS 0x0000000085500000, 0x0000000085500000| Untracked 
|  86|0x0000000085600000, 0x0000000085600000, 0x0000000085700000|  0%| F|  |TAMS 0x0000000085600000, 0x0000000085600000| Untracked 
|  87|0x0000000085700000, 0x0000000085700000, 0x0000000085800000|  0%| F|  |TAMS 0x0000000085700000, 0x0000000085700000| Untracked 
|  88|0x0000000085800000, 0x0000000085800000, 0x0000000085900000|  0%| F|  |TAMS 0x0000000085800000, 0x0000000085800000| Untracked 
|  89|0x0000000085900000, 0x0000000085900000, 0x0000000085a00000|  0%| F|  |TAMS 0x0000000085900000, 0x0000000085900000| Untracked 
|  90|0x0000000085a00000, 0x0000000085a00000, 0x0000000085b00000|  0%| F|  |TAMS 0x0000000085a00000, 0x0000000085a00000| Untracked 
|  91|0x0000000085b00000, 0x0000000085b00000, 0x0000000085c00000|  0%| F|  |TAMS 0x0000000085b00000, 0x0000000085b00000| Untracked 
|  92|0x0000000085c00000, 0x0000000085c00000, 0x0000000085d00000|  0%| F|  |TAMS 0x0000000085c00000, 0x0000000085c00000| Untracked 
|  93|0x0000000085d00000, 0x0000000085d00000, 0x0000000085e00000|  0%| F|  |TAMS 0x0000000085d00000, 0x0000000085d00000| Untracked 
|  94|0x0000000085e00000, 0x0000000085e00000, 0x0000000085f00000|  0%| F|  |TAMS 0x0000000085e00000, 0x0000000085e00000| Untracked 
|  95|0x0000000085f00000, 0x0000000085f00000, 0x0000000086000000|  0%| F|  |TAMS 0x0000000085f00000, 0x0000000085f00000| Untracked 
|  96|0x0000000086000000, 0x0000000086000000, 0x0000000086100000|  0%| F|  |TAMS 0x0000000086000000, 0x0000000086000000| Untracked 
|  97|0x0000000086100000, 0x0000000086100000, 0x0000000086200000|  0%| F|  |TAMS 0x0000000086100000, 0x0000000086100000| Untracked 
|  98|0x0000000086200000, 0x0000000086200000, 0x0000000086300000|  0%| F|  |TAMS 0x0000000086200000, 0x0000000086200000| Untracked 
|  99|0x0000000086300000, 0x0000000086300000, 0x0000000086400000|  0%| F|  |TAMS 0x0000000086300000, 0x0000000086300000| Untracked 
| 100|0x0000000086400000, 0x0000000086400000, 0x0000000086500000|  0%| F|  |TAMS 0x0000000086400000, 0x0000000086400000| Untracked 
| 101|0x0000000086500000, 0x0000000086500000, 0x0000000086600000|  0%| F|  |TAMS 0x0000000086500000, 0x0000000086500000| Untracked 
| 102|0x0000000086600000, 0x0000000086600000, 0x0000000086700000|  0%| F|  |TAMS 0x0000000086600000, 0x0000000086600000| Untracked 
| 103|0x0000000086700000, 0x0000000086700000, 0x0000000086800000|  0%| F|  |TAMS 0x0000000086700000, 0x0000000086700000| Untracked 
| 104|0x0000000086800000, 0x0000000086800000, 0x0000000086900000|  0%| F|  |TAMS 0x0000000086800000, 0x0000000086800000| Untracked 
| 105|0x0000000086900000, 0x0000000086900000, 0x0000000086a00000|  0%| F|  |TAMS 0x0000000086900000, 0x0000000086900000| Untracked 
| 106|0x0000000086a00000, 0x0000000086ad61e8, 0x0000000086b00000| 83%| S|CS|TAMS 0x0000000086a00000, 0x0000000086a00000| Complete 
| 107|0x0000000086b00000, 0x0000000086c00000, 0x0000000086c00000|100%| S|CS|TAMS 0x0000000086b00000, 0x0000000086b00000| Complete 
| 108|0x0000000086c00000, 0x0000000086c00000, 0x0000000086d00000|  0%| F|  |TAMS 0x0000000086c00000, 0x0000000086c00000| Untracked 
| 109|0x0000000086d00000, 0x0000000086d00000, 0x0000000086e00000|  0%| F|  |TAMS 0x0000000086d00000, 0x0000000086d00000| Untracked 
| 110|0x0000000086e00000, 0x0000000086e00000, 0x0000000086f00000|  0%| F|  |TAMS 0x0000000086e00000, 0x0000000086e00000| Untracked 
| 111|0x0000000086f00000, 0x0000000086f00000, 0x0000000087000000|  0%| F|  |TAMS 0x0000000086f00000, 0x0000000086f00000| Untracked 
| 112|0x0000000087000000, 0x0000000087000000, 0x0000000087100000|  0%| F|  |TAMS 0x0000000087000000, 0x0000000087000000| Untracked 
| 113|0x0000000087100000, 0x0000000087100000, 0x0000000087200000|  0%| F|  |TAMS 0x0000000087100000, 0x0000000087100000| Untracked 
| 114|0x0000000087200000, 0x0000000087200000, 0x0000000087300000|  0%| F|  |TAMS 0x0000000087200000, 0x0000000087200000| Untracked 
| 115|0x0000000087300000, 0x0000000087300000, 0x0000000087400000|  0%| F|  |TAMS 0x0000000087300000, 0x0000000087300000| Untracked 
| 116|0x0000000087400000, 0x0000000087400000, 0x0000000087500000|  0%| F|  |TAMS 0x0000000087400000, 0x0000000087400000| Untracked 
| 117|0x0000000087500000, 0x0000000087500000, 0x0000000087600000|  0%| F|  |TAMS 0x0000000087500000, 0x0000000087500000| Untracked 
| 118|0x0000000087600000, 0x0000000087600000, 0x0000000087700000|  0%| F|  |TAMS 0x0000000087600000, 0x0000000087600000| Untracked 
| 119|0x0000000087700000, 0x0000000087700000, 0x0000000087800000|  0%| F|  |TAMS 0x0000000087700000, 0x0000000087700000| Untracked 
| 120|0x0000000087800000, 0x0000000087800000, 0x0000000087900000|  0%| F|  |TAMS 0x0000000087800000, 0x0000000087800000| Untracked 
| 121|0x0000000087900000, 0x0000000087900000, 0x0000000087a00000|  0%| F|  |TAMS 0x0000000087900000, 0x0000000087900000| Untracked 
| 122|0x0000000087a00000, 0x0000000087a00000, 0x0000000087b00000|  0%| F|  |TAMS 0x0000000087a00000, 0x0000000087a00000| Untracked 
| 123|0x0000000087b00000, 0x0000000087b00000, 0x0000000087c00000|  0%| F|  |TAMS 0x0000000087b00000, 0x0000000087b00000| Untracked 
| 124|0x0000000087c00000, 0x0000000087c00000, 0x0000000087d00000|  0%| F|  |TAMS 0x0000000087c00000, 0x0000000087c00000| Untracked 
| 125|0x0000000087d00000, 0x0000000087d00000, 0x0000000087e00000|  0%| F|  |TAMS 0x0000000087d00000, 0x0000000087d00000| Untracked 
| 126|0x0000000087e00000, 0x0000000087e00000, 0x0000000087f00000|  0%| F|  |TAMS 0x0000000087e00000, 0x0000000087e00000| Untracked 
| 127|0x0000000087f00000, 0x0000000087f00000, 0x0000000088000000|  0%| F|  |TAMS 0x0000000087f00000, 0x0000000087f00000| Untracked 
| 128|0x0000000088000000, 0x0000000088000000, 0x0000000088100000|  0%| F|  |TAMS 0x0000000088000000, 0x0000000088000000| Untracked 
| 129|0x0000000088100000, 0x0000000088100000, 0x0000000088200000|  0%| F|  |TAMS 0x0000000088100000, 0x0000000088100000| Untracked 
| 130|0x0000000088200000, 0x0000000088200000, 0x0000000088300000|  0%| F|  |TAMS 0x0000000088200000, 0x0000000088200000| Untracked 
| 131|0x0000000088300000, 0x0000000088300000, 0x0000000088400000|  0%| F|  |TAMS 0x0000000088300000, 0x0000000088300000| Untracked 
| 132|0x0000000088400000, 0x0000000088400000, 0x0000000088500000|  0%| F|  |TAMS 0x0000000088400000, 0x0000000088400000| Untracked 
| 133|0x0000000088500000, 0x0000000088500000, 0x0000000088600000|  0%| F|  |TAMS 0x0000000088500000, 0x0000000088500000| Untracked 
| 134|0x0000000088600000, 0x0000000088600000, 0x0000000088700000|  0%| F|  |TAMS 0x0000000088600000, 0x0000000088600000| Untracked 
| 135|0x0000000088700000, 0x0000000088700000, 0x0000000088800000|  0%| F|  |TAMS 0x0000000088700000, 0x0000000088700000| Untracked 
| 136|0x0000000088800000, 0x0000000088800000, 0x0000000088900000|  0%| F|  |TAMS 0x0000000088800000, 0x0000000088800000| Untracked 
| 137|0x0000000088900000, 0x0000000088900000, 0x0000000088a00000|  0%| F|  |TAMS 0x0000000088900000, 0x0000000088900000| Untracked 
| 138|0x0000000088a00000, 0x0000000088a00000, 0x0000000088b00000|  0%| F|  |TAMS 0x0000000088a00000, 0x0000000088a00000| Untracked 
| 139|0x0000000088b00000, 0x0000000088b00000, 0x0000000088c00000|  0%| F|  |TAMS 0x0000000088b00000, 0x0000000088b00000| Untracked 
| 140|0x0000000088c00000, 0x0000000088c00000, 0x0000000088d00000|  0%| F|  |TAMS 0x0000000088c00000, 0x0000000088c00000| Untracked 
| 141|0x0000000088d00000, 0x0000000088d00000, 0x0000000088e00000|  0%| F|  |TAMS 0x0000000088d00000, 0x0000000088d00000| Untracked 
| 142|0x0000000088e00000, 0x0000000088e00000, 0x0000000088f00000|  0%| F|  |TAMS 0x0000000088e00000, 0x0000000088e00000| Untracked 
| 143|0x0000000088f00000, 0x0000000088f00000, 0x0000000089000000|  0%| F|  |TAMS 0x0000000088f00000, 0x0000000088f00000| Untracked 
| 144|0x0000000089000000, 0x0000000089000000, 0x0000000089100000|  0%| F|  |TAMS 0x0000000089000000, 0x0000000089000000| Untracked 
| 145|0x0000000089100000, 0x0000000089200000, 0x0000000089200000|100%| E|  |TAMS 0x0000000089100000, 0x0000000089100000| Complete 
| 146|0x0000000089200000, 0x0000000089300000, 0x0000000089300000|100%| E|CS|TAMS 0x0000000089200000, 0x0000000089200000| Complete 
| 147|0x0000000089300000, 0x0000000089400000, 0x0000000089400000|100%| E|CS|TAMS 0x0000000089300000, 0x0000000089300000| Complete 
| 148|0x0000000089400000, 0x0000000089500000, 0x0000000089500000|100%| E|CS|TAMS 0x0000000089400000, 0x0000000089400000| Complete 
| 149|0x0000000089500000, 0x0000000089600000, 0x0000000089600000|100%| E|CS|TAMS 0x0000000089500000, 0x0000000089500000| Complete 
| 150|0x0000000089600000, 0x0000000089700000, 0x0000000089700000|100%| E|CS|TAMS 0x0000000089600000, 0x0000000089600000| Complete 
| 151|0x0000000089700000, 0x0000000089800000, 0x0000000089800000|100%| E|CS|TAMS 0x0000000089700000, 0x0000000089700000| Complete 
| 152|0x0000000089800000, 0x0000000089900000, 0x0000000089900000|100%| E|CS|TAMS 0x0000000089800000, 0x0000000089800000| Complete 
| 153|0x0000000089900000, 0x0000000089a00000, 0x0000000089a00000|100%| E|CS|TAMS 0x0000000089900000, 0x0000000089900000| Complete 

Card table byte_map: [0x00000196a5f80000,0x00000196a6380000] _byte_map_base: 0x00000196a5b80000

Marking Bits (Prev, Next): (CMBitMap*) 0x0000019690e2d798, (CMBitMap*) 0x0000019690e2d7d0
 Prev Bits: [0x00000196a6780000, 0x00000196a8780000)
 Next Bits: [0x00000196a8780000, 0x00000196aa780000)

Polling page: 0x0000019690ed0000

Metaspace:

Usage:
  Non-class:     32.97 MB capacity,    32.31 MB ( 98%) used,   579.14 KB (  2%) free+waste,    92.56 KB ( <1%) overhead. 
      Class:      5.23 MB capacity,     4.83 MB ( 92%) used,   361.02 KB (  7%) free+waste,    45.50 KB ( <1%) overhead. 
       Both:     38.20 MB capacity,    37.15 MB ( 97%) used,   940.16 KB (  2%) free+waste,   138.06 KB ( <1%) overhead. 

Virtual space:
  Non-class space:       34.00 MB reserved,      33.00 MB ( 97%) committed 
      Class space:        1.00 GB reserved,       5.32 MB ( <1%) committed 
             Both:        1.03 GB reserved,      38.32 MB (  4%) committed 

Chunk freelists:
   Non-Class:  31.00 KB
       Class:  20.00 KB
        Both:  51.00 KB

MaxMetaspaceSize: 17179869184.00 GB
CompressedClassSpaceSize: 1.00 GB
Initial GC threshold: 20.80 MB
Current GC threshold: 59.29 MB
CDS: off

CodeHeap 'non-profiled nmethods': size=120000Kb used=1731Kb max_used=1731Kb free=118268Kb
 bounds [0x000001969dbf0000, 0x000001969de60000, 0x00000196a5120000]
CodeHeap 'profiled nmethods': size=120000Kb used=6542Kb max_used=6542Kb free=113457Kb
 bounds [0x00000196966c0000, 0x0000019696d30000, 0x000001969dbf0000]
CodeHeap 'non-nmethods': size=5760Kb used=1242Kb max_used=1274Kb free=4517Kb
 bounds [0x0000019696120000, 0x0000019696390000, 0x00000196966c0000]
 total_blobs=3626 nmethods=3103 adapters=435
 compilation: enabled
              stopped_count=0, restarted_count=0
 full_count=0

Compilation events (20 events):
Event: 3.746 Thread 0x00000196ad28d000 3107       1       java.lang.reflect.Field::getDeclaringClass (5 bytes)
Event: 3.746 Thread 0x00000196ad28d000 nmethod 3107 0x000001969dda0410 code [0x000001969dda05c0, 0x000001969dda0678]
Event: 3.748 Thread 0x00000196ad28d000 3108       1       groovy.lang.MetaProperty::getName (5 bytes)
Event: 3.748 Thread 0x00000196ad28d000 nmethod 3108 0x000001969dda0710 code [0x000001969dda08c0, 0x000001969dda0978]
Event: 3.748 Thread 0x00000196ad28d000 3109       3       java.beans.MethodRef::get (91 bytes)
Event: 3.749 Thread 0x00000196ad28d000 nmethod 3109 0x0000019696d1fa10 code [0x0000019696d1fc80, 0x0000019696d20838]
Event: 3.749 Thread 0x00000196ad28d000 3110       3       org.codehaus.groovy.reflection.CachedMethod::getReturnType (8 bytes)
Event: 3.749 Thread 0x00000196ad28d000 nmethod 3110 0x0000019696d20b10 code [0x0000019696d20cc0, 0x0000019696d20dd8]
Event: 3.749 Thread 0x00000196ad28d000 3111       3       java.lang.CharacterDataLatin1::isUpperCase (20 bytes)
Event: 3.749 Thread 0x00000196ad28d000 nmethod 3111 0x0000019696d20e90 code [0x0000019696d21060, 0x0000019696d21258]
Event: 3.749 Thread 0x00000196ad28d000 3112       3       java.lang.CharacterDataLatin1::isOtherUppercase (18 bytes)
Event: 3.750 Thread 0x00000196ad28d000 nmethod 3112 0x0000019696d21390 code [0x0000019696d21560, 0x0000019696d21758]
Event: 3.750 Thread 0x00000196ad28d000 3114       3       org.codehaus.groovy.util.SingleKeyHashMap::getOrPut (137 bytes)
Event: 3.750 Thread 0x00000196ad28d000 nmethod 3114 0x0000019696d21890 code [0x0000019696d21ae0, 0x0000019696d22628]
Event: 3.750 Thread 0x00000196ad28d000 3113       3       java.lang.CharacterDataLatin1::getPropertiesEx (11 bytes)
Event: 3.750 Thread 0x00000196ad28d000 nmethod 3113 0x0000019696d22990 code [0x0000019696d22b40, 0x0000019696d22c78]
Event: 3.752 Thread 0x00000196ad28d000 3115       1       java.util.logging.Logger::getName (5 bytes)
Event: 3.752 Thread 0x00000196ad28d000 nmethod 3115 0x000001969dda0a10 code [0x000001969dda0bc0, 0x000001969dda0c78]
Event: 3.752 Thread 0x00000196ad28d000 3116       3       java.lang.StringConcatHelper::mixCoder (8 bytes)
Event: 3.752 Thread 0x00000196ad28d000 nmethod 3116 0x0000019696d22d90 code [0x0000019696d22f40, 0x0000019696d230b8]

GC Heap History (12 events):
Event: 0.497 GC heap before
{Heap before GC invocations=0 (full 0):
 garbage-first heap   total 131072K, used 29696K [0x0000000080000000, 0x0000000100000000)
  region size 1024K, 24 young (24576K), 0 survivors (0K)
 Metaspace       used 9742K, capacity 9956K, committed 10112K, reserved 1058816K
  class space    used 1001K, capacity 1069K, committed 1152K, reserved 1048576K
}
Event: 0.502 GC heap after
{Heap after GC invocations=1 (full 0):
 garbage-first heap   total 131072K, used 9409K [0x0000000080000000, 0x0000000100000000)
  region size 1024K, 3 young (3072K), 3 survivors (3072K)
 Metaspace       used 9742K, capacity 9956K, committed 10112K, reserved 1058816K
  class space    used 1001K, capacity 1069K, committed 1152K, reserved 1048576K
}
Event: 1.627 GC heap before
{Heap before GC invocations=1 (full 0):
 garbage-first heap   total 131072K, used 84161K [0x0000000080000000, 0x0000000100000000)
  region size 1024K, 76 young (77824K), 3 survivors (3072K)
 Metaspace       used 17832K, capacity 18212K, committed 18432K, reserved 1064960K
  class space    used 2069K, capacity 2194K, committed 2304K, reserved 1048576K
}
Event: 1.633 GC heap after
{Heap after GC invocations=2 (full 0):
 garbage-first heap   total 131072K, used 16312K [0x0000000080000000, 0x0000000100000000)
  region size 1024K, 10 young (10240K), 10 survivors (10240K)
 Metaspace       used 17832K, capacity 18212K, committed 18432K, reserved 1064960K
  class space    used 2069K, capacity 2194K, committed 2304K, reserved 1048576K
}
Event: 1.842 GC heap before
{Heap before GC invocations=2 (full 0):
 garbage-first heap   total 131072K, used 43960K [0x0000000080000000, 0x0000000100000000)
  region size 1024K, 38 young (38912K), 10 survivors (10240K)
 Metaspace       used 20700K, capacity 21120K, committed 21248K, reserved 1067008K
  class space    used 2509K, capacity 2695K, committed 2816K, reserved 1048576K
}
Event: 1.849 GC heap after
{Heap after GC invocations=3 (full 0):
 garbage-first heap   total 131072K, used 17832K [0x0000000080000000, 0x0000000100000000)
  region size 1024K, 2 young (2048K), 2 survivors (2048K)
 Metaspace       used 20700K, capacity 21120K, committed 21248K, reserved 1067008K
  class space    used 2509K, capacity 2695K, committed 2816K, reserved 1048576K
}
Event: 2.519 GC heap before
{Heap before GC invocations=4 (full 0):
 garbage-first heap   total 131072K, used 73128K [0x0000000080000000, 0x0000000100000000)
  region size 1024K, 56 young (57344K), 2 survivors (2048K)
 Metaspace       used 26742K, capacity 27397K, committed 27648K, reserved 1073152K
  class space    used 3477K, capacity 3734K, committed 3840K, reserved 1048576K
}
Event: 2.522 GC heap after
{Heap after GC invocations=5 (full 0):
 garbage-first heap   total 131072K, used 19639K [0x0000000080000000, 0x0000000100000000)
  region size 1024K, 4 young (4096K), 4 survivors (4096K)
 Metaspace       used 26742K, capacity 27397K, committed 27648K, reserved 1073152K
  class space    used 3477K, capacity 3734K, committed 3840K, reserved 1048576K
}
Event: 3.081 GC heap before
{Heap before GC invocations=5 (full 0):
 garbage-first heap   total 131072K, used 97463K [0x0000000080000000, 0x0000000100000000)
  region size 1024K, 64 young (65536K), 4 survivors (4096K)
 Metaspace       used 31522K, capacity 32401K, committed 32512K, reserved 1077248K
  class space    used 4197K, capacity 4544K, committed 4608K, reserved 1048576K
}
Event: 3.088 GC heap after
{Heap after GC invocations=6 (full 0):
 garbage-first heap   total 131072K, used 42733K [0x0000000080000000, 0x0000000100000000)
  region size 1024K, 8 young (8192K), 8 survivors (8192K)
 Metaspace       used 31522K, capacity 32401K, committed 32512K, reserved 1077248K
  class space    used 4197K, capacity 4544K, committed 4608K, reserved 1048576K
}
Event: 3.494 GC heap before
{Heap before GC invocations=6 (full 0):
 garbage-first heap   total 131072K, used 62189K [0x0000000080000000, 0x0000000100000000)
  region size 1024K, 28 young (28672K), 8 survivors (8192K)
 Metaspace       used 34872K, capacity 35775K, committed 35840K, reserved 1081344K
  class space    used 4601K, capacity 4965K, committed 4992K, reserved 1048576K
}
Event: 3.505 GC heap after
{Heap after GC invocations=7 (full 0):
 garbage-first heap   total 157696K, used 44414K [0x0000000080000000, 0x0000000100000000)
  region size 1024K, 2 young (2048K), 2 survivors (2048K)
 Metaspace       used 34872K, capacity 35775K, committed 35840K, reserved 1081344K
  class space    used 4601K, capacity 4965K, committed 4992K, reserved 1048576K
}

Deoptimization events (20 events):
Event: 3.313 Thread 0x00000196af9d8800 DEOPT PACKING pc=0x000001969dd1d888 sp=0x0000001ae7ff7480
Event: 3.313 Thread 0x00000196af9d8800 DEOPT UNPACKING pc=0x000001969616a1af sp=0x0000001ae7ff7438 mode 2
Event: 3.313 Thread 0x00000196af9d8800 Uncommon trap: trap_request=0xffffffc6 fr.pc=0x000001969dd1d888 relative=0x0000000000000208
Event: 3.313 Thread 0x00000196af9d8800 Uncommon trap: reason=bimorphic_or_optimized_type_check action=maybe_recompile pc=0x000001969dd1d888 method=java.io.BufferedInputStream.read([BII)I @ 101 c2
Event: 3.313 Thread 0x00000196af9d8800 DEOPT PACKING pc=0x000001969dd1d888 sp=0x0000001ae7ff7480
Event: 3.313 Thread 0x00000196af9d8800 DEOPT UNPACKING pc=0x000001969616a1af sp=0x0000001ae7ff7438 mode 2
Event: 3.545 Thread 0x00000196af9d8800 DEOPT PACKING pc=0x00000196968ad711 sp=0x0000001ae7ff7500
Event: 3.545 Thread 0x00000196af9d8800 DEOPT UNPACKING pc=0x000001969616a95e sp=0x0000001ae7ff69e0 mode 0
Event: 3.650 Thread 0x00000196af9d8800 Uncommon trap: trap_request=0xffffffcc fr.pc=0x000001969dd8dc3c relative=0x000000000000111c
Event: 3.650 Thread 0x00000196af9d8800 Uncommon trap: reason=intrinsic_or_type_checked_inlining action=make_not_entrant pc=0x000001969dd8dc3c method=java.util.ArrayList.toArray([Ljava/lang/Object;)[Ljava/lang/Object; @ 36 c2
Event: 3.650 Thread 0x00000196af9d8800 DEOPT PACKING pc=0x000001969dd8dc3c sp=0x0000001ae7ff5170
Event: 3.650 Thread 0x00000196af9d8800 DEOPT UNPACKING pc=0x000001969616a1af sp=0x0000001ae7ff50d0 mode 2
Event: 3.716 Thread 0x00000196af9d8800 Uncommon trap: trap_request=0xffffff4d fr.pc=0x000001969dd59cb0 relative=0x0000000000000290
Event: 3.716 Thread 0x00000196af9d8800 Uncommon trap: reason=unstable_if action=reinterpret pc=0x000001969dd59cb0 method=jdk.internal.org.objectweb.asm.Type.getArgumentsAndReturnSizes(Ljava/lang/String;)I @ 136 c2
Event: 3.716 Thread 0x00000196af9d8800 DEOPT PACKING pc=0x000001969dd59cb0 sp=0x0000001ae7ff4330
Event: 3.716 Thread 0x00000196af9d8800 DEOPT UNPACKING pc=0x000001969616a1af sp=0x0000001ae7ff42c8 mode 2
Event: 3.726 Thread 0x00000196af9d8800 Uncommon trap: trap_request=0xffffff5c fr.pc=0x000001969dc8bd44 relative=0x0000000000000e84
Event: 3.726 Thread 0x00000196af9d8800 Uncommon trap: reason=speculate_null_assert action=make_not_entrant pc=0x000001969dc8bd44 method=jdk.internal.loader.URLClassPath$JarLoader.getResource(Ljava/lang/String;ZLjava/util/Set;)Ljdk/internal/loader/Resource; @ 17 c2
Event: 3.726 Thread 0x00000196af9d8800 DEOPT PACKING pc=0x000001969dc8bd44 sp=0x0000001ae7ff30d0
Event: 3.726 Thread 0x00000196af9d8800 DEOPT UNPACKING pc=0x000001969616a1af sp=0x0000001ae7ff3078 mode 2

Classes redefined (0 events):
No events

Internal exceptions (20 events):
Event: 2.966 Thread 0x00000196af9d8800 Exception <a 'java/lang/NoSuchMethodError'{0x00000000854f42d0}: 'java.lang.Object java.lang.invoke.Invokers$Holder.linkToTargetMethod(java.lang.Object, java.lang.Object, java.lang.Object, java.lang.Object, java.lang.Object, java.lang.Object, java.lang.Object, java.lang.Object, java.lang.Object, java.lang.Object, java.lang.Object, java.lang.Object)'> (0x00000000854f42d0) thrown at [./src/hotspot/share/interpreter/linkResolver.cpp, line 773]
Event: 2.976 Thread 0x00000196af9d8800 Exception <a 'java/lang/NoSuchMethodError'{0x00000000853e00b8}: 'java.lang.Object java.lang.invoke.DirectMethodHandle$Holder.invokeStaticInit(java.lang.Object, java.lang.Object, java.lang.Object, java.lang.Object)'> (0x00000000853e00b8) thrown at [./src/hotspot/share/interpreter/linkResolver.cpp, line 773]
Event: 3.036 Thread 0x00000196af9d8800 Exception <a 'java/lang/NoSuchMethodError'{0x0000000084aa9368}: 'java.lang.Object java.lang.invoke.Invokers$Holder.linkToTargetMethod(java.lang.Object, java.lang.Object, java.lang.Object, java.lang.Object, java.lang.Object, java.lang.Object, java.lang.Object, java.lang.Object)'> (0x0000000084aa9368) thrown at [./src/hotspot/share/interpreter/linkResolver.cpp, line 773]
Event: 3.039 Thread 0x00000196af9d8800 Exception <a 'java/lang/NoSuchMethodError'{0x00000000849022c0}: 'java.lang.Object java.lang.invoke.Invokers$Holder.linkToTargetMethod(java.lang.Object, java.lang.Object, java.lang.Object, java.lang.Object, java.lang.Object, java.lang.Object, java.lang.Object)'> (0x00000000849022c0) thrown at [./src/hotspot/share/interpreter/linkResolver.cpp, line 773]
Event: 3.042 Thread 0x00000196af9d8800 Exception <a 'java/lang/IncompatibleClassChangeError'{0x000000008495af98}: Found class java.lang.Object, but interface was expected> (0x000000008495af98) thrown at [./src/hotspot/share/interpreter/linkResolver.cpp, line 839]
Event: 3.221 Thread 0x00000196af9d8800 Exception <a 'java/lang/NoSuchMethodError'{0x000000008779a8f0}: 'int java.lang.invoke.DirectMethodHandle$Holder.invokeStatic(java.lang.Object, java.lang.Object, java.lang.Object, java.lang.Object, java.lang.Object)'> (0x000000008779a8f0) thrown at [./src/hotspot/share/interpreter/linkResolver.cpp, line 773]
Event: 3.373 Thread 0x00000196af9d8800 Exception <a 'java/lang/NoSuchMethodError'{0x000000008703a3d0}: 'void java.lang.invoke.DirectMethodHandle$Holder.invokeStaticInit(java.lang.Object, java.lang.Object, java.lang.Object)'> (0x000000008703a3d0) thrown at [./src/hotspot/share/interpreter/linkResolver.cpp, line 773]
Event: 3.373 Thread 0x00000196af9d8800 Exception <a 'java/lang/NoSuchMethodError'{0x00000000870418d0}: 'void java.lang.invoke.DirectMethodHandle$Holder.invokeStaticInit(java.lang.Object, java.lang.Object, java.lang.Object, java.lang.Object)'> (0x00000000870418d0) thrown at [./src/hotspot/share/interpreter/linkResolver.cpp, line 773]
Event: 3.377 Thread 0x00000196af9d8800 Exception <a 'java/lang/NoSuchMethodError'{0x00000000870642b0}: 'void java.lang.invoke.DirectMethodHandle$Holder.invokeStaticInit(java.lang.Object, java.lang.Object, java.lang.Object, java.lang.Object, java.lang.Object)'> (0x00000000870642b0) thrown at [./src/hotspot/share/interpreter/linkResolver.cpp, line 773]
Event: 3.419 Thread 0x00000196af9d8800 Exception <a 'java/lang/NoSuchMethodError'{0x00000000870dd2c0}: 'int java.lang.invoke.DirectMethodHandle$Holder.invokeStaticInit(java.lang.Object, java.lang.Object, java.lang.Object, java.lang.Object)'> (0x00000000870dd2c0) thrown at [./src/hotspot/share/interpreter/linkResolver.cpp, line 773]
Event: 3.717 Thread 0x00000196af9d8800 Exception <a 'java/lang/NoSuchMethodError'{0x0000000089477668}: 'java.lang.Object java.lang.invoke.DirectMethodHandle$Holder.invokeStatic(java.lang.Object, java.lang.Object, java.lang.Object, java.lang.Object, java.lang.Object, java.lang.Object, java.lang.Object, java.lang.Object, java.lang.Object, java.lang.Object, java.lang.Object, int)'> (0x0000000089477668) thrown at [./src/hotspot/share/interpreter/linkResolver.cpp, line 773]
Event: 3.720 Thread 0x00000196af9d8800 Exception <a 'java/lang/NoSuchMethodError'{0x00000000894b9a68}: 'java.lang.Object java.lang.invoke.DirectMethodHandle$Holder.invokeStatic(java.lang.Object, java.lang.Object, java.lang.Object, java.lang.Object, java.lang.Object, java.lang.Object, java.lang.Object, java.lang.Object, java.lang.Object, java.lang.Object, java.lang.Object, int, int)'> (0x00000000894b9a68) thrown at [./src/hotspot/share/interpreter/linkResolver.cpp, line 773]
Event: 3.723 Thread 0x00000196af9d8800 Exception <a 'java/lang/NoSuchMethodError'{0x00000000894d97e8}: 'java.lang.Object java.lang.invoke.DirectMethodHandle$Holder.invokeStatic(java.lang.Object, java.lang.Object, java.lang.Object, java.lang.Object, java.lang.Object, java.lang.Object, java.lang.Object, java.lang.Object, java.lang.Object, java.lang.Object, java.lang.Object, int, int, java.lang.Object)'> (0x00000000894d97e8) thrown at [./src/hotspot/share/interpreter/linkResolver.cpp, line 773]
Event: 3.725 Thread 0x00000196af9d8800 Exception <a 'java/lang/NoSuchMethodError'{0x00000000894fae30}: 'java.lang.Object java.lang.invoke.DirectMethodHandle$Holder.invokeStatic(java.lang.Object, java.lang.Object, java.lang.Object, java.lang.Object, java.lang.Object, java.lang.Object, java.lang.Object, java.lang.Object, java.lang.Object, java.lang.Object, java.lang.Object, int, int, java.lang.Object, java.lang.Object)'> (0x00000000894fae30) thrown at [./src/hotspot/share/interpreter/linkResolver.cpp, line 773]
Event: 3.728 Thread 0x00000196af9d8800 Exception <a 'java/lang/ClassNotFoundException'{0x000000008932c8a0}: groovy/lang/ExpandoMetaClassBeanInfo> (0x000000008932c8a0) thrown at [./src/hotspot/share/classfile/systemDictionary.cpp, line 231]
Event: 3.729 Thread 0x00000196af9d8800 Exception <a 'java/lang/ClassNotFoundException'{0x000000008934e0a0}: groovy/lang/MetaClassImplBeanInfo> (0x000000008934e0a0) thrown at [./src/hotspot/share/classfile/systemDictionary.cpp, line 231]
Event: 3.729 Thread 0x00000196af9d8800 Exception <a 'java/lang/ClassNotFoundException'{0x0000000089357f48}: java/lang/ObjectBeanInfo> (0x0000000089357f48) thrown at [./src/hotspot/share/classfile/systemDictionary.cpp, line 231]
Event: 3.730 Thread 0x00000196af9d8800 Exception <a 'java/lang/ClassNotFoundException'{0x0000000089364248}: java/lang/ObjectCustomizer> (0x0000000089364248) thrown at [./src/hotspot/share/classfile/systemDictionary.cpp, line 231]
Event: 3.738 Thread 0x00000196af9d8800 Exception <a 'java/lang/ClassNotFoundException'{0x000000008938ca48}: groovy/lang/MetaClassImplCustomizer> (0x000000008938ca48) thrown at [./src/hotspot/share/classfile/systemDictionary.cpp, line 231]
Event: 3.741 Thread 0x00000196af9d8800 Exception <a 'java/lang/ClassNotFoundException'{0x00000000893cdc40}: groovy/lang/ExpandoMetaClassCustomizer> (0x00000000893cdc40) thrown at [./src/hotspot/share/classfile/systemDictionary.cpp, line 231]

Events (20 events):
Event: 3.761 loading class org/codehaus/groovy/ast/stmt/WhileStatement
Event: 3.761 loading class org/codehaus/groovy/ast/stmt/WhileStatement done
Event: 3.761 loading class org/codehaus/groovy/ast/stmt/SwitchStatement
Event: 3.761 loading class org/codehaus/groovy/ast/stmt/SwitchStatement done
Event: 3.761 loading class org/codehaus/groovy/ast/stmt/ForStatement
Event: 3.761 loading class org/codehaus/groovy/ast/stmt/ForStatement done
Event: 3.762 loading class org/codehaus/groovy/ast/stmt/IfStatement
Event: 3.762 loading class org/codehaus/groovy/ast/stmt/IfStatement done
Event: 3.762 loading class org/codehaus/groovy/ast/stmt/CaseStatement
Event: 3.762 loading class org/codehaus/groovy/ast/stmt/CaseStatement done
Event: 3.762 loading class org/codehaus/groovy/ast/stmt/BlockStatement
Event: 3.762 loading class org/codehaus/groovy/ast/stmt/BlockStatement done
Event: 3.763 loading class org/codehaus/groovy/ast/stmt/BreakStatement
Event: 3.763 loading class org/codehaus/groovy/ast/stmt/BreakStatement done
Event: 3.768 loading class org/codehaus/groovy/ast/stmt/ThrowStatement
Event: 3.768 loading class org/codehaus/groovy/ast/stmt/ThrowStatement done
Event: 3.769 loading class org/codehaus/groovy/ast/stmt/TryCatchStatement
Event: 3.769 loading class org/codehaus/groovy/ast/stmt/TryCatchStatement done
Event: 3.770 loading class org/codehaus/groovy/ast/stmt/SynchronizedStatement
Event: 3.770 loading class org/codehaus/groovy/ast/stmt/SynchronizedStatement done


Dynamic libraries:
0x00007ff720fd0000 - 0x00007ff720fda000 	C:\Program Files\Android\Android Studio\jre\bin\java.exe
0x00007fff35770000 - 0x00007fff35968000 	C:\WINDOWS\SYSTEM32\ntdll.dll
0x00007fff344a0000 - 0x00007fff3455f000 	C:\WINDOWS\System32\KERNEL32.DLL
0x00007fff32f00000 - 0x00007fff331da000 	C:\WINDOWS\System32\KERNELBASE.dll
0x00007fff333f0000 - 0x00007fff334f0000 	C:\WINDOWS\System32\ucrtbase.dll
0x00007fff2db60000 - 0x00007fff2db79000 	C:\Program Files\Android\Android Studio\jre\bin\jli.dll
0x00007fff2d450000 - 0x00007fff2d467000 	C:\Program Files\Android\Android Studio\jre\bin\VCRUNTIME140.dll
0x00007fff33e90000 - 0x00007fff3402d000 	C:\WINDOWS\System32\USER32.dll
0x00007fff1a4a0000 - 0x00007fff1a73a000 	C:\WINDOWS\WinSxS\amd64_microsoft.windows.common-controls_6595b64144ccf1df_6.0.19041.1110_none_60b5254171f9507e\COMCTL32.dll
0x00007fff32e80000 - 0x00007fff32ea2000 	C:\WINDOWS\System32\win32u.dll
0x00007fff33a30000 - 0x00007fff33a5b000 	C:\WINDOWS\System32\GDI32.dll
0x00007fff347f0000 - 0x00007fff3488e000 	C:\WINDOWS\System32\msvcrt.dll
0x00007fff33650000 - 0x00007fff33760000 	C:\WINDOWS\System32\gdi32full.dll
0x00007fff33210000 - 0x00007fff332ad000 	C:\WINDOWS\System32\msvcp_win.dll
0x00007fff33a60000 - 0x00007fff33a90000 	C:\WINDOWS\System32\IMM32.DLL
0x00007fff2baf0000 - 0x00007fff2bb8d000 	C:\Program Files\Android\Android Studio\jre\bin\msvcp140.dll
0x00007ffecde20000 - 0x00007ffece922000 	C:\Program Files\Android\Android Studio\jre\bin\server\jvm.dll
0x00007fff348f0000 - 0x00007fff3499e000 	C:\WINDOWS\System32\ADVAPI32.dll
0x00007fff34730000 - 0x00007fff347cc000 	C:\WINDOWS\System32\sechost.dll
0x00007fff33a90000 - 0x00007fff33bb6000 	C:\WINDOWS\System32\RPCRT4.dll
0x00007fff33e20000 - 0x00007fff33e28000 	C:\WINDOWS\System32\PSAPI.DLL
0x00007fff2a1b0000 - 0x00007fff2a1b9000 	C:\WINDOWS\SYSTEM32\WSOCK32.dll
0x00007fff1faa0000 - 0x00007fff1fac7000 	C:\WINDOWS\SYSTEM32\WINMM.dll
0x00007fff34f70000 - 0x00007fff34fdb000 	C:\WINDOWS\System32\WS2_32.dll
0x00007fff2c970000 - 0x00007fff2c97a000 	C:\WINDOWS\SYSTEM32\VERSION.dll
0x00007fff31700000 - 0x00007fff31712000 	C:\WINDOWS\SYSTEM32\kernel.appcore.dll
0x00007fff1b290000 - 0x00007fff1b2a1000 	C:\Program Files\Android\Android Studio\jre\bin\verify.dll
0x00007fff30c40000 - 0x00007fff30e24000 	C:\WINDOWS\SYSTEM32\DBGHELP.DLL
0x00007fff14bf0000 - 0x00007fff14c24000 	C:\WINDOWS\SYSTEM32\dbgcore.DLL
0x00007fff332b0000 - 0x00007fff33332000 	C:\WINDOWS\System32\bcryptPrimitives.dll
0x00007fff1b260000 - 0x00007fff1b289000 	C:\Program Files\Android\Android Studio\jre\bin\java.dll
0x00007fff281a0000 - 0x00007fff281ab000 	C:\Program Files\Android\Android Studio\jre\bin\jimage.dll
0x00007fff19af0000 - 0x00007fff19b08000 	C:\Program Files\Android\Android Studio\jre\bin\zip.dll
0x00007fff34fe0000 - 0x00007fff35724000 	C:\WINDOWS\System32\SHELL32.dll
0x00007fff30e30000 - 0x00007fff315c3000 	C:\WINDOWS\SYSTEM32\windows.storage.dll
0x00007fff34ae0000 - 0x00007fff34e34000 	C:\WINDOWS\System32\combase.dll
0x00007fff32870000 - 0x00007fff3289e000 	C:\WINDOWS\SYSTEM32\Wldp.dll
0x00007fff34a30000 - 0x00007fff34add000 	C:\WINDOWS\System32\SHCORE.dll
0x00007fff33e30000 - 0x00007fff33e85000 	C:\WINDOWS\System32\shlwapi.dll
0x00007fff32dc0000 - 0x00007fff32ddf000 	C:\WINDOWS\SYSTEM32\profapi.dll
0x00007fff17490000 - 0x00007fff174aa000 	C:\Program Files\Android\Android Studio\jre\bin\net.dll
0x00007fff29730000 - 0x00007fff2983a000 	C:\WINDOWS\SYSTEM32\WINHTTP.dll
0x00007fff32560000 - 0x00007fff325ca000 	C:\WINDOWS\system32\mswsock.dll
0x00007fff17470000 - 0x00007fff17484000 	C:\Program Files\Android\Android Studio\jre\bin\nio.dll
0x00007fff2ceb0000 - 0x00007fff2ced7000 	C:\Users\PARTH\.gradle\native\e1d6ef7f7dcc3fd88c89a11ec53ec762bb8ba0a96d01ffa2cd45eb1d1d8dd5c5\windows-amd64\native-platform.dll
0x00007fff25a60000 - 0x00007fff25ba4000 	C:\Users\PARTH\.gradle\native\0d407fdbe67a94daf76414ababcb853783967236a71b16ec16e742cd7a986fd3\windows-amd64\native-platform-file-events.dll
0x00007fff0e0a0000 - 0x00007fff0e0aa000 	C:\Program Files\Android\Android Studio\jre\bin\management.dll
0x00007fff0e090000 - 0x00007fff0e09d000 	C:\Program Files\Android\Android Studio\jre\bin\management_ext.dll
0x00007fff327c0000 - 0x00007fff327d8000 	C:\WINDOWS\SYSTEM32\CRYPTSP.dll
0x00007fff31e80000 - 0x00007fff31eb4000 	C:\WINDOWS\system32\rsaenh.dll
0x00007fff331e0000 - 0x00007fff33207000 	C:\WINDOWS\System32\bcrypt.dll
0x00007fff32d40000 - 0x00007fff32d6e000 	C:\WINDOWS\SYSTEM32\USERENV.dll
0x00007fff327e0000 - 0x00007fff327ec000 	C:\WINDOWS\SYSTEM32\CRYPTBASE.dll
0x00007fff32250000 - 0x00007fff3228c000 	C:\WINDOWS\SYSTEM32\IPHLPAPI.DLL
0x00007fff337d0000 - 0x00007fff337d8000 	C:\WINDOWS\System32\NSI.dll
0x00007fff2aef0000 - 0x00007fff2af07000 	C:\WINDOWS\SYSTEM32\dhcpcsvc6.DLL
0x00007fff2b2e0000 - 0x00007fff2b2fd000 	C:\WINDOWS\SYSTEM32\dhcpcsvc.DLL
0x00007fff32290000 - 0x00007fff3235b000 	C:\WINDOWS\SYSTEM32\DNSAPI.dll

dbghelp: loaded successfully - version: 4.0.5 - missing functions: none
symbol engine: initialized successfully - sym options: 0x614 - pdb path: .;C:\Program Files\Android\Android Studio\jre\bin;C:\WINDOWS\SYSTEM32;C:\WINDOWS\WinSxS\amd64_microsoft.windows.common-controls_6595b64144ccf1df_6.0.19041.1110_none_60b5254171f9507e;C:\Program Files\Android\Android Studio\jre\bin\server;C:\Users\PARTH\.gradle\native\e1d6ef7f7dcc3fd88c89a11ec53ec762bb8ba0a96d01ffa2cd45eb1d1d8dd5c5\windows-amd64;C:\Users\PARTH\.gradle\native\0d407fdbe67a94daf76414ababcb853783967236a71b16ec16e742cd7a986fd3\windows-amd64

VM Arguments:
jvm_args: --add-opens=java.base/java.util=ALL-UNNAMED --add-opens=java.base/java.lang=ALL-UNNAMED --add-opens=java.base/java.lang.invoke=ALL-UNNAMED --add-opens=java.base/java.util=ALL-UNNAMED --add-opens=java.prefs/java.util.prefs=ALL-UNNAMED --add-opens=java.prefs/java.util.prefs=ALL-UNNAMED --add-opens=java.base/java.nio.charset=ALL-UNNAMED --add-opens=java.base/java.net=ALL-UNNAMED --add-opens=java.base/java.util.concurrent.atomic=ALL-UNNAMED -Xmx2048m -Dfile.encoding=UTF-8 -Duser.country=US -Duser.language=en -Duser.variant 
java_command: org.gradle.launcher.daemon.bootstrap.GradleDaemon 7.4
java_class_path (initial): C:\Users\PARTH\.gradle\wrapper\dists\gradle-7.4-bin\c0gwcg53nkjbqw7r0h0umtfvt\gradle-7.4\lib\gradle-launcher-7.4.jar
Launcher Type: SUN_STANDARD

[Global flags]
     intx CICompilerCount                          = 4                                         {product} {ergonomic}
     uint ConcGCThreads                            = 2                                         {product} {ergonomic}
     uint G1ConcRefinementThreads                  = 8                                         {product} {ergonomic}
   size_t G1HeapRegionSize                         = 1048576                                   {product} {ergonomic}
    uintx GCDrainStackTargetSize                   = 64                                        {product} {ergonomic}
   size_t InitialHeapSize                          = 134217728                                 {product} {ergonomic}
   size_t MarkStackSize                            = 4194304                                   {product} {ergonomic}
   size_t MaxHeapSize                              = 2147483648                                {product} {command line}
   size_t MaxNewSize                               = 1287651328                                {product} {ergonomic}
   size_t MinHeapDeltaBytes                        = 1048576                                   {product} {ergonomic}
    uintx NonNMethodCodeHeapSize                   = 5836300                                {pd product} {ergonomic}
    uintx NonProfiledCodeHeapSize                  = 122910970                              {pd product} {ergonomic}
    uintx ProfiledCodeHeapSize                     = 122910970                              {pd product} {ergonomic}
    uintx ReservedCodeCacheSize                    = 251658240                              {pd product} {ergonomic}
     bool SegmentedCodeCache                       = true                                      {product} {ergonomic}
     bool UseCompressedClassPointers               = true                                 {lp64_product} {ergonomic}
     bool UseCompressedOops                        = true                                 {lp64_product} {ergonomic}
     bool UseG1GC                                  = true                                      {product} {ergonomic}
     bool UseLargePagesIndividualAllocation        = false                                  {pd product} {ergonomic}

Logging:
Log output configuration:
 #0: stdout all=warning uptime,level,tags
 #1: stderr all=off uptime,level,tags

Environment Variables:
PATH=C:\Program Files\Common Files\Oracle\Java\javapath;C:\WINDOWS\system32;C:\WINDOWS;C:\WINDOWS\System32\Wbem;C:\WINDOWS\System32\WindowsPowerShell\v1.0\;C:\WINDOWS\System32\OpenSSH\;C:\Program Files\NVIDIA Corporation\NVIDIA NvDLISR;C:\Program Files (x86)\NVIDIA Corporation\PhysX\Common;C:\Program Files\Git\cmd;C:\Users\PARTH\AppData\Local\Microsoft\WindowsApps;;C:\Users\PARTH\AppData\Local\Programs\Microsoft VS Code\bin
USERNAME=PARTH
OS=Windows_NT
PROCESSOR_IDENTIFIER=Intel64 Family 6 Model 165 Stepping 2, GenuineIntel



---------------  S Y S T E M  ---------------

OS: Windows 10 , 64 bit Build 19041 (10.0.19041.2788)
OS uptime: 5 days 7:48 hours

CPU:total 8 (initial active 8) (4 cores per cpu, 2 threads per core) family 6 model 165 stepping 2 microcode 0xf0, cmov, cx8, fxsr, mmx, sse, sse2, sse3, ssse3, sse4.1, sse4.2, popcnt, avx, avx2, aes, clmul, erms, 3dnowpref, lzcnt, ht, tsc, tscinvbit, bmi1, bmi2, adx, fma

Memory: 4k page, system-wide physical 8099M (799M free)
TotalPageFile size 21724M (AvailPageFile size 6M)
current process WorkingSet (physical memory assigned to process): 294M, peak: 296M
current process commit charge ("private bytes"): 350M, peak: 354M

vm_info: OpenJDK 64-Bit Server VM (11.0.13+0-b1751.21-8125866) for windows-amd64 JRE (11.0.13+0-b1751.21-8125866), built on Feb  2 2022 03:00:22 by "builder" with MS VC++ 14.0 (VS2015)

END.
